This file contains any messages produced by compilers while
running configure, to aid debugging if configure makes a mistake.

It was created by libunwind configure 1.1, which was
generated by GNU Autoconf 2.69.  Invocation command line was

  $ ./configure --prefix=/mnt/c/Github/metal/ct/install --disable-minidebuginfo --disable-shared --enable-static CXXFLAGS=-fPIC CFLAGS=-fPIC

## --------- ##
## Platform. ##
## --------- ##

hostname = LAPTOP-U0EVOPHL
uname -m = x86_64
uname -r = 4.4.0-17134-Microsoft
uname -s = Linux
uname -v = #345-Microsoft Wed Sep 19 17:47:00 PST 2018

/usr/bin/uname -p = unknown
/bin/uname -X     = unknown

/bin/arch              = unknown
/usr/bin/arch -k       = unknown
/usr/convex/getsysinfo = unknown
/usr/bin/hostinfo      = unknown
/bin/machine           = unknown
/usr/bin/oslevel       = unknown
/bin/universe          = unknown

PATH: /home/vphan/.opam/4.06.0/bin
PATH: /home/vphan/bin
PATH: /home/vphan/.local/bin
PATH: /usr/local/sbin
PATH: /usr/local/bin
PATH: /usr/sbin
PATH: /usr/bin
PATH: /sbin
PATH: /bin
PATH: /usr/games
PATH: /usr/local/games
PATH: /mnt/c/Program Files (x86)/Common Files/Oracle/Java/javapath_target_638078
PATH: /mnt/c/ProgramData/Oracle/Java/javapath_target_668250
PATH: /mnt/c/Windows/System32
PATH: /mnt/c/Windows
PATH: /mnt/c/Windows/System32/wbem
PATH: /mnt/c/Windows/System32/WindowsPowerShell/v1.0
PATH: /mnt/c/Windows/System32/OpenSSH
PATH: /mnt/c/Users/vphan/AppData/Local/Microsoft/WindowsApps
PATH: /mnt/c/Program Files (x86)/Nmap
PATH: /mnt/c/Github/depot_tools


## ----------- ##
## Core tests. ##
## ----------- ##

configure:2827: checking build system type
configure:2841: result: x86_64-pc-linux-gnu
configure:2861: checking host system type
configure:2874: result: x86_64-pc-linux-gnu
configure:2894: checking target system type
configure:2907: result: x86_64-pc-linux-gnu
configure:2949: checking for a BSD-compatible install
configure:3017: result: /usr/bin/install -c
configure:3028: checking whether build environment is sane
configure:3083: result: yes
configure:3234: checking for a thread-safe mkdir -p
configure:3273: result: /bin/mkdir -p
configure:3280: checking for gawk
configure:3296: found /usr/bin/gawk
configure:3307: result: gawk
configure:3318: checking whether make sets $(MAKE)
configure:3340: result: yes
configure:3369: checking whether make supports nested variables
configure:3386: result: yes
configure:3513: checking whether to enable maintainer-specific portions of Makefiles
configure:3522: result: no
configure:3586: checking for gcc
configure:3613: result: clang
configure:3842: checking for C compiler version
configure:3851: clang --version >&5
clang version 3.8.0-2ubuntu4 (tags/RELEASE_380/final)
Target: x86_64-pc-linux-gnu
Thread model: posix
InstalledDir: /usr/bin
configure:3862: $? = 0
configure:3851: clang -v >&5
clang version 3.8.0-2ubuntu4 (tags/RELEASE_380/final)
Target: x86_64-pc-linux-gnu
Thread model: posix
InstalledDir: /usr/bin
Found candidate GCC installation: /usr/bin/../lib/gcc/x86_64-linux-gnu/5.4.0
Found candidate GCC installation: /usr/bin/../lib/gcc/x86_64-linux-gnu/6.0.0
Found candidate GCC installation: /usr/lib/gcc/x86_64-linux-gnu/5.4.0
Found candidate GCC installation: /usr/lib/gcc/x86_64-linux-gnu/6.0.0
Selected GCC installation: /usr/bin/../lib/gcc/x86_64-linux-gnu/5.4.0
Candidate multilib: .;@m64
... rest of stderr output deleted ...
configure:3862: $? = 0
configure:3851: clang -V >&5
clang: error: argument to '-V' is missing (expected 1 value)
clang: error: no input files
configure:3862: $? = 1
configure:3851: clang -qversion >&5
clang: error: unknown argument: '-qversion'
clang: error: no input files
configure:3862: $? = 1
configure:3882: checking whether the C compiler works
configure:3904: clang -fPIC   conftest.c  >&5
configure:3908: $? = 0
configure:3956: result: yes
configure:3959: checking for C compiler default output file name
configure:3961: result: a.out
configure:3967: checking for suffix of executables
configure:3974: clang -o conftest -fPIC   conftest.c  >&5
configure:3978: $? = 0
configure:4000: result: 
configure:4022: checking whether we are cross compiling
configure:4030: clang -o conftest -fPIC   conftest.c  >&5
configure:4034: $? = 0
configure:4041: ./conftest
configure:4045: $? = 0
configure:4060: result: no
configure:4065: checking for suffix of object files
configure:4087: clang -c -fPIC  conftest.c >&5
configure:4091: $? = 0
configure:4112: result: o
configure:4116: checking whether we are using the GNU C compiler
configure:4135: clang -c -fPIC  conftest.c >&5
configure:4135: $? = 0
configure:4144: result: yes
configure:4153: checking whether clang accepts -g
configure:4173: clang -c -g  conftest.c >&5
configure:4173: $? = 0
configure:4214: result: yes
configure:4231: checking for clang option to accept ISO C89
configure:4294: clang  -c -fPIC  conftest.c >&5
configure:4294: $? = 0
configure:4307: result: none needed
configure:4332: checking whether clang understands -c and -o together
configure:4354: clang -c conftest.c -o conftest2.o
configure:4357: $? = 0
configure:4354: clang -c conftest.c -o conftest2.o
configure:4357: $? = 0
configure:4369: result: yes
configure:4397: checking for style of include used by make
configure:4425: result: GNU
configure:4451: checking dependency style of clang
configure:4562: result: gcc3
configure:4689: checking for C++ compiler version
configure:4698: clang++ --version >&5
clang version 3.8.0-2ubuntu4 (tags/RELEASE_380/final)
Target: x86_64-pc-linux-gnu
Thread model: posix
InstalledDir: /usr/bin
configure:4709: $? = 0
configure:4698: clang++ -v >&5
clang version 3.8.0-2ubuntu4 (tags/RELEASE_380/final)
Target: x86_64-pc-linux-gnu
Thread model: posix
InstalledDir: /usr/bin
Found candidate GCC installation: /usr/bin/../lib/gcc/x86_64-linux-gnu/5.4.0
Found candidate GCC installation: /usr/bin/../lib/gcc/x86_64-linux-gnu/6.0.0
Found candidate GCC installation: /usr/lib/gcc/x86_64-linux-gnu/5.4.0
Found candidate GCC installation: /usr/lib/gcc/x86_64-linux-gnu/6.0.0
Selected GCC installation: /usr/bin/../lib/gcc/x86_64-linux-gnu/5.4.0
Candidate multilib: .;@m64
... rest of stderr output deleted ...
configure:4709: $? = 0
configure:4698: clang++ -V >&5
clang: error: argument to '-V' is missing (expected 1 value)
clang: error: no input files
configure:4709: $? = 1
configure:4698: clang++ -qversion >&5
clang: error: unknown argument: '-qversion'
clang: error: no input files
configure:4709: $? = 1
configure:4713: checking whether we are using the GNU C++ compiler
configure:4732: clang++ -c -fPIC  conftest.cpp >&5
configure:4732: $? = 0
configure:4741: result: yes
configure:4750: checking whether clang++ accepts -g
configure:4770: clang++ -c -g  conftest.cpp >&5
configure:4770: $? = 0
configure:4811: result: yes
configure:4836: checking dependency style of clang++
configure:4947: result: gcc3
configure:4963: checking whether make sets $(MAKE)
configure:4985: result: yes
configure:5040: checking how to print strings
configure:5067: result: printf
configure:5088: checking for a sed that does not truncate output
configure:5152: result: /bin/sed
configure:5170: checking for grep that handles long lines and -e
configure:5228: result: /bin/grep
configure:5233: checking for egrep
configure:5295: result: /bin/grep -E
configure:5300: checking for fgrep
configure:5362: result: /bin/grep -F
configure:5397: checking for ld used by clang
configure:5464: result: /usr/bin/ld
configure:5471: checking if the linker (/usr/bin/ld) is GNU ld
configure:5486: result: yes
configure:5498: checking for BSD- or MS-compatible name lister (nm)
configure:5552: result: /usr/bin/nm -B
configure:5682: checking the name lister (/usr/bin/nm -B) interface
configure:5689: clang -c -fPIC  conftest.c >&5
configure:5692: /usr/bin/nm -B "conftest.o"
configure:5695: output
0000000000000000 B some_variable
configure:5702: result: BSD nm
configure:5705: checking whether ln -s works
configure:5709: result: yes
configure:5717: checking the maximum length of command line arguments
configure:5848: result: 1572864
configure:5896: checking how to convert x86_64-pc-linux-gnu file names to x86_64-pc-linux-gnu format
configure:5936: result: func_convert_file_noop
configure:5943: checking how to convert x86_64-pc-linux-gnu file names to toolchain format
configure:5963: result: func_convert_file_noop
configure:5970: checking for /usr/bin/ld option to reload object files
configure:5977: result: -r
configure:6051: checking for objdump
configure:6067: found /usr/bin/objdump
configure:6078: result: objdump
configure:6110: checking how to recognize dependent libraries
configure:6310: result: pass_all
configure:6395: checking for dlltool
configure:6425: result: no
configure:6455: checking how to associate runtime and link libraries
configure:6482: result: printf %s\n
configure:6543: checking for ar
configure:6559: found /usr/bin/ar
configure:6570: result: ar
configure:6607: checking for archiver @FILE support
configure:6624: clang -c -fPIC  conftest.c >&5
configure:6624: $? = 0
configure:6627: ar cru libconftest.a @conftest.lst >&5
ar: `u' modifier ignored since `D' is the default (see `U')
configure:6630: $? = 0
configure:6635: ar cru libconftest.a @conftest.lst >&5
ar: `u' modifier ignored since `D' is the default (see `U')
ar: conftest.o: No such file or directory
configure:6638: $? = 1
configure:6650: result: @
configure:6708: checking for strip
configure:6724: found /usr/bin/strip
configure:6735: result: strip
configure:6807: checking for ranlib
configure:6823: found /usr/bin/ranlib
configure:6834: result: ranlib
configure:6936: checking command to parse /usr/bin/nm -B output from clang object
configure:7089: clang -c -fPIC  conftest.c >&5
configure:7092: $? = 0
configure:7096: /usr/bin/nm -B conftest.o \| sed -n -e 's/^.*[ ]\([ABCDGIRSTW][ABCDGIRSTW]*\)[ ][ ]*\([_A-Za-z][_A-Za-z0-9]*\)$/\1 \2 \2/p' | sed '/ __gnu_lto/d' \> conftest.nm
configure:7099: $? = 0
configure:7165: clang -o conftest -fPIC   conftest.c conftstm.o >&5
configure:7168: $? = 0
configure:7206: result: ok
configure:7253: checking for sysroot
configure:7283: result: no
configure:7290: checking for a working dd
configure:7328: result: /bin/dd
configure:7332: checking how to truncate binary pipes
configure:7347: result: /bin/dd bs=4096 count=1
configure:7483: clang -c -fPIC  conftest.c >&5
configure:7486: $? = 0
configure:7676: checking for mt
configure:7692: found /bin/mt
configure:7703: result: mt
configure:7726: checking if mt is a manifest tool
configure:7732: mt '-?'
configure:7740: result: no
configure:8417: checking how to run the C preprocessor
configure:8448: clang -E  conftest.c
configure:8448: $? = 0
configure:8462: clang -E  conftest.c
conftest.c:11:10: fatal error: 'ac_nonexistent.h' file not found
#include <ac_nonexistent.h>
         ^
1 error generated.
configure:8462: $? = 1
configure: failed program was:
| /* confdefs.h */
| #define PACKAGE_NAME "libunwind"
| #define PACKAGE_TARNAME "libunwind"
| #define PACKAGE_VERSION "1.1"
| #define PACKAGE_STRING "libunwind 1.1"
| #define PACKAGE_BUGREPORT "libunwind-devel@nongnu.org"
| #define PACKAGE_URL ""
| #define PACKAGE "libunwind"
| #define VERSION "1.1"
| /* end confdefs.h.  */
| #include <ac_nonexistent.h>
configure:8487: result: clang -E
configure:8507: clang -E  conftest.c
configure:8507: $? = 0
configure:8521: clang -E  conftest.c
conftest.c:11:10: fatal error: 'ac_nonexistent.h' file not found
#include <ac_nonexistent.h>
         ^
1 error generated.
configure:8521: $? = 1
configure: failed program was:
| /* confdefs.h */
| #define PACKAGE_NAME "libunwind"
| #define PACKAGE_TARNAME "libunwind"
| #define PACKAGE_VERSION "1.1"
| #define PACKAGE_STRING "libunwind 1.1"
| #define PACKAGE_BUGREPORT "libunwind-devel@nongnu.org"
| #define PACKAGE_URL ""
| #define PACKAGE "libunwind"
| #define VERSION "1.1"
| /* end confdefs.h.  */
| #include <ac_nonexistent.h>
configure:8550: checking for ANSI C header files
configure:8570: clang -c -fPIC  conftest.c >&5
configure:8570: $? = 0
configure:8643: clang -o conftest -fPIC   conftest.c  >&5
configure:8643: $? = 0
configure:8643: ./conftest
configure:8643: $? = 0
configure:8654: result: yes
configure:8667: checking for sys/types.h
configure:8667: clang -c -fPIC  conftest.c >&5
configure:8667: $? = 0
configure:8667: result: yes
configure:8667: checking for sys/stat.h
configure:8667: clang -c -fPIC  conftest.c >&5
configure:8667: $? = 0
configure:8667: result: yes
configure:8667: checking for stdlib.h
configure:8667: clang -c -fPIC  conftest.c >&5
configure:8667: $? = 0
configure:8667: result: yes
configure:8667: checking for string.h
configure:8667: clang -c -fPIC  conftest.c >&5
configure:8667: $? = 0
configure:8667: result: yes
configure:8667: checking for memory.h
configure:8667: clang -c -fPIC  conftest.c >&5
configure:8667: $? = 0
configure:8667: result: yes
configure:8667: checking for strings.h
configure:8667: clang -c -fPIC  conftest.c >&5
configure:8667: $? = 0
configure:8667: result: yes
configure:8667: checking for inttypes.h
configure:8667: clang -c -fPIC  conftest.c >&5
configure:8667: $? = 0
configure:8667: result: yes
configure:8667: checking for stdint.h
configure:8667: clang -c -fPIC  conftest.c >&5
configure:8667: $? = 0
configure:8667: result: yes
configure:8667: checking for unistd.h
configure:8667: clang -c -fPIC  conftest.c >&5
configure:8667: $? = 0
configure:8667: result: yes
configure:8681: checking for dlfcn.h
configure:8681: clang -c -fPIC  conftest.c >&5
configure:8681: $? = 0
configure:8681: result: yes
configure:8948: checking for objdir
configure:8963: result: .libs
configure:9223: checking if clang supports -fno-rtti -fno-exceptions
configure:9241: clang -c -fPIC  -fno-rtti -fno-exceptions conftest.c >&5
configure:9245: $? = 0
configure:9258: result: yes
configure:9616: checking for clang option to produce PIC
configure:9623: result: -fPIC -DPIC
configure:9631: checking if clang PIC flag -fPIC -DPIC works
configure:9649: clang -c -fPIC  -fPIC -DPIC -DPIC conftest.c >&5
configure:9653: $? = 0
configure:9666: result: yes
configure:9695: checking if clang static flag -static works
configure:9723: result: yes
configure:9738: checking if clang supports -c -o file.o
configure:9759: clang -c -fPIC  -o out/conftest2.o conftest.c >&5
configure:9763: $? = 0
configure:9785: result: yes
configure:9793: checking if clang supports -c -o file.o
configure:9840: result: yes
configure:9873: checking whether the clang linker (/usr/bin/ld -m elf_x86_64) supports shared libraries
configure:11136: result: yes
configure:11376: checking dynamic linker characteristics
configure:11957: clang -o conftest -fPIC   -Wl,-rpath -Wl,/foo conftest.c  >&5
configure:11957: $? = 0
configure:12206: result: GNU/Linux ld.so
configure:12328: checking how to hardcode library paths into programs
configure:12353: result: immediate
configure:12901: checking whether stripping libraries is possible
configure:12906: result: yes
configure:12941: checking if libtool supports shared libraries
configure:12943: result: yes
configure:12946: checking whether to build shared libraries
configure:12971: result: no
configure:12974: checking whether to build static libraries
configure:12978: result: yes
configure:13001: checking how to run the C++ preprocessor
configure:13028: clang++ -E  conftest.cpp
configure:13028: $? = 0
configure:13042: clang++ -E  conftest.cpp
conftest.cpp:23:10: fatal error: 'ac_nonexistent.h' file not found
#include <ac_nonexistent.h>
         ^
1 error generated.
configure:13042: $? = 1
configure: failed program was:
| /* confdefs.h */
| #define PACKAGE_NAME "libunwind"
| #define PACKAGE_TARNAME "libunwind"
| #define PACKAGE_VERSION "1.1"
| #define PACKAGE_STRING "libunwind 1.1"
| #define PACKAGE_BUGREPORT "libunwind-devel@nongnu.org"
| #define PACKAGE_URL ""
| #define PACKAGE "libunwind"
| #define VERSION "1.1"
| #define STDC_HEADERS 1
| #define HAVE_SYS_TYPES_H 1
| #define HAVE_SYS_STAT_H 1
| #define HAVE_STDLIB_H 1
| #define HAVE_STRING_H 1
| #define HAVE_MEMORY_H 1
| #define HAVE_STRINGS_H 1
| #define HAVE_INTTYPES_H 1
| #define HAVE_STDINT_H 1
| #define HAVE_UNISTD_H 1
| #define HAVE_DLFCN_H 1
| #define LT_OBJDIR ".libs/"
| /* end confdefs.h.  */
| #include <ac_nonexistent.h>
configure:13067: result: clang++ -E
configure:13087: clang++ -E  conftest.cpp
configure:13087: $? = 0
configure:13101: clang++ -E  conftest.cpp
conftest.cpp:23:10: fatal error: 'ac_nonexistent.h' file not found
#include <ac_nonexistent.h>
         ^
1 error generated.
configure:13101: $? = 1
configure: failed program was:
| /* confdefs.h */
| #define PACKAGE_NAME "libunwind"
| #define PACKAGE_TARNAME "libunwind"
| #define PACKAGE_VERSION "1.1"
| #define PACKAGE_STRING "libunwind 1.1"
| #define PACKAGE_BUGREPORT "libunwind-devel@nongnu.org"
| #define PACKAGE_URL ""
| #define PACKAGE "libunwind"
| #define VERSION "1.1"
| #define STDC_HEADERS 1
| #define HAVE_SYS_TYPES_H 1
| #define HAVE_SYS_STAT_H 1
| #define HAVE_STDLIB_H 1
| #define HAVE_STRING_H 1
| #define HAVE_MEMORY_H 1
| #define HAVE_STRINGS_H 1
| #define HAVE_INTTYPES_H 1
| #define HAVE_STDINT_H 1
| #define HAVE_UNISTD_H 1
| #define HAVE_DLFCN_H 1
| #define LT_OBJDIR ".libs/"
| /* end confdefs.h.  */
| #include <ac_nonexistent.h>
configure:13263: checking for ld used by clang++
configure:13330: result: /usr/bin/ld -m elf_x86_64
configure:13337: checking if the linker (/usr/bin/ld -m elf_x86_64) is GNU ld
configure:13352: result: yes
configure:13407: checking whether the clang++ linker (/usr/bin/ld -m elf_x86_64) supports shared libraries
configure:14480: result: yes
configure:14516: clang++ -c -fPIC  conftest.cpp >&5
configure:14519: $? = 0
configure:15000: checking for clang++ option to produce PIC
configure:15007: result: -fPIC -DPIC
configure:15015: checking if clang++ PIC flag -fPIC -DPIC works
configure:15033: clang++ -c -fPIC  -fPIC -DPIC -DPIC conftest.cpp >&5
configure:15037: $? = 0
configure:15050: result: yes
configure:15073: checking if clang++ static flag -static works
configure:15101: result: yes
configure:15113: checking if clang++ supports -c -o file.o
configure:15134: clang++ -c -fPIC  -o out/conftest2.o conftest.cpp >&5
configure:15138: $? = 0
configure:15160: result: yes
configure:15165: checking if clang++ supports -c -o file.o
configure:15212: result: yes
configure:15242: checking whether the clang++ linker (/usr/bin/ld -m elf_x86_64) supports shared libraries
configure:15285: result: yes
configure:15426: checking dynamic linker characteristics
configure:16183: result: GNU/Linux ld.so
configure:16248: checking how to hardcode library paths into programs
configure:16273: result: immediate
configure:16343: checking dependency style of clang
configure:16452: result: gcc3
configure:16469: checking for __uc_get_grs in -luca
configure:16494: clang -o conftest -fPIC   conftest.c -luca   >&5
/usr/bin/ld: cannot find -luca
clang: error: linker command failed with exit code 1 (use -v to see invocation)
configure:16494: $? = 1
configure: failed program was:
| /* confdefs.h */
| #define PACKAGE_NAME "libunwind"
| #define PACKAGE_TARNAME "libunwind"
| #define PACKAGE_VERSION "1.1"
| #define PACKAGE_STRING "libunwind 1.1"
| #define PACKAGE_BUGREPORT "libunwind-devel@nongnu.org"
| #define PACKAGE_URL ""
| #define PACKAGE "libunwind"
| #define VERSION "1.1"
| #define STDC_HEADERS 1
| #define HAVE_SYS_TYPES_H 1
| #define HAVE_SYS_STAT_H 1
| #define HAVE_STDLIB_H 1
| #define HAVE_STRING_H 1
| #define HAVE_MEMORY_H 1
| #define HAVE_STRINGS_H 1
| #define HAVE_INTTYPES_H 1
| #define HAVE_STDINT_H 1
| #define HAVE_UNISTD_H 1
| #define HAVE_DLFCN_H 1
| #define LT_OBJDIR ".libs/"
| /* end confdefs.h.  */
| 
| /* Override any GCC internal prototype to avoid an error.
|    Use char because int might match the return type of a GCC
|    builtin and then its argument prototype would still apply.  */
| #ifdef __cplusplus
| extern "C"
| #endif
| char __uc_get_grs ();
| int
| main ()
| {
| return __uc_get_grs ();
|   ;
|   return 0;
| }
configure:16503: result: no
configure:16515: checking for library containing dlopen
configure:16546: clang -o conftest -fPIC   conftest.c  >&5
/tmp/conftest-00cd3a.o: In function `main':
conftest.c:(.text+0x12): undefined reference to `dlopen'
clang: error: linker command failed with exit code 1 (use -v to see invocation)
configure:16546: $? = 1
configure: failed program was:
| /* confdefs.h */
| #define PACKAGE_NAME "libunwind"
| #define PACKAGE_TARNAME "libunwind"
| #define PACKAGE_VERSION "1.1"
| #define PACKAGE_STRING "libunwind 1.1"
| #define PACKAGE_BUGREPORT "libunwind-devel@nongnu.org"
| #define PACKAGE_URL ""
| #define PACKAGE "libunwind"
| #define VERSION "1.1"
| #define STDC_HEADERS 1
| #define HAVE_SYS_TYPES_H 1
| #define HAVE_SYS_STAT_H 1
| #define HAVE_STDLIB_H 1
| #define HAVE_STRING_H 1
| #define HAVE_MEMORY_H 1
| #define HAVE_STRINGS_H 1
| #define HAVE_INTTYPES_H 1
| #define HAVE_STDINT_H 1
| #define HAVE_UNISTD_H 1
| #define HAVE_DLFCN_H 1
| #define LT_OBJDIR ".libs/"
| /* end confdefs.h.  */
| 
| /* Override any GCC internal prototype to avoid an error.
|    Use char because int might match the return type of a GCC
|    builtin and then its argument prototype would still apply.  */
| #ifdef __cplusplus
| extern "C"
| #endif
| char dlopen ();
| int
| main ()
| {
| return dlopen ();
|   ;
|   return 0;
| }
configure:16546: clang -o conftest -fPIC   conftest.c -ldl   >&5
configure:16546: $? = 0
configure:16563: result: -ldl
configure:16579: checking atomic_ops.h usability
configure:16579: clang -c -fPIC  conftest.c >&5
conftest.c:56:10: fatal error: 'atomic_ops.h' file not found
#include <atomic_ops.h>
         ^
1 error generated.
configure:16579: $? = 1
configure: failed program was:
| /* confdefs.h */
| #define PACKAGE_NAME "libunwind"
| #define PACKAGE_TARNAME "libunwind"
| #define PACKAGE_VERSION "1.1"
| #define PACKAGE_STRING "libunwind 1.1"
| #define PACKAGE_BUGREPORT "libunwind-devel@nongnu.org"
| #define PACKAGE_URL ""
| #define PACKAGE "libunwind"
| #define VERSION "1.1"
| #define STDC_HEADERS 1
| #define HAVE_SYS_TYPES_H 1
| #define HAVE_SYS_STAT_H 1
| #define HAVE_STDLIB_H 1
| #define HAVE_STRING_H 1
| #define HAVE_MEMORY_H 1
| #define HAVE_STRINGS_H 1
| #define HAVE_INTTYPES_H 1
| #define HAVE_STDINT_H 1
| #define HAVE_UNISTD_H 1
| #define HAVE_DLFCN_H 1
| #define LT_OBJDIR ".libs/"
| /* end confdefs.h.  */
| #include <stdio.h>
| #ifdef HAVE_SYS_TYPES_H
| # include <sys/types.h>
| #endif
| #ifdef HAVE_SYS_STAT_H
| # include <sys/stat.h>
| #endif
| #ifdef STDC_HEADERS
| # include <stdlib.h>
| # include <stddef.h>
| #else
| # ifdef HAVE_STDLIB_H
| #  include <stdlib.h>
| # endif
| #endif
| #ifdef HAVE_STRING_H
| # if !defined STDC_HEADERS && defined HAVE_MEMORY_H
| #  include <memory.h>
| # endif
| # include <string.h>
| #endif
| #ifdef HAVE_STRINGS_H
| # include <strings.h>
| #endif
| #ifdef HAVE_INTTYPES_H
| # include <inttypes.h>
| #endif
| #ifdef HAVE_STDINT_H
| # include <stdint.h>
| #endif
| #ifdef HAVE_UNISTD_H
| # include <unistd.h>
| #endif
| #include <atomic_ops.h>
configure:16579: result: no
configure:16579: checking atomic_ops.h presence
configure:16579: clang -E  conftest.c
conftest.c:23:10: fatal error: 'atomic_ops.h' file not found
#include <atomic_ops.h>
         ^
1 error generated.
configure:16579: $? = 1
configure: failed program was:
| /* confdefs.h */
| #define PACKAGE_NAME "libunwind"
| #define PACKAGE_TARNAME "libunwind"
| #define PACKAGE_VERSION "1.1"
| #define PACKAGE_STRING "libunwind 1.1"
| #define PACKAGE_BUGREPORT "libunwind-devel@nongnu.org"
| #define PACKAGE_URL ""
| #define PACKAGE "libunwind"
| #define VERSION "1.1"
| #define STDC_HEADERS 1
| #define HAVE_SYS_TYPES_H 1
| #define HAVE_SYS_STAT_H 1
| #define HAVE_STDLIB_H 1
| #define HAVE_STRING_H 1
| #define HAVE_MEMORY_H 1
| #define HAVE_STRINGS_H 1
| #define HAVE_INTTYPES_H 1
| #define HAVE_STDINT_H 1
| #define HAVE_UNISTD_H 1
| #define HAVE_DLFCN_H 1
| #define LT_OBJDIR ".libs/"
| /* end confdefs.h.  */
| #include <atomic_ops.h>
configure:16579: result: no
configure:16579: checking for atomic_ops.h
configure:16579: result: no
configure:16598: checking for ANSI C header files
configure:16702: result: yes
configure:16715: checking asm/ptrace_offsets.h usability
configure:16715: clang -c -fPIC  conftest.c >&5
conftest.c:57:10: fatal error: 'asm/ptrace_offsets.h' file not found
#include <asm/ptrace_offsets.h>
         ^
1 error generated.
configure:16715: $? = 1
configure: failed program was:
| /* confdefs.h */
| #define PACKAGE_NAME "libunwind"
| #define PACKAGE_TARNAME "libunwind"
| #define PACKAGE_VERSION "1.1"
| #define PACKAGE_STRING "libunwind 1.1"
| #define PACKAGE_BUGREPORT "libunwind-devel@nongnu.org"
| #define PACKAGE_URL ""
| #define PACKAGE "libunwind"
| #define VERSION "1.1"
| #define STDC_HEADERS 1
| #define HAVE_SYS_TYPES_H 1
| #define HAVE_SYS_STAT_H 1
| #define HAVE_STDLIB_H 1
| #define HAVE_STRING_H 1
| #define HAVE_MEMORY_H 1
| #define HAVE_STRINGS_H 1
| #define HAVE_INTTYPES_H 1
| #define HAVE_STDINT_H 1
| #define HAVE_UNISTD_H 1
| #define HAVE_DLFCN_H 1
| #define LT_OBJDIR ".libs/"
| #define STDC_HEADERS 1
| /* end confdefs.h.  */
| #include <stdio.h>
| #ifdef HAVE_SYS_TYPES_H
| # include <sys/types.h>
| #endif
| #ifdef HAVE_SYS_STAT_H
| # include <sys/stat.h>
| #endif
| #ifdef STDC_HEADERS
| # include <stdlib.h>
| # include <stddef.h>
| #else
| # ifdef HAVE_STDLIB_H
| #  include <stdlib.h>
| # endif
| #endif
| #ifdef HAVE_STRING_H
| # if !defined STDC_HEADERS && defined HAVE_MEMORY_H
| #  include <memory.h>
| # endif
| # include <string.h>
| #endif
| #ifdef HAVE_STRINGS_H
| # include <strings.h>
| #endif
| #ifdef HAVE_INTTYPES_H
| # include <inttypes.h>
| #endif
| #ifdef HAVE_STDINT_H
| # include <stdint.h>
| #endif
| #ifdef HAVE_UNISTD_H
| # include <unistd.h>
| #endif
| #include <asm/ptrace_offsets.h>
configure:16715: result: no
configure:16715: checking asm/ptrace_offsets.h presence
configure:16715: clang -E  conftest.c
conftest.c:24:10: fatal error: 'asm/ptrace_offsets.h' file not found
#include <asm/ptrace_offsets.h>
         ^
1 error generated.
configure:16715: $? = 1
configure: failed program was:
| /* confdefs.h */
| #define PACKAGE_NAME "libunwind"
| #define PACKAGE_TARNAME "libunwind"
| #define PACKAGE_VERSION "1.1"
| #define PACKAGE_STRING "libunwind 1.1"
| #define PACKAGE_BUGREPORT "libunwind-devel@nongnu.org"
| #define PACKAGE_URL ""
| #define PACKAGE "libunwind"
| #define VERSION "1.1"
| #define STDC_HEADERS 1
| #define HAVE_SYS_TYPES_H 1
| #define HAVE_SYS_STAT_H 1
| #define HAVE_STDLIB_H 1
| #define HAVE_STRING_H 1
| #define HAVE_MEMORY_H 1
| #define HAVE_STRINGS_H 1
| #define HAVE_INTTYPES_H 1
| #define HAVE_STDINT_H 1
| #define HAVE_UNISTD_H 1
| #define HAVE_DLFCN_H 1
| #define LT_OBJDIR ".libs/"
| #define STDC_HEADERS 1
| /* end confdefs.h.  */
| #include <asm/ptrace_offsets.h>
configure:16715: result: no
configure:16715: checking for asm/ptrace_offsets.h
configure:16715: result: no
configure:16715: checking endian.h usability
configure:16715: clang -c -fPIC  conftest.c >&5
configure:16715: $? = 0
configure:16715: result: yes
configure:16715: checking endian.h presence
configure:16715: clang -E  conftest.c
configure:16715: $? = 0
configure:16715: result: yes
configure:16715: checking for endian.h
configure:16715: result: yes
configure:16715: checking sys/endian.h usability
configure:16715: clang -c -fPIC  conftest.c >&5
conftest.c:58:10: fatal error: 'sys/endian.h' file not found
#include <sys/endian.h>
         ^
1 error generated.
configure:16715: $? = 1
configure: failed program was:
| /* confdefs.h */
| #define PACKAGE_NAME "libunwind"
| #define PACKAGE_TARNAME "libunwind"
| #define PACKAGE_VERSION "1.1"
| #define PACKAGE_STRING "libunwind 1.1"
| #define PACKAGE_BUGREPORT "libunwind-devel@nongnu.org"
| #define PACKAGE_URL ""
| #define PACKAGE "libunwind"
| #define VERSION "1.1"
| #define STDC_HEADERS 1
| #define HAVE_SYS_TYPES_H 1
| #define HAVE_SYS_STAT_H 1
| #define HAVE_STDLIB_H 1
| #define HAVE_STRING_H 1
| #define HAVE_MEMORY_H 1
| #define HAVE_STRINGS_H 1
| #define HAVE_INTTYPES_H 1
| #define HAVE_STDINT_H 1
| #define HAVE_UNISTD_H 1
| #define HAVE_DLFCN_H 1
| #define LT_OBJDIR ".libs/"
| #define STDC_HEADERS 1
| #define HAVE_ENDIAN_H 1
| /* end confdefs.h.  */
| #include <stdio.h>
| #ifdef HAVE_SYS_TYPES_H
| # include <sys/types.h>
| #endif
| #ifdef HAVE_SYS_STAT_H
| # include <sys/stat.h>
| #endif
| #ifdef STDC_HEADERS
| # include <stdlib.h>
| # include <stddef.h>
| #else
| # ifdef HAVE_STDLIB_H
| #  include <stdlib.h>
| # endif
| #endif
| #ifdef HAVE_STRING_H
| # if !defined STDC_HEADERS && defined HAVE_MEMORY_H
| #  include <memory.h>
| # endif
| # include <string.h>
| #endif
| #ifdef HAVE_STRINGS_H
| # include <strings.h>
| #endif
| #ifdef HAVE_INTTYPES_H
| # include <inttypes.h>
| #endif
| #ifdef HAVE_STDINT_H
| # include <stdint.h>
| #endif
| #ifdef HAVE_UNISTD_H
| # include <unistd.h>
| #endif
| #include <sys/endian.h>
configure:16715: result: no
configure:16715: checking sys/endian.h presence
configure:16715: clang -E  conftest.c
conftest.c:25:10: fatal error: 'sys/endian.h' file not found
#include <sys/endian.h>
         ^
1 error generated.
configure:16715: $? = 1
configure: failed program was:
| /* confdefs.h */
| #define PACKAGE_NAME "libunwind"
| #define PACKAGE_TARNAME "libunwind"
| #define PACKAGE_VERSION "1.1"
| #define PACKAGE_STRING "libunwind 1.1"
| #define PACKAGE_BUGREPORT "libunwind-devel@nongnu.org"
| #define PACKAGE_URL ""
| #define PACKAGE "libunwind"
| #define VERSION "1.1"
| #define STDC_HEADERS 1
| #define HAVE_SYS_TYPES_H 1
| #define HAVE_SYS_STAT_H 1
| #define HAVE_STDLIB_H 1
| #define HAVE_STRING_H 1
| #define HAVE_MEMORY_H 1
| #define HAVE_STRINGS_H 1
| #define HAVE_INTTYPES_H 1
| #define HAVE_STDINT_H 1
| #define HAVE_UNISTD_H 1
| #define HAVE_DLFCN_H 1
| #define LT_OBJDIR ".libs/"
| #define STDC_HEADERS 1
| #define HAVE_ENDIAN_H 1
| /* end confdefs.h.  */
| #include <sys/endian.h>
configure:16715: result: no
configure:16715: checking for sys/endian.h
configure:16715: result: no
configure:16715: checking execinfo.h usability
configure:16715: clang -c -fPIC  conftest.c >&5
configure:16715: $? = 0
configure:16715: result: yes
configure:16715: checking execinfo.h presence
configure:16715: clang -E  conftest.c
configure:16715: $? = 0
configure:16715: result: yes
configure:16715: checking for execinfo.h
configure:16715: result: yes
configure:16715: checking ia64intrin.h usability
configure:16715: clang -c -fPIC  conftest.c >&5
conftest.c:59:10: fatal error: 'ia64intrin.h' file not found
#include <ia64intrin.h>
         ^
1 error generated.
configure:16715: $? = 1
configure: failed program was:
| /* confdefs.h */
| #define PACKAGE_NAME "libunwind"
| #define PACKAGE_TARNAME "libunwind"
| #define PACKAGE_VERSION "1.1"
| #define PACKAGE_STRING "libunwind 1.1"
| #define PACKAGE_BUGREPORT "libunwind-devel@nongnu.org"
| #define PACKAGE_URL ""
| #define PACKAGE "libunwind"
| #define VERSION "1.1"
| #define STDC_HEADERS 1
| #define HAVE_SYS_TYPES_H 1
| #define HAVE_SYS_STAT_H 1
| #define HAVE_STDLIB_H 1
| #define HAVE_STRING_H 1
| #define HAVE_MEMORY_H 1
| #define HAVE_STRINGS_H 1
| #define HAVE_INTTYPES_H 1
| #define HAVE_STDINT_H 1
| #define HAVE_UNISTD_H 1
| #define HAVE_DLFCN_H 1
| #define LT_OBJDIR ".libs/"
| #define STDC_HEADERS 1
| #define HAVE_ENDIAN_H 1
| #define HAVE_EXECINFO_H 1
| /* end confdefs.h.  */
| #include <stdio.h>
| #ifdef HAVE_SYS_TYPES_H
| # include <sys/types.h>
| #endif
| #ifdef HAVE_SYS_STAT_H
| # include <sys/stat.h>
| #endif
| #ifdef STDC_HEADERS
| # include <stdlib.h>
| # include <stddef.h>
| #else
| # ifdef HAVE_STDLIB_H
| #  include <stdlib.h>
| # endif
| #endif
| #ifdef HAVE_STRING_H
| # if !defined STDC_HEADERS && defined HAVE_MEMORY_H
| #  include <memory.h>
| # endif
| # include <string.h>
| #endif
| #ifdef HAVE_STRINGS_H
| # include <strings.h>
| #endif
| #ifdef HAVE_INTTYPES_H
| # include <inttypes.h>
| #endif
| #ifdef HAVE_STDINT_H
| # include <stdint.h>
| #endif
| #ifdef HAVE_UNISTD_H
| # include <unistd.h>
| #endif
| #include <ia64intrin.h>
configure:16715: result: no
configure:16715: checking ia64intrin.h presence
configure:16715: clang -E  conftest.c
conftest.c:26:10: fatal error: 'ia64intrin.h' file not found
#include <ia64intrin.h>
         ^
1 error generated.
configure:16715: $? = 1
configure: failed program was:
| /* confdefs.h */
| #define PACKAGE_NAME "libunwind"
| #define PACKAGE_TARNAME "libunwind"
| #define PACKAGE_VERSION "1.1"
| #define PACKAGE_STRING "libunwind 1.1"
| #define PACKAGE_BUGREPORT "libunwind-devel@nongnu.org"
| #define PACKAGE_URL ""
| #define PACKAGE "libunwind"
| #define VERSION "1.1"
| #define STDC_HEADERS 1
| #define HAVE_SYS_TYPES_H 1
| #define HAVE_SYS_STAT_H 1
| #define HAVE_STDLIB_H 1
| #define HAVE_STRING_H 1
| #define HAVE_MEMORY_H 1
| #define HAVE_STRINGS_H 1
| #define HAVE_INTTYPES_H 1
| #define HAVE_STDINT_H 1
| #define HAVE_UNISTD_H 1
| #define HAVE_DLFCN_H 1
| #define LT_OBJDIR ".libs/"
| #define STDC_HEADERS 1
| #define HAVE_ENDIAN_H 1
| #define HAVE_EXECINFO_H 1
| /* end confdefs.h.  */
| #include <ia64intrin.h>
configure:16715: result: no
configure:16715: checking for ia64intrin.h
configure:16715: result: no
configure:16715: checking sys/uc_access.h usability
configure:16715: clang -c -fPIC  conftest.c >&5
conftest.c:59:10: fatal error: 'sys/uc_access.h' file not found
#include <sys/uc_access.h>
         ^
1 error generated.
configure:16715: $? = 1
configure: failed program was:
| /* confdefs.h */
| #define PACKAGE_NAME "libunwind"
| #define PACKAGE_TARNAME "libunwind"
| #define PACKAGE_VERSION "1.1"
| #define PACKAGE_STRING "libunwind 1.1"
| #define PACKAGE_BUGREPORT "libunwind-devel@nongnu.org"
| #define PACKAGE_URL ""
| #define PACKAGE "libunwind"
| #define VERSION "1.1"
| #define STDC_HEADERS 1
| #define HAVE_SYS_TYPES_H 1
| #define HAVE_SYS_STAT_H 1
| #define HAVE_STDLIB_H 1
| #define HAVE_STRING_H 1
| #define HAVE_MEMORY_H 1
| #define HAVE_STRINGS_H 1
| #define HAVE_INTTYPES_H 1
| #define HAVE_STDINT_H 1
| #define HAVE_UNISTD_H 1
| #define HAVE_DLFCN_H 1
| #define LT_OBJDIR ".libs/"
| #define STDC_HEADERS 1
| #define HAVE_ENDIAN_H 1
| #define HAVE_EXECINFO_H 1
| /* end confdefs.h.  */
| #include <stdio.h>
| #ifdef HAVE_SYS_TYPES_H
| # include <sys/types.h>
| #endif
| #ifdef HAVE_SYS_STAT_H
| # include <sys/stat.h>
| #endif
| #ifdef STDC_HEADERS
| # include <stdlib.h>
| # include <stddef.h>
| #else
| # ifdef HAVE_STDLIB_H
| #  include <stdlib.h>
| # endif
| #endif
| #ifdef HAVE_STRING_H
| # if !defined STDC_HEADERS && defined HAVE_MEMORY_H
| #  include <memory.h>
| # endif
| # include <string.h>
| #endif
| #ifdef HAVE_STRINGS_H
| # include <strings.h>
| #endif
| #ifdef HAVE_INTTYPES_H
| # include <inttypes.h>
| #endif
| #ifdef HAVE_STDINT_H
| # include <stdint.h>
| #endif
| #ifdef HAVE_UNISTD_H
| # include <unistd.h>
| #endif
| #include <sys/uc_access.h>
configure:16715: result: no
configure:16715: checking sys/uc_access.h presence
configure:16715: clang -E  conftest.c
conftest.c:26:10: fatal error: 'sys/uc_access.h' file not found
#include <sys/uc_access.h>
         ^
1 error generated.
configure:16715: $? = 1
configure: failed program was:
| /* confdefs.h */
| #define PACKAGE_NAME "libunwind"
| #define PACKAGE_TARNAME "libunwind"
| #define PACKAGE_VERSION "1.1"
| #define PACKAGE_STRING "libunwind 1.1"
| #define PACKAGE_BUGREPORT "libunwind-devel@nongnu.org"
| #define PACKAGE_URL ""
| #define PACKAGE "libunwind"
| #define VERSION "1.1"
| #define STDC_HEADERS 1
| #define HAVE_SYS_TYPES_H 1
| #define HAVE_SYS_STAT_H 1
| #define HAVE_STDLIB_H 1
| #define HAVE_STRING_H 1
| #define HAVE_MEMORY_H 1
| #define HAVE_STRINGS_H 1
| #define HAVE_INTTYPES_H 1
| #define HAVE_STDINT_H 1
| #define HAVE_UNISTD_H 1
| #define HAVE_DLFCN_H 1
| #define LT_OBJDIR ".libs/"
| #define STDC_HEADERS 1
| #define HAVE_ENDIAN_H 1
| #define HAVE_EXECINFO_H 1
| /* end confdefs.h.  */
| #include <sys/uc_access.h>
configure:16715: result: no
configure:16715: checking for sys/uc_access.h
configure:16715: result: no
configure:16715: checking for unistd.h
configure:16715: result: yes
configure:16715: checking signal.h usability
configure:16715: clang -c -fPIC  conftest.c >&5
configure:16715: $? = 0
configure:16715: result: yes
configure:16715: checking signal.h presence
configure:16715: clang -E  conftest.c
configure:16715: $? = 0
configure:16715: result: yes
configure:16715: checking for signal.h
configure:16715: result: yes
configure:16715: checking for sys/types.h
configure:16715: result: yes
configure:16715: checking sys/procfs.h usability
configure:16715: clang -c -fPIC  conftest.c >&5
configure:16715: $? = 0
configure:16715: result: yes
configure:16715: checking sys/procfs.h presence
configure:16715: clang -E  conftest.c
configure:16715: $? = 0
configure:16715: result: yes
configure:16715: checking for sys/procfs.h
configure:16715: result: yes
configure:16715: checking sys/ptrace.h usability
configure:16715: clang -c -fPIC  conftest.c >&5
configure:16715: $? = 0
configure:16715: result: yes
configure:16715: checking sys/ptrace.h presence
configure:16715: clang -E  conftest.c
configure:16715: $? = 0
configure:16715: result: yes
configure:16715: checking for sys/ptrace.h
configure:16715: result: yes
configure:16715: checking byteswap.h usability
configure:16715: clang -c -fPIC  conftest.c >&5
configure:16715: $? = 0
configure:16715: result: yes
configure:16715: checking byteswap.h presence
configure:16715: clang -E  conftest.c
configure:16715: $? = 0
configure:16715: result: yes
configure:16715: checking for byteswap.h
configure:16715: result: yes
configure:16726: checking for an ANSI C-conforming const
configure:16792: clang -c -fPIC  conftest.c >&5
configure:16792: $? = 0
configure:16799: result: yes
configure:16807: checking for inline
configure:16823: clang -c -fPIC  conftest.c >&5
configure:16823: $? = 0
configure:16831: result: inline
configure:16849: checking for size_t
configure:16849: clang -c -fPIC  conftest.c >&5
configure:16849: $? = 0
configure:16849: clang -c -fPIC  conftest.c >&5
conftest.c:68:21: error: expected expression
if (sizeof ((size_t)))
                    ^
1 error generated.
configure:16849: $? = 1
configure: failed program was:
| /* confdefs.h */
| #define PACKAGE_NAME "libunwind"
| #define PACKAGE_TARNAME "libunwind"
| #define PACKAGE_VERSION "1.1"
| #define PACKAGE_STRING "libunwind 1.1"
| #define PACKAGE_BUGREPORT "libunwind-devel@nongnu.org"
| #define PACKAGE_URL ""
| #define PACKAGE "libunwind"
| #define VERSION "1.1"
| #define STDC_HEADERS 1
| #define HAVE_SYS_TYPES_H 1
| #define HAVE_SYS_STAT_H 1
| #define HAVE_STDLIB_H 1
| #define HAVE_STRING_H 1
| #define HAVE_MEMORY_H 1
| #define HAVE_STRINGS_H 1
| #define HAVE_INTTYPES_H 1
| #define HAVE_STDINT_H 1
| #define HAVE_UNISTD_H 1
| #define HAVE_DLFCN_H 1
| #define LT_OBJDIR ".libs/"
| #define STDC_HEADERS 1
| #define HAVE_ENDIAN_H 1
| #define HAVE_EXECINFO_H 1
| #define HAVE_UNISTD_H 1
| #define HAVE_SIGNAL_H 1
| #define HAVE_SYS_TYPES_H 1
| #define HAVE_SYS_PROCFS_H 1
| #define HAVE_SYS_PTRACE_H 1
| #define HAVE_BYTESWAP_H 1
| /* end confdefs.h.  */
| #include <stdio.h>
| #ifdef HAVE_SYS_TYPES_H
| # include <sys/types.h>
| #endif
| #ifdef HAVE_SYS_STAT_H
| # include <sys/stat.h>
| #endif
| #ifdef STDC_HEADERS
| # include <stdlib.h>
| # include <stddef.h>
| #else
| # ifdef HAVE_STDLIB_H
| #  include <stdlib.h>
| # endif
| #endif
| #ifdef HAVE_STRING_H
| # if !defined STDC_HEADERS && defined HAVE_MEMORY_H
| #  include <memory.h>
| # endif
| # include <string.h>
| #endif
| #ifdef HAVE_STRINGS_H
| # include <strings.h>
| #endif
| #ifdef HAVE_INTTYPES_H
| # include <inttypes.h>
| #endif
| #ifdef HAVE_STDINT_H
| # include <stdint.h>
| #endif
| #ifdef HAVE_UNISTD_H
| # include <unistd.h>
| #endif
| int
| main ()
| {
| if (sizeof ((size_t)))
| 	    return 0;
|   ;
|   return 0;
| }
configure:16849: result: yes
configure:16864: checking size of off_t
configure:16869: clang -o conftest -fPIC   conftest.c  >&5
configure:16869: $? = 0
configure:16869: ./conftest
configure:16869: $? = 0
configure:16883: result: 8
configure:16896: checking for struct dl_phdr_info.dlpi_subs
configure:16896: clang -c -fPIC  -D_GNU_SOURCE conftest.c >&5
configure:16896: $? = 0
configure:16896: result: yes
configure:16907: checking for struct elf_prstatus
configure:16907: clang -c -fPIC  -D_GNU_SOURCE conftest.c >&5
configure:16907: $? = 0
configure:16907: clang -c -fPIC  -D_GNU_SOURCE conftest.c >&5
conftest.c:75:34: error: expected expression
if (sizeof ((struct elf_prstatus)))
                                 ^
1 error generated.
configure:16907: $? = 1
configure: failed program was:
| /* confdefs.h */
| #define PACKAGE_NAME "libunwind"
| #define PACKAGE_TARNAME "libunwind"
| #define PACKAGE_VERSION "1.1"
| #define PACKAGE_STRING "libunwind 1.1"
| #define PACKAGE_BUGREPORT "libunwind-devel@nongnu.org"
| #define PACKAGE_URL ""
| #define PACKAGE "libunwind"
| #define VERSION "1.1"
| #define STDC_HEADERS 1
| #define HAVE_SYS_TYPES_H 1
| #define HAVE_SYS_STAT_H 1
| #define HAVE_STDLIB_H 1
| #define HAVE_STRING_H 1
| #define HAVE_MEMORY_H 1
| #define HAVE_STRINGS_H 1
| #define HAVE_INTTYPES_H 1
| #define HAVE_STDINT_H 1
| #define HAVE_UNISTD_H 1
| #define HAVE_DLFCN_H 1
| #define LT_OBJDIR ".libs/"
| #define STDC_HEADERS 1
| #define HAVE_ENDIAN_H 1
| #define HAVE_EXECINFO_H 1
| #define HAVE_UNISTD_H 1
| #define HAVE_SIGNAL_H 1
| #define HAVE_SYS_TYPES_H 1
| #define HAVE_SYS_PROCFS_H 1
| #define HAVE_SYS_PTRACE_H 1
| #define HAVE_BYTESWAP_H 1
| #define SIZEOF_OFF_T 8
| #define HAVE_STRUCT_DL_PHDR_INFO_DLPI_SUBS 1
| /* end confdefs.h.  */
| #include <stdio.h>
| #ifdef HAVE_SYS_TYPES_H
| # include <sys/types.h>
| #endif
| #ifdef HAVE_SYS_STAT_H
| # include <sys/stat.h>
| #endif
| #ifdef STDC_HEADERS
| # include <stdlib.h>
| # include <stddef.h>
| #else
| # ifdef HAVE_STDLIB_H
| #  include <stdlib.h>
| # endif
| #endif
| #ifdef HAVE_STRING_H
| # if !defined STDC_HEADERS && defined HAVE_MEMORY_H
| #  include <memory.h>
| # endif
| # include <string.h>
| #endif
| #ifdef HAVE_STRINGS_H
| # include <strings.h>
| #endif
| #ifdef HAVE_INTTYPES_H
| # include <inttypes.h>
| #endif
| #ifdef HAVE_STDINT_H
| # include <stdint.h>
| #endif
| #ifdef HAVE_UNISTD_H
| # include <unistd.h>
| #endif
| #if HAVE_SYS_PROCFS_H
| # include <sys/procfs.h>
| #endif
| 
| 
| int
| main ()
| {
| if (sizeof ((struct elf_prstatus)))
| 	    return 0;
|   ;
|   return 0;
| }
configure:16907: result: yes
configure:16921: checking for struct prstatus
configure:16921: clang -c -fPIC  -D_GNU_SOURCE conftest.c >&5
conftest.c:76:5: error: invalid application of 'sizeof' to an incomplete type 'struct prstatus'
if (sizeof (struct prstatus))
    ^      ~~~~~~~~~~~~~~~~~
conftest.c:76:20: note: forward declaration of 'struct prstatus'
if (sizeof (struct prstatus))
                   ^
1 error generated.
configure:16921: $? = 1
configure: failed program was:
| /* confdefs.h */
| #define PACKAGE_NAME "libunwind"
| #define PACKAGE_TARNAME "libunwind"
| #define PACKAGE_VERSION "1.1"
| #define PACKAGE_STRING "libunwind 1.1"
| #define PACKAGE_BUGREPORT "libunwind-devel@nongnu.org"
| #define PACKAGE_URL ""
| #define PACKAGE "libunwind"
| #define VERSION "1.1"
| #define STDC_HEADERS 1
| #define HAVE_SYS_TYPES_H 1
| #define HAVE_SYS_STAT_H 1
| #define HAVE_STDLIB_H 1
| #define HAVE_STRING_H 1
| #define HAVE_MEMORY_H 1
| #define HAVE_STRINGS_H 1
| #define HAVE_INTTYPES_H 1
| #define HAVE_STDINT_H 1
| #define HAVE_UNISTD_H 1
| #define HAVE_DLFCN_H 1
| #define LT_OBJDIR ".libs/"
| #define STDC_HEADERS 1
| #define HAVE_ENDIAN_H 1
| #define HAVE_EXECINFO_H 1
| #define HAVE_UNISTD_H 1
| #define HAVE_SIGNAL_H 1
| #define HAVE_SYS_TYPES_H 1
| #define HAVE_SYS_PROCFS_H 1
| #define HAVE_SYS_PTRACE_H 1
| #define HAVE_BYTESWAP_H 1
| #define SIZEOF_OFF_T 8
| #define HAVE_STRUCT_DL_PHDR_INFO_DLPI_SUBS 1
| #define HAVE_STRUCT_ELF_PRSTATUS 1
| /* end confdefs.h.  */
| #include <stdio.h>
| #ifdef HAVE_SYS_TYPES_H
| # include <sys/types.h>
| #endif
| #ifdef HAVE_SYS_STAT_H
| # include <sys/stat.h>
| #endif
| #ifdef STDC_HEADERS
| # include <stdlib.h>
| # include <stddef.h>
| #else
| # ifdef HAVE_STDLIB_H
| #  include <stdlib.h>
| # endif
| #endif
| #ifdef HAVE_STRING_H
| # if !defined STDC_HEADERS && defined HAVE_MEMORY_H
| #  include <memory.h>
| # endif
| # include <string.h>
| #endif
| #ifdef HAVE_STRINGS_H
| # include <strings.h>
| #endif
| #ifdef HAVE_INTTYPES_H
| # include <inttypes.h>
| #endif
| #ifdef HAVE_STDINT_H
| # include <stdint.h>
| #endif
| #ifdef HAVE_UNISTD_H
| # include <unistd.h>
| #endif
| #if HAVE_SYS_PROCFS_H
| # include <sys/procfs.h>
| #endif
| 
| 
| int
| main ()
| {
| if (sizeof (struct prstatus))
| 	 return 0;
|   ;
|   return 0;
| }
configure:16921: result: no
configure:16937: checking whether PTRACE_POKEUSER is declared
configure:16937: clang -c -fPIC  -D_GNU_SOURCE conftest.c >&5
configure:16937: $? = 0
configure:16937: result: yes
configure:16953: checking whether PTRACE_POKEDATA is declared
configure:16953: clang -c -fPIC  -D_GNU_SOURCE conftest.c >&5
configure:16953: $? = 0
configure:16953: result: yes
configure:16969: checking whether PTRACE_TRACEME is declared
configure:16969: clang -c -fPIC  -D_GNU_SOURCE conftest.c >&5
configure:16969: $? = 0
configure:16969: result: yes
configure:16985: checking whether PTRACE_CONT is declared
configure:16985: clang -c -fPIC  -D_GNU_SOURCE conftest.c >&5
configure:16985: $? = 0
configure:16985: result: yes
configure:17001: checking whether PTRACE_SINGLESTEP is declared
configure:17001: clang -c -fPIC  -D_GNU_SOURCE conftest.c >&5
configure:17001: $? = 0
configure:17001: result: yes
configure:17017: checking whether PTRACE_SYSCALL is declared
configure:17017: clang -c -fPIC  -D_GNU_SOURCE conftest.c >&5
configure:17017: $? = 0
configure:17017: result: yes
configure:17033: checking whether PT_IO is declared
configure:17033: clang -c -fPIC  -D_GNU_SOURCE conftest.c >&5
conftest.c:87:10: error: use of undeclared identifier 'PT_IO'
  (void) PT_IO;
         ^
1 error generated.
configure:17033: $? = 1
configure: failed program was:
| /* confdefs.h */
| #define PACKAGE_NAME "libunwind"
| #define PACKAGE_TARNAME "libunwind"
| #define PACKAGE_VERSION "1.1"
| #define PACKAGE_STRING "libunwind 1.1"
| #define PACKAGE_BUGREPORT "libunwind-devel@nongnu.org"
| #define PACKAGE_URL ""
| #define PACKAGE "libunwind"
| #define VERSION "1.1"
| #define STDC_HEADERS 1
| #define HAVE_SYS_TYPES_H 1
| #define HAVE_SYS_STAT_H 1
| #define HAVE_STDLIB_H 1
| #define HAVE_STRING_H 1
| #define HAVE_MEMORY_H 1
| #define HAVE_STRINGS_H 1
| #define HAVE_INTTYPES_H 1
| #define HAVE_STDINT_H 1
| #define HAVE_UNISTD_H 1
| #define HAVE_DLFCN_H 1
| #define LT_OBJDIR ".libs/"
| #define STDC_HEADERS 1
| #define HAVE_ENDIAN_H 1
| #define HAVE_EXECINFO_H 1
| #define HAVE_UNISTD_H 1
| #define HAVE_SIGNAL_H 1
| #define HAVE_SYS_TYPES_H 1
| #define HAVE_SYS_PROCFS_H 1
| #define HAVE_SYS_PTRACE_H 1
| #define HAVE_BYTESWAP_H 1
| #define SIZEOF_OFF_T 8
| #define HAVE_STRUCT_DL_PHDR_INFO_DLPI_SUBS 1
| #define HAVE_STRUCT_ELF_PRSTATUS 1
| #define HAVE_DECL_PTRACE_POKEUSER 1
| #define HAVE_DECL_PTRACE_POKEDATA 1
| #define HAVE_DECL_PTRACE_TRACEME 1
| #define HAVE_DECL_PTRACE_CONT 1
| #define HAVE_DECL_PTRACE_SINGLESTEP 1
| #define HAVE_DECL_PTRACE_SYSCALL 1
| /* end confdefs.h.  */
| #include <stdio.h>
| #ifdef HAVE_SYS_TYPES_H
| # include <sys/types.h>
| #endif
| #ifdef HAVE_SYS_STAT_H
| # include <sys/stat.h>
| #endif
| #ifdef STDC_HEADERS
| # include <stdlib.h>
| # include <stddef.h>
| #else
| # ifdef HAVE_STDLIB_H
| #  include <stdlib.h>
| # endif
| #endif
| #ifdef HAVE_STRING_H
| # if !defined STDC_HEADERS && defined HAVE_MEMORY_H
| #  include <memory.h>
| # endif
| # include <string.h>
| #endif
| #ifdef HAVE_STRINGS_H
| # include <strings.h>
| #endif
| #ifdef HAVE_INTTYPES_H
| # include <inttypes.h>
| #endif
| #ifdef HAVE_STDINT_H
| # include <stdint.h>
| #endif
| #ifdef HAVE_UNISTD_H
| # include <unistd.h>
| #endif
| #if HAVE_SYS_TYPES_H
| #include <sys/types.h>
| #endif
| #include <sys/ptrace.h>
| 
| 
| int
| main ()
| {
| #ifndef PT_IO
| #ifdef __cplusplus
|   (void) PT_IO;
| #else
|   (void) PT_IO;
| #endif
| #endif
| 
|   ;
|   return 0;
| }
configure:17033: result: no
configure:17049: checking whether PT_GETREGS is declared
configure:17049: clang -c -fPIC  -D_GNU_SOURCE conftest.c >&5
configure:17049: $? = 0
configure:17049: result: yes
configure:17065: checking whether PT_GETFPREGS is declared
configure:17065: clang -c -fPIC  -D_GNU_SOURCE conftest.c >&5
configure:17065: $? = 0
configure:17065: result: yes
configure:17081: checking whether PT_CONTINUE is declared
configure:17081: clang -c -fPIC  -D_GNU_SOURCE conftest.c >&5
configure:17081: $? = 0
configure:17081: result: yes
configure:17097: checking whether PT_TRACE_ME is declared
configure:17097: clang -c -fPIC  -D_GNU_SOURCE conftest.c >&5
configure:17097: $? = 0
configure:17097: result: yes
configure:17113: checking whether PT_STEP is declared
configure:17113: clang -c -fPIC  -D_GNU_SOURCE conftest.c >&5
configure:17113: $? = 0
configure:17113: result: yes
configure:17129: checking whether PT_SYSCALL is declared
configure:17129: clang -c -fPIC  -D_GNU_SOURCE conftest.c >&5
configure:17129: $? = 0
configure:17129: result: yes
configure:17151: checking for dl_iterate_phdr
configure:17151: clang -o conftest -fPIC  -D_GNU_SOURCE  conftest.c  >&5
configure:17151: $? = 0
configure:17151: result: yes
configure:17151: checking for dl_phdr_removals_counter
configure:17151: clang -o conftest -fPIC  -D_GNU_SOURCE  conftest.c  >&5
/tmp/conftest-7e4715.o: In function `main':
conftest.c:(.text+0x12): undefined reference to `dl_phdr_removals_counter'
clang: error: linker command failed with exit code 1 (use -v to see invocation)
configure:17151: $? = 1
configure: failed program was:
| /* confdefs.h */
| #define PACKAGE_NAME "libunwind"
| #define PACKAGE_TARNAME "libunwind"
| #define PACKAGE_VERSION "1.1"
| #define PACKAGE_STRING "libunwind 1.1"
| #define PACKAGE_BUGREPORT "libunwind-devel@nongnu.org"
| #define PACKAGE_URL ""
| #define PACKAGE "libunwind"
| #define VERSION "1.1"
| #define STDC_HEADERS 1
| #define HAVE_SYS_TYPES_H 1
| #define HAVE_SYS_STAT_H 1
| #define HAVE_STDLIB_H 1
| #define HAVE_STRING_H 1
| #define HAVE_MEMORY_H 1
| #define HAVE_STRINGS_H 1
| #define HAVE_INTTYPES_H 1
| #define HAVE_STDINT_H 1
| #define HAVE_UNISTD_H 1
| #define HAVE_DLFCN_H 1
| #define LT_OBJDIR ".libs/"
| #define STDC_HEADERS 1
| #define HAVE_ENDIAN_H 1
| #define HAVE_EXECINFO_H 1
| #define HAVE_UNISTD_H 1
| #define HAVE_SIGNAL_H 1
| #define HAVE_SYS_TYPES_H 1
| #define HAVE_SYS_PROCFS_H 1
| #define HAVE_SYS_PTRACE_H 1
| #define HAVE_BYTESWAP_H 1
| #define SIZEOF_OFF_T 8
| #define HAVE_STRUCT_DL_PHDR_INFO_DLPI_SUBS 1
| #define HAVE_STRUCT_ELF_PRSTATUS 1
| #define HAVE_DECL_PTRACE_POKEUSER 1
| #define HAVE_DECL_PTRACE_POKEDATA 1
| #define HAVE_DECL_PTRACE_TRACEME 1
| #define HAVE_DECL_PTRACE_CONT 1
| #define HAVE_DECL_PTRACE_SINGLESTEP 1
| #define HAVE_DECL_PTRACE_SYSCALL 1
| #define HAVE_DECL_PT_IO 0
| #define HAVE_DECL_PT_GETREGS 1
| #define HAVE_DECL_PT_GETFPREGS 1
| #define HAVE_DECL_PT_CONTINUE 1
| #define HAVE_DECL_PT_TRACE_ME 1
| #define HAVE_DECL_PT_STEP 1
| #define HAVE_DECL_PT_SYSCALL 1
| #define HAVE_DL_ITERATE_PHDR 1
| /* end confdefs.h.  */
| /* Define dl_phdr_removals_counter to an innocuous variant, in case <limits.h> declares dl_phdr_removals_counter.
|    For example, HP-UX 11i <limits.h> declares gettimeofday.  */
| #define dl_phdr_removals_counter innocuous_dl_phdr_removals_counter
| 
| /* System header to define __stub macros and hopefully few prototypes,
|     which can conflict with char dl_phdr_removals_counter (); below.
|     Prefer <limits.h> to <assert.h> if __STDC__ is defined, since
|     <limits.h> exists even on freestanding compilers.  */
| 
| #ifdef __STDC__
| # include <limits.h>
| #else
| # include <assert.h>
| #endif
| 
| #undef dl_phdr_removals_counter
| 
| /* Override any GCC internal prototype to avoid an error.
|    Use char because int might match the return type of a GCC
|    builtin and then its argument prototype would still apply.  */
| #ifdef __cplusplus
| extern "C"
| #endif
| char dl_phdr_removals_counter ();
| /* The GNU C library defines this for functions which it implements
|     to always fail with ENOSYS.  Some functions are actually named
|     something starting with __ and the normal name is an alias.  */
| #if defined __stub_dl_phdr_removals_counter || defined __stub___dl_phdr_removals_counter
| choke me
| #endif
| 
| int
| main ()
| {
| return dl_phdr_removals_counter ();
|   ;
|   return 0;
| }
configure:17151: result: no
configure:17151: checking for dlmodinfo
configure:17151: clang -o conftest -fPIC  -D_GNU_SOURCE  conftest.c  >&5
/tmp/conftest-1786ae.o: In function `main':
conftest.c:(.text+0x12): undefined reference to `dlmodinfo'
clang: error: linker command failed with exit code 1 (use -v to see invocation)
configure:17151: $? = 1
configure: failed program was:
| /* confdefs.h */
| #define PACKAGE_NAME "libunwind"
| #define PACKAGE_TARNAME "libunwind"
| #define PACKAGE_VERSION "1.1"
| #define PACKAGE_STRING "libunwind 1.1"
| #define PACKAGE_BUGREPORT "libunwind-devel@nongnu.org"
| #define PACKAGE_URL ""
| #define PACKAGE "libunwind"
| #define VERSION "1.1"
| #define STDC_HEADERS 1
| #define HAVE_SYS_TYPES_H 1
| #define HAVE_SYS_STAT_H 1
| #define HAVE_STDLIB_H 1
| #define HAVE_STRING_H 1
| #define HAVE_MEMORY_H 1
| #define HAVE_STRINGS_H 1
| #define HAVE_INTTYPES_H 1
| #define HAVE_STDINT_H 1
| #define HAVE_UNISTD_H 1
| #define HAVE_DLFCN_H 1
| #define LT_OBJDIR ".libs/"
| #define STDC_HEADERS 1
| #define HAVE_ENDIAN_H 1
| #define HAVE_EXECINFO_H 1
| #define HAVE_UNISTD_H 1
| #define HAVE_SIGNAL_H 1
| #define HAVE_SYS_TYPES_H 1
| #define HAVE_SYS_PROCFS_H 1
| #define HAVE_SYS_PTRACE_H 1
| #define HAVE_BYTESWAP_H 1
| #define SIZEOF_OFF_T 8
| #define HAVE_STRUCT_DL_PHDR_INFO_DLPI_SUBS 1
| #define HAVE_STRUCT_ELF_PRSTATUS 1
| #define HAVE_DECL_PTRACE_POKEUSER 1
| #define HAVE_DECL_PTRACE_POKEDATA 1
| #define HAVE_DECL_PTRACE_TRACEME 1
| #define HAVE_DECL_PTRACE_CONT 1
| #define HAVE_DECL_PTRACE_SINGLESTEP 1
| #define HAVE_DECL_PTRACE_SYSCALL 1
| #define HAVE_DECL_PT_IO 0
| #define HAVE_DECL_PT_GETREGS 1
| #define HAVE_DECL_PT_GETFPREGS 1
| #define HAVE_DECL_PT_CONTINUE 1
| #define HAVE_DECL_PT_TRACE_ME 1
| #define HAVE_DECL_PT_STEP 1
| #define HAVE_DECL_PT_SYSCALL 1
| #define HAVE_DL_ITERATE_PHDR 1
| /* end confdefs.h.  */
| /* Define dlmodinfo to an innocuous variant, in case <limits.h> declares dlmodinfo.
|    For example, HP-UX 11i <limits.h> declares gettimeofday.  */
| #define dlmodinfo innocuous_dlmodinfo
| 
| /* System header to define __stub macros and hopefully few prototypes,
|     which can conflict with char dlmodinfo (); below.
|     Prefer <limits.h> to <assert.h> if __STDC__ is defined, since
|     <limits.h> exists even on freestanding compilers.  */
| 
| #ifdef __STDC__
| # include <limits.h>
| #else
| # include <assert.h>
| #endif
| 
| #undef dlmodinfo
| 
| /* Override any GCC internal prototype to avoid an error.
|    Use char because int might match the return type of a GCC
|    builtin and then its argument prototype would still apply.  */
| #ifdef __cplusplus
| extern "C"
| #endif
| char dlmodinfo ();
| /* The GNU C library defines this for functions which it implements
|     to always fail with ENOSYS.  Some functions are actually named
|     something starting with __ and the normal name is an alias.  */
| #if defined __stub_dlmodinfo || defined __stub___dlmodinfo
| choke me
| #endif
| 
| int
| main ()
| {
| return dlmodinfo ();
|   ;
|   return 0;
| }
configure:17151: result: no
configure:17151: checking for getunwind
configure:17151: clang -o conftest -fPIC  -D_GNU_SOURCE  conftest.c  >&5
/tmp/conftest-8eec1e.o: In function `main':
conftest.c:(.text+0x12): undefined reference to `getunwind'
clang: error: linker command failed with exit code 1 (use -v to see invocation)
configure:17151: $? = 1
configure: failed program was:
| /* confdefs.h */
| #define PACKAGE_NAME "libunwind"
| #define PACKAGE_TARNAME "libunwind"
| #define PACKAGE_VERSION "1.1"
| #define PACKAGE_STRING "libunwind 1.1"
| #define PACKAGE_BUGREPORT "libunwind-devel@nongnu.org"
| #define PACKAGE_URL ""
| #define PACKAGE "libunwind"
| #define VERSION "1.1"
| #define STDC_HEADERS 1
| #define HAVE_SYS_TYPES_H 1
| #define HAVE_SYS_STAT_H 1
| #define HAVE_STDLIB_H 1
| #define HAVE_STRING_H 1
| #define HAVE_MEMORY_H 1
| #define HAVE_STRINGS_H 1
| #define HAVE_INTTYPES_H 1
| #define HAVE_STDINT_H 1
| #define HAVE_UNISTD_H 1
| #define HAVE_DLFCN_H 1
| #define LT_OBJDIR ".libs/"
| #define STDC_HEADERS 1
| #define HAVE_ENDIAN_H 1
| #define HAVE_EXECINFO_H 1
| #define HAVE_UNISTD_H 1
| #define HAVE_SIGNAL_H 1
| #define HAVE_SYS_TYPES_H 1
| #define HAVE_SYS_PROCFS_H 1
| #define HAVE_SYS_PTRACE_H 1
| #define HAVE_BYTESWAP_H 1
| #define SIZEOF_OFF_T 8
| #define HAVE_STRUCT_DL_PHDR_INFO_DLPI_SUBS 1
| #define HAVE_STRUCT_ELF_PRSTATUS 1
| #define HAVE_DECL_PTRACE_POKEUSER 1
| #define HAVE_DECL_PTRACE_POKEDATA 1
| #define HAVE_DECL_PTRACE_TRACEME 1
| #define HAVE_DECL_PTRACE_CONT 1
| #define HAVE_DECL_PTRACE_SINGLESTEP 1
| #define HAVE_DECL_PTRACE_SYSCALL 1
| #define HAVE_DECL_PT_IO 0
| #define HAVE_DECL_PT_GETREGS 1
| #define HAVE_DECL_PT_GETFPREGS 1
| #define HAVE_DECL_PT_CONTINUE 1
| #define HAVE_DECL_PT_TRACE_ME 1
| #define HAVE_DECL_PT_STEP 1
| #define HAVE_DECL_PT_SYSCALL 1
| #define HAVE_DL_ITERATE_PHDR 1
| /* end confdefs.h.  */
| /* Define getunwind to an innocuous variant, in case <limits.h> declares getunwind.
|    For example, HP-UX 11i <limits.h> declares gettimeofday.  */
| #define getunwind innocuous_getunwind
| 
| /* System header to define __stub macros and hopefully few prototypes,
|     which can conflict with char getunwind (); below.
|     Prefer <limits.h> to <assert.h> if __STDC__ is defined, since
|     <limits.h> exists even on freestanding compilers.  */
| 
| #ifdef __STDC__
| # include <limits.h>
| #else
| # include <assert.h>
| #endif
| 
| #undef getunwind
| 
| /* Override any GCC internal prototype to avoid an error.
|    Use char because int might match the return type of a GCC
|    builtin and then its argument prototype would still apply.  */
| #ifdef __cplusplus
| extern "C"
| #endif
| char getunwind ();
| /* The GNU C library defines this for functions which it implements
|     to always fail with ENOSYS.  Some functions are actually named
|     something starting with __ and the normal name is an alias.  */
| #if defined __stub_getunwind || defined __stub___getunwind
| choke me
| #endif
| 
| int
| main ()
| {
| return getunwind ();
|   ;
|   return 0;
| }
configure:17151: result: no
configure:17151: checking for ttrace
configure:17151: clang -o conftest -fPIC  -D_GNU_SOURCE  conftest.c  >&5
/tmp/conftest-2db095.o: In function `main':
conftest.c:(.text+0x12): undefined reference to `ttrace'
clang: error: linker command failed with exit code 1 (use -v to see invocation)
configure:17151: $? = 1
configure: failed program was:
| /* confdefs.h */
| #define PACKAGE_NAME "libunwind"
| #define PACKAGE_TARNAME "libunwind"
| #define PACKAGE_VERSION "1.1"
| #define PACKAGE_STRING "libunwind 1.1"
| #define PACKAGE_BUGREPORT "libunwind-devel@nongnu.org"
| #define PACKAGE_URL ""
| #define PACKAGE "libunwind"
| #define VERSION "1.1"
| #define STDC_HEADERS 1
| #define HAVE_SYS_TYPES_H 1
| #define HAVE_SYS_STAT_H 1
| #define HAVE_STDLIB_H 1
| #define HAVE_STRING_H 1
| #define HAVE_MEMORY_H 1
| #define HAVE_STRINGS_H 1
| #define HAVE_INTTYPES_H 1
| #define HAVE_STDINT_H 1
| #define HAVE_UNISTD_H 1
| #define HAVE_DLFCN_H 1
| #define LT_OBJDIR ".libs/"
| #define STDC_HEADERS 1
| #define HAVE_ENDIAN_H 1
| #define HAVE_EXECINFO_H 1
| #define HAVE_UNISTD_H 1
| #define HAVE_SIGNAL_H 1
| #define HAVE_SYS_TYPES_H 1
| #define HAVE_SYS_PROCFS_H 1
| #define HAVE_SYS_PTRACE_H 1
| #define HAVE_BYTESWAP_H 1
| #define SIZEOF_OFF_T 8
| #define HAVE_STRUCT_DL_PHDR_INFO_DLPI_SUBS 1
| #define HAVE_STRUCT_ELF_PRSTATUS 1
| #define HAVE_DECL_PTRACE_POKEUSER 1
| #define HAVE_DECL_PTRACE_POKEDATA 1
| #define HAVE_DECL_PTRACE_TRACEME 1
| #define HAVE_DECL_PTRACE_CONT 1
| #define HAVE_DECL_PTRACE_SINGLESTEP 1
| #define HAVE_DECL_PTRACE_SYSCALL 1
| #define HAVE_DECL_PT_IO 0
| #define HAVE_DECL_PT_GETREGS 1
| #define HAVE_DECL_PT_GETFPREGS 1
| #define HAVE_DECL_PT_CONTINUE 1
| #define HAVE_DECL_PT_TRACE_ME 1
| #define HAVE_DECL_PT_STEP 1
| #define HAVE_DECL_PT_SYSCALL 1
| #define HAVE_DL_ITERATE_PHDR 1
| /* end confdefs.h.  */
| /* Define ttrace to an innocuous variant, in case <limits.h> declares ttrace.
|    For example, HP-UX 11i <limits.h> declares gettimeofday.  */
| #define ttrace innocuous_ttrace
| 
| /* System header to define __stub macros and hopefully few prototypes,
|     which can conflict with char ttrace (); below.
|     Prefer <limits.h> to <assert.h> if __STDC__ is defined, since
|     <limits.h> exists even on freestanding compilers.  */
| 
| #ifdef __STDC__
| # include <limits.h>
| #else
| # include <assert.h>
| #endif
| 
| #undef ttrace
| 
| /* Override any GCC internal prototype to avoid an error.
|    Use char because int might match the return type of a GCC
|    builtin and then its argument prototype would still apply.  */
| #ifdef __cplusplus
| extern "C"
| #endif
| char ttrace ();
| /* The GNU C library defines this for functions which it implements
|     to always fail with ENOSYS.  Some functions are actually named
|     something starting with __ and the normal name is an alias.  */
| #if defined __stub_ttrace || defined __stub___ttrace
| choke me
| #endif
| 
| int
| main ()
| {
| return ttrace ();
|   ;
|   return 0;
| }
configure:17151: result: no
configure:17151: checking for mincore
configure:17151: clang -o conftest -fPIC  -D_GNU_SOURCE  conftest.c  >&5
configure:17151: $? = 0
configure:17151: result: yes
configure:17161: checking if building with AltiVec
configure:17171: clang -c -fPIC  -D_GNU_SOURCE conftest.c >&5
conftest.c:52:3: error: choke
# error choke
  ^
1 error generated.
configure:17171: $? = 1
configure: failed program was:
| /* confdefs.h */
| #define PACKAGE_NAME "libunwind"
| #define PACKAGE_TARNAME "libunwind"
| #define PACKAGE_VERSION "1.1"
| #define PACKAGE_STRING "libunwind 1.1"
| #define PACKAGE_BUGREPORT "libunwind-devel@nongnu.org"
| #define PACKAGE_URL ""
| #define PACKAGE "libunwind"
| #define VERSION "1.1"
| #define STDC_HEADERS 1
| #define HAVE_SYS_TYPES_H 1
| #define HAVE_SYS_STAT_H 1
| #define HAVE_STDLIB_H 1
| #define HAVE_STRING_H 1
| #define HAVE_MEMORY_H 1
| #define HAVE_STRINGS_H 1
| #define HAVE_INTTYPES_H 1
| #define HAVE_STDINT_H 1
| #define HAVE_UNISTD_H 1
| #define HAVE_DLFCN_H 1
| #define LT_OBJDIR ".libs/"
| #define STDC_HEADERS 1
| #define HAVE_ENDIAN_H 1
| #define HAVE_EXECINFO_H 1
| #define HAVE_UNISTD_H 1
| #define HAVE_SIGNAL_H 1
| #define HAVE_SYS_TYPES_H 1
| #define HAVE_SYS_PROCFS_H 1
| #define HAVE_SYS_PTRACE_H 1
| #define HAVE_BYTESWAP_H 1
| #define SIZEOF_OFF_T 8
| #define HAVE_STRUCT_DL_PHDR_INFO_DLPI_SUBS 1
| #define HAVE_STRUCT_ELF_PRSTATUS 1
| #define HAVE_DECL_PTRACE_POKEUSER 1
| #define HAVE_DECL_PTRACE_POKEDATA 1
| #define HAVE_DECL_PTRACE_TRACEME 1
| #define HAVE_DECL_PTRACE_CONT 1
| #define HAVE_DECL_PTRACE_SINGLESTEP 1
| #define HAVE_DECL_PTRACE_SYSCALL 1
| #define HAVE_DECL_PT_IO 0
| #define HAVE_DECL_PT_GETREGS 1
| #define HAVE_DECL_PT_GETFPREGS 1
| #define HAVE_DECL_PT_CONTINUE 1
| #define HAVE_DECL_PT_TRACE_ME 1
| #define HAVE_DECL_PT_STEP 1
| #define HAVE_DECL_PT_SYSCALL 1
| #define HAVE_DL_ITERATE_PHDR 1
| #define HAVE_MINCORE 1
| /* end confdefs.h.  */
| 
| #ifndef __ALTIVEC__
| # error choke
| #endif
| 
configure:17185: result: no
configure:17196: clang -c -fPIC  -D_GNU_SOURCE conftest.c >&5
conftest.c:52:3: error: choke
# error choke
  ^
1 error generated.
configure:17196: $? = 1
configure: failed program was:
| /* confdefs.h */
| #define PACKAGE_NAME "libunwind"
| #define PACKAGE_TARNAME "libunwind"
| #define PACKAGE_VERSION "1.1"
| #define PACKAGE_STRING "libunwind 1.1"
| #define PACKAGE_BUGREPORT "libunwind-devel@nongnu.org"
| #define PACKAGE_URL ""
| #define PACKAGE "libunwind"
| #define VERSION "1.1"
| #define STDC_HEADERS 1
| #define HAVE_SYS_TYPES_H 1
| #define HAVE_SYS_STAT_H 1
| #define HAVE_STDLIB_H 1
| #define HAVE_STRING_H 1
| #define HAVE_MEMORY_H 1
| #define HAVE_STRINGS_H 1
| #define HAVE_INTTYPES_H 1
| #define HAVE_STDINT_H 1
| #define HAVE_UNISTD_H 1
| #define HAVE_DLFCN_H 1
| #define LT_OBJDIR ".libs/"
| #define STDC_HEADERS 1
| #define HAVE_ENDIAN_H 1
| #define HAVE_EXECINFO_H 1
| #define HAVE_UNISTD_H 1
| #define HAVE_SIGNAL_H 1
| #define HAVE_SYS_TYPES_H 1
| #define HAVE_SYS_PROCFS_H 1
| #define HAVE_SYS_PTRACE_H 1
| #define HAVE_BYTESWAP_H 1
| #define SIZEOF_OFF_T 8
| #define HAVE_STRUCT_DL_PHDR_INFO_DLPI_SUBS 1
| #define HAVE_STRUCT_ELF_PRSTATUS 1
| #define HAVE_DECL_PTRACE_POKEUSER 1
| #define HAVE_DECL_PTRACE_POKEDATA 1
| #define HAVE_DECL_PTRACE_TRACEME 1
| #define HAVE_DECL_PTRACE_CONT 1
| #define HAVE_DECL_PTRACE_SINGLESTEP 1
| #define HAVE_DECL_PTRACE_SYSCALL 1
| #define HAVE_DECL_PT_IO 0
| #define HAVE_DECL_PT_GETREGS 1
| #define HAVE_DECL_PT_GETFPREGS 1
| #define HAVE_DECL_PT_CONTINUE 1
| #define HAVE_DECL_PT_TRACE_ME 1
| #define HAVE_DECL_PT_STEP 1
| #define HAVE_DECL_PT_SYSCALL 1
| #define HAVE_DL_ITERATE_PHDR 1
| #define HAVE_MINCORE 1
| /* end confdefs.h.  */
| 
| #ifndef __powerpc64__
| # error choke
| #endif
| 
configure:17279: checking if we should build libunwind-coredump
configure:17281: result: yes
configure:17284: checking for build architecture
configure:17286: result: x86_64
configure:17288: checking for host architecture
configure:17290: result: x86_64
configure:17292: checking for target architecture
configure:17294: result: x86_64
configure:17296: checking for target operating system
configure:17298: result: linux-gnu
configure:17414: checking for ELF helper width
configure:17419: result: 64
configure:17450: checking whether to include DWARF support
configure:17465: result: yes
configure:17475: checking whether to restrict build to remote support
configure:17483: result: no
configure:17486: checking whether to enable debug support
configure:17498: result: 
configure:17501: checking whether to enable C++ exception support
configure:17527: result: no
configure:17530: checking whether to load .debug_frame sections
configure:17548: result: no
configure:17551: checking whether to block signals during mutex ops
configure:17565: result: yes
configure:17568: checking whether to validate memory addresses before use
configure:17582: result: yes
configure:17585: checking whether to enable msabi support
configure:17597: result: 
configure:17600: checking whether to support LZMA-compressed symbol tables
configure:17609: result: no
configure:17675: checking for __thread
configure:17684: clang -fPIC -c conftest.c >&5
configure:17687: $? = 0
configure:17695: result: yes
configure:17706: checking for Intel compiler
configure:17721: clang -c -fPIC  -D_GNU_SOURCE -DNDEBUG conftest.c >&5
conftest.c:58:2: error: choke me
#error choke me
 ^
1 error generated.
configure:17721: $? = 1
configure: failed program was:
| /* confdefs.h */
| #define PACKAGE_NAME "libunwind"
| #define PACKAGE_TARNAME "libunwind"
| #define PACKAGE_VERSION "1.1"
| #define PACKAGE_STRING "libunwind 1.1"
| #define PACKAGE_BUGREPORT "libunwind-devel@nongnu.org"
| #define PACKAGE_URL ""
| #define PACKAGE "libunwind"
| #define VERSION "1.1"
| #define STDC_HEADERS 1
| #define HAVE_SYS_TYPES_H 1
| #define HAVE_SYS_STAT_H 1
| #define HAVE_STDLIB_H 1
| #define HAVE_STRING_H 1
| #define HAVE_MEMORY_H 1
| #define HAVE_STRINGS_H 1
| #define HAVE_INTTYPES_H 1
| #define HAVE_STDINT_H 1
| #define HAVE_UNISTD_H 1
| #define HAVE_DLFCN_H 1
| #define LT_OBJDIR ".libs/"
| #define STDC_HEADERS 1
| #define HAVE_ENDIAN_H 1
| #define HAVE_EXECINFO_H 1
| #define HAVE_UNISTD_H 1
| #define HAVE_SIGNAL_H 1
| #define HAVE_SYS_TYPES_H 1
| #define HAVE_SYS_PROCFS_H 1
| #define HAVE_SYS_PTRACE_H 1
| #define HAVE_BYTESWAP_H 1
| #define SIZEOF_OFF_T 8
| #define HAVE_STRUCT_DL_PHDR_INFO_DLPI_SUBS 1
| #define HAVE_STRUCT_ELF_PRSTATUS 1
| #define HAVE_DECL_PTRACE_POKEUSER 1
| #define HAVE_DECL_PTRACE_POKEDATA 1
| #define HAVE_DECL_PTRACE_TRACEME 1
| #define HAVE_DECL_PTRACE_CONT 1
| #define HAVE_DECL_PTRACE_SINGLESTEP 1
| #define HAVE_DECL_PTRACE_SYSCALL 1
| #define HAVE_DECL_PT_IO 0
| #define HAVE_DECL_PT_GETREGS 1
| #define HAVE_DECL_PT_GETFPREGS 1
| #define HAVE_DECL_PT_CONTINUE 1
| #define HAVE_DECL_PT_TRACE_ME 1
| #define HAVE_DECL_PT_STEP 1
| #define HAVE_DECL_PT_SYSCALL 1
| #define HAVE_DL_ITERATE_PHDR 1
| #define HAVE_MINCORE 1
| #define CONFIG_BLOCK_SIGNALS /**/
| #define CONSERVATIVE_CHECKS 1
| #define HAVE___THREAD 1
| /* end confdefs.h.  */
| 
| int
| main ()
| {
| #ifndef __INTEL_COMPILER
| #error choke me
| #endif
|   ;
|   return 0;
| }
configure:17732: result: no
configure:17766: checking for __builtin___clear_cache
configure:17779: clang -o conftest -fPIC -fexceptions -Wall -Wsign-compare  -D_GNU_SOURCE -DNDEBUG  conftest.c  >&5
configure:17779: $? = 0
configure:17791: result: yes
configure:17794: checking for __sync atomics
configure:17810: clang -o conftest -fPIC -fexceptions -Wall -Wsign-compare  -D_GNU_SOURCE -DNDEBUG  conftest.c  >&5
configure:17810: $? = 0
configure:17822: result: yes
configure:17837: checking for library containing backtrace
configure:17868: clang -o conftest -fPIC -fexceptions -Wall -Wsign-compare  -D_GNU_SOURCE -DNDEBUG  conftest.c  >&5
configure:17868: $? = 0
configure:17885: result: none required
configure:18022: checking that generated files are newer than configure
configure:18028: result: done
configure:18147: creating ./config.status

## ---------------------- ##
## Running config.status. ##
## ---------------------- ##

This file was extended by libunwind config.status 1.1, which was
generated by GNU Autoconf 2.69.  Invocation command line was

  CONFIG_FILES    = 
  CONFIG_HEADERS  = 
  CONFIG_LINKS    = 
  CONFIG_COMMANDS = 
  $ ./config.status 

on LAPTOP-U0EVOPHL

config.status:1259: creating Makefile
config.status:1259: creating src/Makefile
config.status:1259: creating tests/Makefile
config.status:1259: creating tests/check-namespace.sh
config.status:1259: creating doc/Makefile
config.status:1259: creating doc/common.tex
config.status:1259: creating include/libunwind-common.h
config.status:1259: creating include/libunwind.h
config.status:1259: creating include/tdep/libunwind_i.h
config.status:1259: creating src/unwind/libunwind.pc
config.status:1259: creating src/coredump/libunwind-coredump.pc
config.status:1259: creating src/ptrace/libunwind-ptrace.pc
config.status:1259: creating src/setjmp/libunwind-setjmp.pc
config.status:1259: creating src/libunwind-generic.pc
config.status:1259: creating include/config.h
config.status:1488: executing depfiles commands
config.status:1488: executing libtool commands

## ---------------- ##
## Cache variables. ##
## ---------------- ##

ac_cv_build=x86_64-pc-linux-gnu
ac_cv_c_compiler_gnu=yes
ac_cv_c_const=yes
ac_cv_c_inline=inline
ac_cv_cxx_compiler_gnu=yes
ac_cv_env_CCASFLAGS_set=
ac_cv_env_CCASFLAGS_value=
ac_cv_env_CCAS_set=
ac_cv_env_CCAS_value=
ac_cv_env_CCC_set=
ac_cv_env_CCC_value=
ac_cv_env_CC_set=set
ac_cv_env_CC_value=clang
ac_cv_env_CFLAGS_set=set
ac_cv_env_CFLAGS_value=-fPIC
ac_cv_env_CPPFLAGS_set=
ac_cv_env_CPPFLAGS_value=
ac_cv_env_CPP_set=
ac_cv_env_CPP_value=
ac_cv_env_CXXCPP_set=
ac_cv_env_CXXCPP_value=
ac_cv_env_CXXFLAGS_set=set
ac_cv_env_CXXFLAGS_value=-fPIC
ac_cv_env_CXX_set=set
ac_cv_env_CXX_value=clang++
ac_cv_env_LDFLAGS_set=
ac_cv_env_LDFLAGS_value=
ac_cv_env_LIBS_set=
ac_cv_env_LIBS_value=
ac_cv_env_LT_SYS_LIBRARY_PATH_set=
ac_cv_env_LT_SYS_LIBRARY_PATH_value=
ac_cv_env_build_alias_set=
ac_cv_env_build_alias_value=
ac_cv_env_host_alias_set=
ac_cv_env_host_alias_value=
ac_cv_env_target_alias_set=
ac_cv_env_target_alias_value=
ac_cv_func_dl_iterate_phdr=yes
ac_cv_func_dl_phdr_removals_counter=no
ac_cv_func_dlmodinfo=no
ac_cv_func_getunwind=no
ac_cv_func_mincore=yes
ac_cv_func_ttrace=no
ac_cv_have_decl_PTRACE_CONT=yes
ac_cv_have_decl_PTRACE_POKEDATA=yes
ac_cv_have_decl_PTRACE_POKEUSER=yes
ac_cv_have_decl_PTRACE_SINGLESTEP=yes
ac_cv_have_decl_PTRACE_SYSCALL=yes
ac_cv_have_decl_PTRACE_TRACEME=yes
ac_cv_have_decl_PT_CONTINUE=yes
ac_cv_have_decl_PT_GETFPREGS=yes
ac_cv_have_decl_PT_GETREGS=yes
ac_cv_have_decl_PT_IO=no
ac_cv_have_decl_PT_STEP=yes
ac_cv_have_decl_PT_SYSCALL=yes
ac_cv_have_decl_PT_TRACE_ME=yes
ac_cv_header_asm_ptrace_offsets_h=no
ac_cv_header_atomic_ops_h=no
ac_cv_header_byteswap_h=yes
ac_cv_header_dlfcn_h=yes
ac_cv_header_endian_h=yes
ac_cv_header_execinfo_h=yes
ac_cv_header_ia64intrin_h=no
ac_cv_header_inttypes_h=yes
ac_cv_header_memory_h=yes
ac_cv_header_signal_h=yes
ac_cv_header_stdc=yes
ac_cv_header_stdint_h=yes
ac_cv_header_stdlib_h=yes
ac_cv_header_string_h=yes
ac_cv_header_strings_h=yes
ac_cv_header_sys_endian_h=no
ac_cv_header_sys_procfs_h=yes
ac_cv_header_sys_ptrace_h=yes
ac_cv_header_sys_stat_h=yes
ac_cv_header_sys_types_h=yes
ac_cv_header_sys_uc_access_h=no
ac_cv_header_unistd_h=yes
ac_cv_host=x86_64-pc-linux-gnu
ac_cv_lib_uca___uc_get_grs=no
ac_cv_member_struct_dl_phdr_info_dlpi_subs=yes
ac_cv_objext=o
ac_cv_path_EGREP='/bin/grep -E'
ac_cv_path_FGREP='/bin/grep -F'
ac_cv_path_GREP=/bin/grep
ac_cv_path_SED=/bin/sed
ac_cv_path_install='/usr/bin/install -c'
ac_cv_path_lt_DD=/bin/dd
ac_cv_path_mkdir=/bin/mkdir
ac_cv_prog_AWK=gawk
ac_cv_prog_CPP='clang -E'
ac_cv_prog_CXXCPP='clang++ -E'
ac_cv_prog_ac_ct_AR=ar
ac_cv_prog_ac_ct_CC=clang
ac_cv_prog_ac_ct_MANIFEST_TOOL=mt
ac_cv_prog_ac_ct_OBJDUMP=objdump
ac_cv_prog_ac_ct_RANLIB=ranlib
ac_cv_prog_ac_ct_STRIP=strip
ac_cv_prog_cc_c89=
ac_cv_prog_cc_g=yes
ac_cv_prog_cxx_g=yes
ac_cv_prog_make_make_set=yes
ac_cv_search_backtrace='none required'
ac_cv_search_dlopen=-ldl
ac_cv_sizeof_off_t=8
ac_cv_target=x86_64-pc-linux-gnu
ac_cv_type_size_t=yes
ac_cv_type_struct_elf_prstatus=yes
ac_cv_type_struct_prstatus=no
am_cv_CCAS_dependencies_compiler_type=gcc3
am_cv_CC_dependencies_compiler_type=gcc3
am_cv_CXX_dependencies_compiler_type=gcc3
am_cv_make_support_nested_variables=yes
am_cv_prog_cc_c_o=yes
libc_cv_gcc___thread=yes
lt_cv_ar_at_file=@
lt_cv_deplibs_check_method=pass_all
lt_cv_file_magic_cmd='$MAGIC_CMD'
lt_cv_file_magic_test_file=
lt_cv_ld_reload_flag=-r
lt_cv_nm_interface='BSD nm'
lt_cv_objdir=.libs
lt_cv_path_LD=/usr/bin/ld
lt_cv_path_LDCXX='/usr/bin/ld -m elf_x86_64'
lt_cv_path_NM='/usr/bin/nm -B'
lt_cv_path_mainfest_tool=no
lt_cv_prog_compiler_c_o=yes
lt_cv_prog_compiler_c_o_CXX=yes
lt_cv_prog_compiler_pic='-fPIC -DPIC'
lt_cv_prog_compiler_pic_CXX='-fPIC -DPIC'
lt_cv_prog_compiler_pic_works=yes
lt_cv_prog_compiler_pic_works_CXX=yes
lt_cv_prog_compiler_rtti_exceptions=yes
lt_cv_prog_compiler_static_works=yes
lt_cv_prog_compiler_static_works_CXX=yes
lt_cv_prog_gnu_ld=yes
lt_cv_prog_gnu_ldcxx=yes
lt_cv_sharedlib_from_linklib_cmd='printf %s\n'
lt_cv_shlibpath_overrides_runpath=no
lt_cv_sys_global_symbol_pipe='sed -n -e '\''s/^.*[	 ]\([ABCDGIRSTW][ABCDGIRSTW]*\)[	 ][	 ]*\([_A-Za-z][_A-Za-z0-9]*\)$/\1 \2 \2/p'\'' | sed '\''/ __gnu_lto/d'\'''
lt_cv_sys_global_symbol_to_c_name_address='sed -n -e '\''s/^: \(.*\) .*$/  {"\1", (void *) 0},/p'\'' -e '\''s/^[ABCDGIRSTW][ABCDGIRSTW]* .* \(.*\)$/  {"\1", (void *) \&\1},/p'\'''
lt_cv_sys_global_symbol_to_c_name_address_lib_prefix='sed -n -e '\''s/^: \(.*\) .*$/  {"\1", (void *) 0},/p'\'' -e '\''s/^[ABCDGIRSTW][ABCDGIRSTW]* .* \(lib.*\)$/  {"\1", (void *) \&\1},/p'\'' -e '\''s/^[ABCDGIRSTW][ABCDGIRSTW]* .* \(.*\)$/  {"lib\1", (void *) \&\1},/p'\'''
lt_cv_sys_global_symbol_to_cdecl='sed -n -e '\''s/^T .* \(.*\)$/extern int \1();/p'\'' -e '\''s/^[ABCDGIRSTW][ABCDGIRSTW]* .* \(.*\)$/extern char \1;/p'\'''
lt_cv_sys_global_symbol_to_import=
lt_cv_sys_max_cmd_len=1572864
lt_cv_to_host_file_cmd=func_convert_file_noop
lt_cv_to_tool_file_cmd=func_convert_file_noop
lt_cv_truncate_bin='/bin/dd bs=4096 count=1'

## ----------------- ##
## Output variables. ##
## ----------------- ##

ACLOCAL='${SHELL} /mnt/c/Github/metal/ct/libunwind/config/missing aclocal-1.15'
AMDEPBACKSLASH='\'
AMDEP_FALSE='#'
AMDEP_TRUE=''
AMTAR='$${TAR-tar}'
AM_BACKSLASH='\'
AM_DEFAULT_V='$(AM_DEFAULT_VERBOSITY)'
AM_DEFAULT_VERBOSITY='1'
AM_V='$(V)'
AR='ar'
ARCH='X86_64'
ARCH_ARM_FALSE=''
ARCH_ARM_TRUE='#'
ARCH_HPPA_FALSE=''
ARCH_HPPA_TRUE='#'
ARCH_IA64_FALSE=''
ARCH_IA64_TRUE='#'
ARCH_MIPS_FALSE=''
ARCH_MIPS_TRUE='#'
ARCH_PPC32_FALSE=''
ARCH_PPC32_TRUE='#'
ARCH_PPC64_FALSE=''
ARCH_PPC64_TRUE='#'
ARCH_SH_FALSE=''
ARCH_SH_TRUE='#'
ARCH_X86_64_FALSE='#'
ARCH_X86_64_TRUE=''
ARCH_X86_FALSE=''
ARCH_X86_TRUE='#'
AUTOCONF='${SHELL} /mnt/c/Github/metal/ct/libunwind/config/missing autoconf'
AUTOHEADER='${SHELL} /mnt/c/Github/metal/ct/libunwind/config/missing autoheader'
AUTOMAKE='${SHELL} /mnt/c/Github/metal/ct/libunwind/config/missing automake-1.15'
AWK='gawk'
BUILD_COREDUMP_FALSE='#'
BUILD_COREDUMP_TRUE=''
CC='clang'
CCAS='clang'
CCASDEPMODE='depmode=gcc3'
CCASFLAGS='-fPIC  -D_GNU_SOURCE -DNDEBUG'
CCDEPMODE='depmode=gcc3'
CFLAGS='-fPIC -fexceptions -Wall -Wsign-compare'
CPP='clang -E'
CPPFLAGS=' -D_GNU_SOURCE -DNDEBUG'
CXX='clang++'
CXXCPP='clang++ -E'
CXXDEPMODE='depmode=gcc3'
CXXFLAGS='-fPIC'
CYGPATH_W='echo'
DEFS='-DHAVE_CONFIG_H'
DEPDIR='.deps'
DLLIB='-ldl'
DLLTOOL='false'
DSYMUTIL=''
DUMPBIN=''
ECHO_C=''
ECHO_N='-n'
ECHO_T=''
EGREP='/bin/grep -E'
EXEEXT=''
FGREP='/bin/grep -F'
GREP='/bin/grep'
HAVE_LZMA_FALSE=''
HAVE_LZMA_TRUE='#'
INSTALL_DATA='${INSTALL} -m 644'
INSTALL_PROGRAM='${INSTALL}'
INSTALL_SCRIPT='${INSTALL}'
INSTALL_STRIP_PROGRAM='$(install_sh) -c -s'
LD='/usr/bin/ld -m elf_x86_64'
LDFLAGS=''
LDFLAGS_STATIC_LIBCXA=''
LIBCRTS='-lgcc'
LIBLZMA=''
LIBOBJS=''
LIBS=''
LIBTOOL='$(SHELL) $(top_builddir)/libtool'
LIPO=''
LN_S='ln -s'
LTLIBOBJS=''
LT_SYS_LIBRARY_PATH=''
MAINT='#'
MAINTAINER_MODE_FALSE=''
MAINTAINER_MODE_TRUE='#'
MAKEINFO='${SHELL} /mnt/c/Github/metal/ct/libunwind/config/missing makeinfo'
MANIFEST_TOOL=':'
MKDIR_P='/bin/mkdir -p'
NM='/usr/bin/nm -B'
NMEDIT=''
OBJDUMP='objdump'
OBJEXT='o'
OS_FREEBSD_FALSE=''
OS_FREEBSD_TRUE='#'
OS_HPUX_FALSE=''
OS_HPUX_TRUE='#'
OS_LINUX_FALSE='#'
OS_LINUX_TRUE=''
OTOOL64=''
OTOOL=''
PACKAGE='libunwind'
PACKAGE_BUGREPORT='libunwind-devel@nongnu.org'
PACKAGE_NAME='libunwind'
PACKAGE_STRING='libunwind 1.1'
PACKAGE_TARNAME='libunwind'
PACKAGE_URL=''
PACKAGE_VERSION='1.1'
PATH_SEPARATOR=':'
PKG_EXTRA=''
PKG_MAINTAINER='libunwind-devel@nongnu.org'
PKG_MAJOR='1'
PKG_MINOR='1'
RANLIB='ranlib'
REMOTE_ONLY_FALSE=''
REMOTE_ONLY_TRUE='#'
SED='/bin/sed'
SET_MAKE=''
SHELL='/bin/bash'
STRIP='strip'
SUPPORT_CXX_EXCEPTIONS_FALSE=''
SUPPORT_CXX_EXCEPTIONS_TRUE='#'
USE_ALTIVEC_FALSE=''
USE_ALTIVEC_TRUE='#'
USE_DWARF_FALSE='#'
USE_DWARF_TRUE=''
USE_ELF32_FALSE=''
USE_ELF32_TRUE='#'
USE_ELF64_FALSE='#'
USE_ELF64_TRUE=''
USE_ELFXX_FALSE=''
USE_ELFXX_TRUE='#'
VERSION='1.1'
ac_ct_AR='ar'
ac_ct_CC='clang'
ac_ct_CXX=''
ac_ct_DUMPBIN=''
am__EXEEXT_FALSE=''
am__EXEEXT_TRUE='#'
am__fastdepCCAS_FALSE='#'
am__fastdepCCAS_TRUE=''
am__fastdepCC_FALSE='#'
am__fastdepCC_TRUE=''
am__fastdepCXX_FALSE='#'
am__fastdepCXX_TRUE=''
am__include='include'
am__isrc=''
am__leading_dot='.'
am__nodep='_no'
am__quote=''
am__tar='$${TAR-tar} chof - "$$tardir"'
am__untar='$${TAR-tar} xf -'
arch='x86_64'
bindir='${exec_prefix}/bin'
build='x86_64-pc-linux-gnu'
build_alias=''
build_arch='x86_64'
build_cpu='x86_64'
build_os='linux-gnu'
build_vendor='pc'
datadir='${datarootdir}'
datarootdir='${prefix}/share'
docdir='${datarootdir}/doc/${PACKAGE_TARNAME}'
dvidir='${docdir}'
enable_cxx_exceptions='no'
enable_debug_frame='no'
exec_prefix='${prefix}'
host='x86_64-pc-linux-gnu'
host_alias=''
host_cpu='x86_64'
host_os='linux-gnu'
host_vendor='pc'
htmldir='${docdir}'
includedir='${prefix}/include'
infodir='${datarootdir}/info'
install_sh='${SHELL} /mnt/c/Github/metal/ct/libunwind/config/install-sh'
libdir='${exec_prefix}/lib'
libexecdir='${exec_prefix}/libexec'
localedir='${datarootdir}/locale'
localstatedir='${prefix}/var'
mandir='${datarootdir}/man'
mkdir_p='$(MKDIR_P)'
oldincludedir='/usr/include'
pdfdir='${docdir}'
prefix='/mnt/c/Github/metal/ct/install'
program_transform_name='s,x,x,'
psdir='${docdir}'
runstatedir='${localstatedir}/run'
sbindir='${exec_prefix}/sbin'
sharedstatedir='${prefix}/com'
sysconfdir='${prefix}/etc'
target='x86_64-pc-linux-gnu'
target_alias=''
target_cpu='x86_64'
target_os='linux-gnu'
target_vendor='pc'

## ----------- ##
## confdefs.h. ##
## ----------- ##

/* confdefs.h */
#define PACKAGE_NAME "libunwind"
#define PACKAGE_TARNAME "libunwind"
#define PACKAGE_VERSION "1.1"
#define PACKAGE_STRING "libunwind 1.1"
#define PACKAGE_BUGREPORT "libunwind-devel@nongnu.org"
#define PACKAGE_URL ""
#define PACKAGE "libunwind"
#define VERSION "1.1"
#define STDC_HEADERS 1
#define HAVE_SYS_TYPES_H 1
#define HAVE_SYS_STAT_H 1
#define HAVE_STDLIB_H 1
#define HAVE_STRING_H 1
#define HAVE_MEMORY_H 1
#define HAVE_STRINGS_H 1
#define HAVE_INTTYPES_H 1
#define HAVE_STDINT_H 1
#define HAVE_UNISTD_H 1
#define HAVE_DLFCN_H 1
#define LT_OBJDIR ".libs/"
#define STDC_HEADERS 1
#define HAVE_ENDIAN_H 1
#define HAVE_EXECINFO_H 1
#define HAVE_UNISTD_H 1
#define HAVE_SIGNAL_H 1
#define HAVE_SYS_TYPES_H 1
#define HAVE_SYS_PROCFS_H 1
#define HAVE_SYS_PTRACE_H 1
#define HAVE_BYTESWAP_H 1
#define SIZEOF_OFF_T 8
#define HAVE_STRUCT_DL_PHDR_INFO_DLPI_SUBS 1
#define HAVE_STRUCT_ELF_PRSTATUS 1
#define HAVE_DECL_PTRACE_POKEUSER 1
#define HAVE_DECL_PTRACE_POKEDATA 1
#define HAVE_DECL_PTRACE_TRACEME 1
#define HAVE_DECL_PTRACE_CONT 1
#define HAVE_DECL_PTRACE_SINGLESTEP 1
#define HAVE_DECL_PTRACE_SYSCALL 1
#define HAVE_DECL_PT_IO 0
#define HAVE_DECL_PT_GETREGS 1
#define HAVE_DECL_PT_GETFPREGS 1
#define HAVE_DECL_PT_CONTINUE 1
#define HAVE_DECL_PT_TRACE_ME 1
#define HAVE_DECL_PT_STEP 1
#define HAVE_DECL_PT_SYSCALL 1
#define HAVE_DL_ITERATE_PHDR 1
#define HAVE_MINCORE 1
#define CONFIG_BLOCK_SIGNALS /**/
#define CONSERVATIVE_CHECKS 1
#define HAVE___THREAD 1
#define HAVE__BUILTIN___CLEAR_CACHE 1
#define HAVE_SYNC_ATOMICS 1

configure: exit 0
