This file contains any messages produced by compilers while
running configure, to aid debugging if configure makes a mistake.

It was created by json-c configure 0.12, which was
generated by GNU Autoconf 2.69.  Invocation command line was

  $ ./configure --prefix=/mnt/c/Github/metal/ct/install --disable-shared --enable-static CFLAGS= -I/mnt/c/Github/metal/ct/install/include -fPIC LDFLAGS=-L/mnt/c/Github/metal/ct/install/lib

## --------- ##
## Platform. ##
## --------- ##

hostname = LAPTOP-U0EVOPHL
uname -m = x86_64
uname -r = 4.4.0-17134-Microsoft
uname -s = Linux
uname -v = #345-Microsoft Wed Sep 19 17:47:00 PST 2018

/usr/bin/uname -p = unknown
/bin/uname -X     = unknown

/bin/arch              = unknown
/usr/bin/arch -k       = unknown
/usr/convex/getsysinfo = unknown
/usr/bin/hostinfo      = unknown
/bin/machine           = unknown
/usr/bin/oslevel       = unknown
/bin/universe          = unknown

PATH: /home/vphan/.opam/4.06.0/bin
PATH: /home/vphan/bin
PATH: /home/vphan/.local/bin
PATH: /usr/local/sbin
PATH: /usr/local/bin
PATH: /usr/sbin
PATH: /usr/bin
PATH: /sbin
PATH: /bin
PATH: /usr/games
PATH: /usr/local/games
PATH: /mnt/c/Program Files (x86)/Common Files/Oracle/Java/javapath_target_638078
PATH: /mnt/c/ProgramData/Oracle/Java/javapath_target_668250
PATH: /mnt/c/Windows/System32
PATH: /mnt/c/Windows
PATH: /mnt/c/Windows/System32/wbem
PATH: /mnt/c/Windows/System32/WindowsPowerShell/v1.0
PATH: /mnt/c/Windows/System32/OpenSSH
PATH: /mnt/c/Users/vphan/AppData/Local/Microsoft/WindowsApps
PATH: /mnt/c/Program Files (x86)/Nmap
PATH: /mnt/c/Github/depot_tools


## ----------- ##
## Core tests. ##
## ----------- ##

configure:2376: checking for a BSD-compatible install
configure:2444: result: /usr/bin/install -c
configure:2455: checking whether build environment is sane
configure:2510: result: yes
configure:2661: checking for a thread-safe mkdir -p
configure:2700: result: /bin/mkdir -p
configure:2707: checking for gawk
configure:2723: found /usr/bin/gawk
configure:2734: result: gawk
configure:2745: checking whether make sets $(MAKE)
configure:2767: result: yes
configure:2796: checking whether make supports nested variables
configure:2813: result: yes
configure:2940: checking whether make sets $(MAKE)
configure:2962: result: yes
configure:2987: result: RDRAND Hardware RNG Hash Seed disabled. Use --enable-rdrand to enable
configure:3008: checking for style of include used by make
configure:3036: result: GNU
configure:3107: checking for gcc
configure:3134: result: clang
configure:3363: checking for C compiler version
configure:3372: clang --version >&5
clang version 3.8.0-2ubuntu4 (tags/RELEASE_380/final)
Target: x86_64-pc-linux-gnu
Thread model: posix
InstalledDir: /usr/bin
configure:3383: $? = 0
configure:3372: clang -v >&5
clang version 3.8.0-2ubuntu4 (tags/RELEASE_380/final)
Target: x86_64-pc-linux-gnu
Thread model: posix
InstalledDir: /usr/bin
Found candidate GCC installation: /usr/bin/../lib/gcc/x86_64-linux-gnu/5.4.0
Found candidate GCC installation: /usr/bin/../lib/gcc/x86_64-linux-gnu/6.0.0
Found candidate GCC installation: /usr/lib/gcc/x86_64-linux-gnu/5.4.0
Found candidate GCC installation: /usr/lib/gcc/x86_64-linux-gnu/6.0.0
Selected GCC installation: /usr/bin/../lib/gcc/x86_64-linux-gnu/5.4.0
Candidate multilib: .;@m64
... rest of stderr output deleted ...
configure:3383: $? = 0
configure:3372: clang -V >&5
clang: error: argument to '-V' is missing (expected 1 value)
clang: error: no input files
configure:3383: $? = 1
configure:3372: clang -qversion >&5
clang: error: unknown argument: '-qversion'
clang: error: no input files
configure:3383: $? = 1
configure:3403: checking whether the C compiler works
configure:3425: clang  -I/mnt/c/Github/metal/ct/install/include -fPIC  -L/mnt/c/Github/metal/ct/install/lib conftest.c  >&5
configure:3429: $? = 0
configure:3477: result: yes
configure:3480: checking for C compiler default output file name
configure:3482: result: a.out
configure:3488: checking for suffix of executables
configure:3495: clang -o conftest  -I/mnt/c/Github/metal/ct/install/include -fPIC  -L/mnt/c/Github/metal/ct/install/lib conftest.c  >&5
configure:3499: $? = 0
configure:3521: result: 
configure:3543: checking whether we are cross compiling
configure:3551: clang -o conftest  -I/mnt/c/Github/metal/ct/install/include -fPIC  -L/mnt/c/Github/metal/ct/install/lib conftest.c  >&5
configure:3555: $? = 0
configure:3562: ./conftest
configure:3566: $? = 0
configure:3581: result: no
configure:3586: checking for suffix of object files
configure:3608: clang -c  -I/mnt/c/Github/metal/ct/install/include -fPIC  conftest.c >&5
configure:3612: $? = 0
configure:3633: result: o
configure:3637: checking whether we are using the GNU C compiler
configure:3656: clang -c  -I/mnt/c/Github/metal/ct/install/include -fPIC  conftest.c >&5
configure:3656: $? = 0
configure:3665: result: yes
configure:3674: checking whether clang accepts -g
configure:3694: clang -c -g  conftest.c >&5
configure:3694: $? = 0
configure:3735: result: yes
configure:3752: checking for clang option to accept ISO C89
configure:3815: clang  -c  -I/mnt/c/Github/metal/ct/install/include -fPIC  conftest.c >&5
configure:3815: $? = 0
configure:3828: result: none needed
configure:3853: checking whether clang understands -c and -o together
configure:3875: clang -c conftest.c -o conftest2.o
configure:3878: $? = 0
configure:3875: clang -c conftest.c -o conftest2.o
configure:3878: $? = 0
configure:3890: result: yes
configure:3909: checking dependency style of clang
configure:4020: result: gcc3
configure:4046: checking how to run the C preprocessor
configure:4077: clang -E  conftest.c
configure:4077: $? = 0
configure:4091: clang -E  conftest.c
conftest.c:11:10: fatal error: 'ac_nonexistent.h' file not found
#include <ac_nonexistent.h>
         ^
1 error generated.
configure:4091: $? = 1
configure: failed program was:
| /* confdefs.h */
| #define PACKAGE_NAME "json-c"
| #define PACKAGE_TARNAME "json-c"
| #define PACKAGE_VERSION "0.12"
| #define PACKAGE_STRING "json-c 0.12"
| #define PACKAGE_BUGREPORT "json-c@googlegroups.com"
| #define PACKAGE_URL ""
| #define PACKAGE "json-c"
| #define VERSION "0.12"
| /* end confdefs.h.  */
| #include <ac_nonexistent.h>
configure:4116: result: clang -E
configure:4136: clang -E  conftest.c
configure:4136: $? = 0
configure:4150: clang -E  conftest.c
conftest.c:11:10: fatal error: 'ac_nonexistent.h' file not found
#include <ac_nonexistent.h>
         ^
1 error generated.
configure:4150: $? = 1
configure: failed program was:
| /* confdefs.h */
| #define PACKAGE_NAME "json-c"
| #define PACKAGE_TARNAME "json-c"
| #define PACKAGE_VERSION "0.12"
| #define PACKAGE_STRING "json-c 0.12"
| #define PACKAGE_BUGREPORT "json-c@googlegroups.com"
| #define PACKAGE_URL ""
| #define PACKAGE "json-c"
| #define VERSION "0.12"
| /* end confdefs.h.  */
| #include <ac_nonexistent.h>
configure:4179: checking for grep that handles long lines and -e
configure:4237: result: /bin/grep
configure:4242: checking for egrep
configure:4304: result: /bin/grep -E
configure:4309: checking for ANSI C header files
configure:4329: clang -c  -I/mnt/c/Github/metal/ct/install/include -fPIC  conftest.c >&5
configure:4329: $? = 0
configure:4402: clang -o conftest  -I/mnt/c/Github/metal/ct/install/include -fPIC  -L/mnt/c/Github/metal/ct/install/lib conftest.c  >&5
configure:4402: $? = 0
configure:4402: ./conftest
configure:4402: $? = 0
configure:4413: result: yes
configure:4426: checking for sys/types.h
configure:4426: clang -c  -I/mnt/c/Github/metal/ct/install/include -fPIC  conftest.c >&5
configure:4426: $? = 0
configure:4426: result: yes
configure:4426: checking for sys/stat.h
configure:4426: clang -c  -I/mnt/c/Github/metal/ct/install/include -fPIC  conftest.c >&5
configure:4426: $? = 0
configure:4426: result: yes
configure:4426: checking for stdlib.h
configure:4426: clang -c  -I/mnt/c/Github/metal/ct/install/include -fPIC  conftest.c >&5
configure:4426: $? = 0
configure:4426: result: yes
configure:4426: checking for string.h
configure:4426: clang -c  -I/mnt/c/Github/metal/ct/install/include -fPIC  conftest.c >&5
configure:4426: $? = 0
configure:4426: result: yes
configure:4426: checking for memory.h
configure:4426: clang -c  -I/mnt/c/Github/metal/ct/install/include -fPIC  conftest.c >&5
configure:4426: $? = 0
configure:4426: result: yes
configure:4426: checking for strings.h
configure:4426: clang -c  -I/mnt/c/Github/metal/ct/install/include -fPIC  conftest.c >&5
configure:4426: $? = 0
configure:4426: result: yes
configure:4426: checking for inttypes.h
configure:4426: clang -c  -I/mnt/c/Github/metal/ct/install/include -fPIC  conftest.c >&5
configure:4426: $? = 0
configure:4426: result: yes
configure:4426: checking for stdint.h
configure:4426: clang -c  -I/mnt/c/Github/metal/ct/install/include -fPIC  conftest.c >&5
configure:4426: $? = 0
configure:4426: result: yes
configure:4426: checking for unistd.h
configure:4426: clang -c  -I/mnt/c/Github/metal/ct/install/include -fPIC  conftest.c >&5
configure:4426: $? = 0
configure:4426: result: yes
configure:4441: checking fcntl.h usability
configure:4441: clang -c  -I/mnt/c/Github/metal/ct/install/include -fPIC  conftest.c >&5
configure:4441: $? = 0
configure:4441: result: yes
configure:4441: checking fcntl.h presence
configure:4441: clang -E  conftest.c
configure:4441: $? = 0
configure:4441: result: yes
configure:4441: checking for fcntl.h
configure:4441: result: yes
configure:4441: checking limits.h usability
configure:4441: clang -c  -I/mnt/c/Github/metal/ct/install/include -fPIC  conftest.c >&5
configure:4441: $? = 0
configure:4441: result: yes
configure:4441: checking limits.h presence
configure:4441: clang -E  conftest.c
configure:4441: $? = 0
configure:4441: result: yes
configure:4441: checking for limits.h
configure:4441: result: yes
configure:4441: checking for strings.h
configure:4441: result: yes
configure:4441: checking syslog.h usability
configure:4441: clang -c  -I/mnt/c/Github/metal/ct/install/include -fPIC  conftest.c >&5
configure:4441: $? = 0
configure:4441: result: yes
configure:4441: checking syslog.h presence
configure:4441: clang -E  conftest.c
configure:4441: $? = 0
configure:4441: result: yes
configure:4441: checking for syslog.h
configure:4441: result: yes
configure:4441: checking for unistd.h
configure:4441: result: yes
configure:4441: checking sys/cdefs.h usability
configure:4441: clang -c  -I/mnt/c/Github/metal/ct/install/include -fPIC  conftest.c >&5
configure:4441: $? = 0
configure:4441: result: yes
configure:4441: checking sys/cdefs.h presence
configure:4441: clang -E  conftest.c
configure:4441: $? = 0
configure:4441: result: yes
configure:4441: checking for sys/cdefs.h
configure:4441: result: yes
configure:4441: checking sys/param.h usability
configure:4441: clang -c  -I/mnt/c/Github/metal/ct/install/include -fPIC  conftest.c >&5
configure:4441: $? = 0
configure:4441: result: yes
configure:4441: checking sys/param.h presence
configure:4441: clang -E  conftest.c
configure:4441: $? = 0
configure:4441: result: yes
configure:4441: checking for sys/param.h
configure:4441: result: yes
configure:4441: checking stdarg.h usability
configure:4441: clang -c  -I/mnt/c/Github/metal/ct/install/include -fPIC  conftest.c >&5
configure:4441: $? = 0
configure:4441: result: yes
configure:4441: checking stdarg.h presence
configure:4441: clang -E  conftest.c
configure:4441: $? = 0
configure:4441: result: yes
configure:4441: checking for stdarg.h
configure:4441: result: yes
configure:4441: checking locale.h usability
configure:4441: clang -c  -I/mnt/c/Github/metal/ct/install/include -fPIC  conftest.c >&5
configure:4441: $? = 0
configure:4441: result: yes
configure:4441: checking locale.h presence
configure:4441: clang -E  conftest.c
configure:4441: $? = 0
configure:4441: result: yes
configure:4441: checking for locale.h
configure:4441: result: yes
configure:4441: checking endian.h usability
configure:4441: clang -c  -I/mnt/c/Github/metal/ct/install/include -fPIC  conftest.c >&5
configure:4441: $? = 0
configure:4441: result: yes
configure:4441: checking endian.h presence
configure:4441: clang -E  conftest.c
configure:4441: $? = 0
configure:4441: result: yes
configure:4441: checking for endian.h
configure:4441: result: yes
configure:4451: checking for inttypes.h
configure:4451: result: yes
configure:4461: checking for an ANSI C-conforming const
configure:4527: clang -c  -I/mnt/c/Github/metal/ct/install/include -fPIC  conftest.c >&5
configure:4527: $? = 0
configure:4534: result: yes
configure:4542: checking for size_t
configure:4542: clang -c  -I/mnt/c/Github/metal/ct/install/include -fPIC  conftest.c >&5
configure:4542: $? = 0
configure:4542: clang -c  -I/mnt/c/Github/metal/ct/install/include -fPIC  conftest.c >&5
conftest.c:68:21: error: expected expression
if (sizeof ((size_t)))
                    ^
1 error generated.
configure:4542: $? = 1
configure: failed program was:
| /* confdefs.h */
| #define PACKAGE_NAME "json-c"
| #define PACKAGE_TARNAME "json-c"
| #define PACKAGE_VERSION "0.12"
| #define PACKAGE_STRING "json-c 0.12"
| #define PACKAGE_BUGREPORT "json-c@googlegroups.com"
| #define PACKAGE_URL ""
| #define PACKAGE "json-c"
| #define VERSION "0.12"
| #define STDC_HEADERS 1
| #define HAVE_SYS_TYPES_H 1
| #define HAVE_SYS_STAT_H 1
| #define HAVE_STDLIB_H 1
| #define HAVE_STRING_H 1
| #define HAVE_MEMORY_H 1
| #define HAVE_STRINGS_H 1
| #define HAVE_INTTYPES_H 1
| #define HAVE_STDINT_H 1
| #define HAVE_UNISTD_H 1
| #define HAVE_FCNTL_H 1
| #define HAVE_LIMITS_H 1
| #define HAVE_STRINGS_H 1
| #define HAVE_SYSLOG_H 1
| #define HAVE_UNISTD_H 1
| #define HAVE_SYS_CDEFS_H 1
| #define HAVE_SYS_PARAM_H 1
| #define HAVE_STDARG_H 1
| #define HAVE_LOCALE_H 1
| #define HAVE_ENDIAN_H 1
| #define JSON_C_HAVE_INTTYPES_H 1
| /* end confdefs.h.  */
| #include <stdio.h>
| #ifdef HAVE_SYS_TYPES_H
| # include <sys/types.h>
| #endif
| #ifdef HAVE_SYS_STAT_H
| # include <sys/stat.h>
| #endif
| #ifdef STDC_HEADERS
| # include <stdlib.h>
| # include <stddef.h>
| #else
| # ifdef HAVE_STDLIB_H
| #  include <stdlib.h>
| # endif
| #endif
| #ifdef HAVE_STRING_H
| # if !defined STDC_HEADERS && defined HAVE_MEMORY_H
| #  include <memory.h>
| # endif
| # include <string.h>
| #endif
| #ifdef HAVE_STRINGS_H
| # include <strings.h>
| #endif
| #ifdef HAVE_INTTYPES_H
| # include <inttypes.h>
| #endif
| #ifdef HAVE_STDINT_H
| # include <stdint.h>
| #endif
| #ifdef HAVE_UNISTD_H
| # include <unistd.h>
| #endif
| int
| main ()
| {
| if (sizeof ((size_t)))
| 	    return 0;
|   ;
|   return 0;
| }
configure:4542: result: yes
configure:4557: checking for vprintf
configure:4557: clang -o conftest  -I/mnt/c/Github/metal/ct/install/include -fPIC  -L/mnt/c/Github/metal/ct/install/lib conftest.c  >&5
conftest.c:55:6: warning: incompatible redeclaration of library function 'vprintf' [-Wincompatible-library-redeclaration]
char vprintf ();
     ^
conftest.c:55:6: note: 'vprintf' is a builtin with type 'int (const char *, struct __va_list_tag *)'
1 warning generated.
configure:4557: $? = 0
configure:4557: result: yes
configure:4563: checking for _doprnt
configure:4563: clang -o conftest  -I/mnt/c/Github/metal/ct/install/include -fPIC  -L/mnt/c/Github/metal/ct/install/lib conftest.c  >&5
/tmp/conftest-d81812.o: In function `main':
conftest.c:(.text+0x12): undefined reference to `_doprnt'
clang: error: linker command failed with exit code 1 (use -v to see invocation)
configure:4563: $? = 1
configure: failed program was:
| /* confdefs.h */
| #define PACKAGE_NAME "json-c"
| #define PACKAGE_TARNAME "json-c"
| #define PACKAGE_VERSION "0.12"
| #define PACKAGE_STRING "json-c 0.12"
| #define PACKAGE_BUGREPORT "json-c@googlegroups.com"
| #define PACKAGE_URL ""
| #define PACKAGE "json-c"
| #define VERSION "0.12"
| #define STDC_HEADERS 1
| #define HAVE_SYS_TYPES_H 1
| #define HAVE_SYS_STAT_H 1
| #define HAVE_STDLIB_H 1
| #define HAVE_STRING_H 1
| #define HAVE_MEMORY_H 1
| #define HAVE_STRINGS_H 1
| #define HAVE_INTTYPES_H 1
| #define HAVE_STDINT_H 1
| #define HAVE_UNISTD_H 1
| #define HAVE_FCNTL_H 1
| #define HAVE_LIMITS_H 1
| #define HAVE_STRINGS_H 1
| #define HAVE_SYSLOG_H 1
| #define HAVE_UNISTD_H 1
| #define HAVE_SYS_CDEFS_H 1
| #define HAVE_SYS_PARAM_H 1
| #define HAVE_STDARG_H 1
| #define HAVE_LOCALE_H 1
| #define HAVE_ENDIAN_H 1
| #define JSON_C_HAVE_INTTYPES_H 1
| #define HAVE_VPRINTF 1
| /* end confdefs.h.  */
| /* Define _doprnt to an innocuous variant, in case <limits.h> declares _doprnt.
|    For example, HP-UX 11i <limits.h> declares gettimeofday.  */
| #define _doprnt innocuous__doprnt
| 
| /* System header to define __stub macros and hopefully few prototypes,
|     which can conflict with char _doprnt (); below.
|     Prefer <limits.h> to <assert.h> if __STDC__ is defined, since
|     <limits.h> exists even on freestanding compilers.  */
| 
| #ifdef __STDC__
| # include <limits.h>
| #else
| # include <assert.h>
| #endif
| 
| #undef _doprnt
| 
| /* Override any GCC internal prototype to avoid an error.
|    Use char because int might match the return type of a GCC
|    builtin and then its argument prototype would still apply.  */
| #ifdef __cplusplus
| extern "C"
| #endif
| char _doprnt ();
| /* The GNU C library defines this for functions which it implements
|     to always fail with ENOSYS.  Some functions are actually named
|     something starting with __ and the normal name is an alias.  */
| #if defined __stub__doprnt || defined __stub____doprnt
| choke me
| #endif
| 
| int
| main ()
| {
| return _doprnt ();
|   ;
|   return 0;
| }
configure:4563: result: no
configure:4574: checking for working memcmp
configure:4617: clang -o conftest  -I/mnt/c/Github/metal/ct/install/include -fPIC  -L/mnt/c/Github/metal/ct/install/lib conftest.c  >&5
configure:4617: $? = 0
configure:4617: ./conftest
configure:4617: $? = 0
configure:4627: result: yes
configure:4638: checking for stdlib.h
configure:4638: result: yes
configure:4648: checking for GNU libc compatible malloc
configure:4672: clang -o conftest  -I/mnt/c/Github/metal/ct/install/include -fPIC  -L/mnt/c/Github/metal/ct/install/lib conftest.c  >&5
configure:4672: $? = 0
configure:4672: ./conftest
configure:4672: $? = 0
configure:4682: result: yes
configure:4705: checking for stdlib.h
configure:4705: result: yes
configure:4715: checking for GNU libc compatible realloc
configure:4739: clang -o conftest  -I/mnt/c/Github/metal/ct/install/include -fPIC  -L/mnt/c/Github/metal/ct/install/lib conftest.c  >&5
configure:4739: $? = 0
configure:4739: ./conftest
configure:4739: $? = 0
configure:4749: result: yes
configure:4773: checking for strcasecmp
configure:4773: clang -o conftest  -I/mnt/c/Github/metal/ct/install/include -fPIC  -L/mnt/c/Github/metal/ct/install/lib conftest.c  >&5
conftest.c:60:6: warning: incompatible redeclaration of library function 'strcasecmp' [-Wincompatible-library-redeclaration]
char strcasecmp ();
     ^
conftest.c:60:6: note: 'strcasecmp' is a builtin with type 'int (const char *, const char *)'
1 warning generated.
configure:4773: $? = 0
configure:4773: result: yes
configure:4773: checking for strdup
configure:4773: clang -o conftest  -I/mnt/c/Github/metal/ct/install/include -fPIC  -L/mnt/c/Github/metal/ct/install/lib conftest.c  >&5
conftest.c:61:6: warning: incompatible redeclaration of library function 'strdup' [-Wincompatible-library-redeclaration]
char strdup ();
     ^
conftest.c:61:6: note: 'strdup' is a builtin with type 'char *(const char *)'
1 warning generated.
configure:4773: $? = 0
configure:4773: result: yes
configure:4773: checking for strerror
configure:4773: clang -o conftest  -I/mnt/c/Github/metal/ct/install/include -fPIC  -L/mnt/c/Github/metal/ct/install/lib conftest.c  >&5
conftest.c:62:6: warning: incompatible redeclaration of library function 'strerror' [-Wincompatible-library-redeclaration]
char strerror ();
     ^
conftest.c:62:6: note: 'strerror' is a builtin with type 'char *(int)'
1 warning generated.
configure:4773: $? = 0
configure:4773: result: yes
configure:4773: checking for snprintf
configure:4773: clang -o conftest  -I/mnt/c/Github/metal/ct/install/include -fPIC  -L/mnt/c/Github/metal/ct/install/lib conftest.c  >&5
conftest.c:63:6: warning: incompatible redeclaration of library function 'snprintf' [-Wincompatible-library-redeclaration]
char snprintf ();
     ^
conftest.c:63:6: note: 'snprintf' is a builtin with type 'int (char *, unsigned long, const char *, ...)'
1 warning generated.
configure:4773: $? = 0
configure:4773: result: yes
configure:4773: checking for vsnprintf
configure:4773: clang -o conftest  -I/mnt/c/Github/metal/ct/install/include -fPIC  -L/mnt/c/Github/metal/ct/install/lib conftest.c  >&5
conftest.c:64:6: warning: incompatible redeclaration of library function 'vsnprintf' [-Wincompatible-library-redeclaration]
char vsnprintf ();
     ^
conftest.c:64:6: note: 'vsnprintf' is a builtin with type 'int (char *, unsigned long, const char *, struct __va_list_tag *)'
1 warning generated.
configure:4773: $? = 0
configure:4773: result: yes
configure:4773: checking for vasprintf
configure:4773: clang -o conftest  -I/mnt/c/Github/metal/ct/install/include -fPIC  -L/mnt/c/Github/metal/ct/install/lib conftest.c  >&5
conftest.c:76:19: warning: format string missing [-Wformat]
return vasprintf ();
       ~~~~~~~~~  ^
1 warning generated.
configure:4773: $? = 0
configure:4773: result: yes
configure:4773: checking for open
configure:4773: clang -o conftest  -I/mnt/c/Github/metal/ct/install/include -fPIC  -L/mnt/c/Github/metal/ct/install/lib conftest.c  >&5
configure:4773: $? = 0
configure:4773: result: yes
configure:4773: checking for vsyslog
configure:4773: clang -o conftest  -I/mnt/c/Github/metal/ct/install/include -fPIC  -L/mnt/c/Github/metal/ct/install/lib conftest.c  >&5
configure:4773: $? = 0
configure:4773: result: yes
configure:4773: checking for strncasecmp
configure:4773: clang -o conftest  -I/mnt/c/Github/metal/ct/install/include -fPIC  -L/mnt/c/Github/metal/ct/install/lib conftest.c  >&5
conftest.c:68:6: warning: incompatible redeclaration of library function 'strncasecmp' [-Wincompatible-library-redeclaration]
char strncasecmp ();
     ^
conftest.c:68:6: note: 'strncasecmp' is a builtin with type 'int (const char *, const char *, unsigned long)'
1 warning generated.
configure:4773: $? = 0
configure:4773: result: yes
configure:4773: checking for setlocale
configure:4773: clang -o conftest  -I/mnt/c/Github/metal/ct/install/include -fPIC  -L/mnt/c/Github/metal/ct/install/lib conftest.c  >&5
configure:4773: $? = 0
configure:4773: result: yes
configure:4782: checking whether INFINITY is declared
configure:4782: clang -c  -I/mnt/c/Github/metal/ct/install/include -fPIC  conftest.c >&5
configure:4782: $? = 0
configure:4782: result: yes
configure:4794: checking whether nan is declared
configure:4794: clang -c  -I/mnt/c/Github/metal/ct/install/include -fPIC  conftest.c >&5
configure:4794: $? = 0
configure:4794: result: yes
configure:4806: checking whether isnan is declared
configure:4806: clang -c  -I/mnt/c/Github/metal/ct/install/include -fPIC  conftest.c >&5
configure:4806: $? = 0
configure:4806: result: yes
configure:4818: checking whether isinf is declared
configure:4818: clang -c  -I/mnt/c/Github/metal/ct/install/include -fPIC  conftest.c >&5
configure:4818: $? = 0
configure:4818: result: yes
configure:4830: checking whether _isnan is declared
configure:4830: clang -c  -I/mnt/c/Github/metal/ct/install/include -fPIC  conftest.c >&5
conftest.c:60:10: error: use of undeclared identifier '_isnan'
  (void) _isnan;
         ^
1 error generated.
configure:4830: $? = 1
configure: failed program was:
| /* confdefs.h */
| #define PACKAGE_NAME "json-c"
| #define PACKAGE_TARNAME "json-c"
| #define PACKAGE_VERSION "0.12"
| #define PACKAGE_STRING "json-c 0.12"
| #define PACKAGE_BUGREPORT "json-c@googlegroups.com"
| #define PACKAGE_URL ""
| #define PACKAGE "json-c"
| #define VERSION "0.12"
| #define STDC_HEADERS 1
| #define HAVE_SYS_TYPES_H 1
| #define HAVE_SYS_STAT_H 1
| #define HAVE_STDLIB_H 1
| #define HAVE_STRING_H 1
| #define HAVE_MEMORY_H 1
| #define HAVE_STRINGS_H 1
| #define HAVE_INTTYPES_H 1
| #define HAVE_STDINT_H 1
| #define HAVE_UNISTD_H 1
| #define HAVE_FCNTL_H 1
| #define HAVE_LIMITS_H 1
| #define HAVE_STRINGS_H 1
| #define HAVE_SYSLOG_H 1
| #define HAVE_UNISTD_H 1
| #define HAVE_SYS_CDEFS_H 1
| #define HAVE_SYS_PARAM_H 1
| #define HAVE_STDARG_H 1
| #define HAVE_LOCALE_H 1
| #define HAVE_ENDIAN_H 1
| #define JSON_C_HAVE_INTTYPES_H 1
| #define HAVE_VPRINTF 1
| #define HAVE_STDLIB_H 1
| #define HAVE_MALLOC 1
| #define HAVE_STDLIB_H 1
| #define HAVE_REALLOC 1
| #define HAVE_STRCASECMP 1
| #define HAVE_STRDUP 1
| #define HAVE_STRERROR 1
| #define HAVE_SNPRINTF 1
| #define HAVE_VSNPRINTF 1
| #define HAVE_VASPRINTF 1
| #define HAVE_OPEN 1
| #define HAVE_VSYSLOG 1
| #define HAVE_STRNCASECMP 1
| #define HAVE_SETLOCALE 1
| #define HAVE_DECL_INFINITY 1
| #define HAVE_DECL_NAN 1
| #define HAVE_DECL_ISNAN 1
| #define HAVE_DECL_ISINF 1
| /* end confdefs.h.  */
| #include <float.h>
| 
| int
| main ()
| {
| #ifndef _isnan
| #ifdef __cplusplus
|   (void) _isnan;
| #else
|   (void) _isnan;
| #endif
| #endif
| 
|   ;
|   return 0;
| }
configure:4830: result: no
configure:4842: checking whether _finite is declared
configure:4842: clang -c  -I/mnt/c/Github/metal/ct/install/include -fPIC  conftest.c >&5
conftest.c:61:10: error: use of undeclared identifier '_finite'
  (void) _finite;
         ^
1 error generated.
configure:4842: $? = 1
configure: failed program was:
| /* confdefs.h */
| #define PACKAGE_NAME "json-c"
| #define PACKAGE_TARNAME "json-c"
| #define PACKAGE_VERSION "0.12"
| #define PACKAGE_STRING "json-c 0.12"
| #define PACKAGE_BUGREPORT "json-c@googlegroups.com"
| #define PACKAGE_URL ""
| #define PACKAGE "json-c"
| #define VERSION "0.12"
| #define STDC_HEADERS 1
| #define HAVE_SYS_TYPES_H 1
| #define HAVE_SYS_STAT_H 1
| #define HAVE_STDLIB_H 1
| #define HAVE_STRING_H 1
| #define HAVE_MEMORY_H 1
| #define HAVE_STRINGS_H 1
| #define HAVE_INTTYPES_H 1
| #define HAVE_STDINT_H 1
| #define HAVE_UNISTD_H 1
| #define HAVE_FCNTL_H 1
| #define HAVE_LIMITS_H 1
| #define HAVE_STRINGS_H 1
| #define HAVE_SYSLOG_H 1
| #define HAVE_UNISTD_H 1
| #define HAVE_SYS_CDEFS_H 1
| #define HAVE_SYS_PARAM_H 1
| #define HAVE_STDARG_H 1
| #define HAVE_LOCALE_H 1
| #define HAVE_ENDIAN_H 1
| #define JSON_C_HAVE_INTTYPES_H 1
| #define HAVE_VPRINTF 1
| #define HAVE_STDLIB_H 1
| #define HAVE_MALLOC 1
| #define HAVE_STDLIB_H 1
| #define HAVE_REALLOC 1
| #define HAVE_STRCASECMP 1
| #define HAVE_STRDUP 1
| #define HAVE_STRERROR 1
| #define HAVE_SNPRINTF 1
| #define HAVE_VSNPRINTF 1
| #define HAVE_VASPRINTF 1
| #define HAVE_OPEN 1
| #define HAVE_VSYSLOG 1
| #define HAVE_STRNCASECMP 1
| #define HAVE_SETLOCALE 1
| #define HAVE_DECL_INFINITY 1
| #define HAVE_DECL_NAN 1
| #define HAVE_DECL_ISNAN 1
| #define HAVE_DECL_ISINF 1
| #define HAVE_DECL__ISNAN 0
| /* end confdefs.h.  */
| #include <float.h>
| 
| int
| main ()
| {
| #ifndef _finite
| #ifdef __cplusplus
|   (void) _finite;
| #else
|   (void) _finite;
| #endif
| #endif
| 
|   ;
|   return 0;
| }
configure:4842: result: no
configure:4863: checking if .gnu.warning accepts long strings
configure:4874: clang -o conftest  -I/mnt/c/Github/metal/ct/install/include -fPIC  -L/mnt/c/Github/metal/ct/install/lib conftest.c  >&5
conftest.c:57:5: error: second parameter of 'main' (argument array) must be of type 'char **'
int main(int c,char* v) {return 0;}
    ^
1 error generated.
configure:4874: $? = 1
configure: failed program was:
| /* confdefs.h */
| #define PACKAGE_NAME "json-c"
| #define PACKAGE_TARNAME "json-c"
| #define PACKAGE_VERSION "0.12"
| #define PACKAGE_STRING "json-c 0.12"
| #define PACKAGE_BUGREPORT "json-c@googlegroups.com"
| #define PACKAGE_URL ""
| #define PACKAGE "json-c"
| #define VERSION "0.12"
| #define STDC_HEADERS 1
| #define HAVE_SYS_TYPES_H 1
| #define HAVE_SYS_STAT_H 1
| #define HAVE_STDLIB_H 1
| #define HAVE_STRING_H 1
| #define HAVE_MEMORY_H 1
| #define HAVE_STRINGS_H 1
| #define HAVE_INTTYPES_H 1
| #define HAVE_STDINT_H 1
| #define HAVE_UNISTD_H 1
| #define HAVE_FCNTL_H 1
| #define HAVE_LIMITS_H 1
| #define HAVE_STRINGS_H 1
| #define HAVE_SYSLOG_H 1
| #define HAVE_UNISTD_H 1
| #define HAVE_SYS_CDEFS_H 1
| #define HAVE_SYS_PARAM_H 1
| #define HAVE_STDARG_H 1
| #define HAVE_LOCALE_H 1
| #define HAVE_ENDIAN_H 1
| #define JSON_C_HAVE_INTTYPES_H 1
| #define HAVE_VPRINTF 1
| #define HAVE_STDLIB_H 1
| #define HAVE_MALLOC 1
| #define HAVE_STDLIB_H 1
| #define HAVE_REALLOC 1
| #define HAVE_STRCASECMP 1
| #define HAVE_STRDUP 1
| #define HAVE_STRERROR 1
| #define HAVE_SNPRINTF 1
| #define HAVE_VSNPRINTF 1
| #define HAVE_VASPRINTF 1
| #define HAVE_OPEN 1
| #define HAVE_VSYSLOG 1
| #define HAVE_STRNCASECMP 1
| #define HAVE_SETLOCALE 1
| #define HAVE_DECL_INFINITY 1
| #define HAVE_DECL_NAN 1
| #define HAVE_DECL_ISNAN 1
| #define HAVE_DECL_ISINF 1
| #define HAVE_DECL__ISNAN 0
| #define HAVE_DECL__FINITE 0
| /* end confdefs.h.  */
| 
| extern void json_object_get();
| __asm__(".section .gnu.json_object_get,\n\t.ascii \"Please link against libjson-c instead of libjson\"\n\t.text");
| 
| int main(int c,char* v) {return 0;}
| 
configure:4884: result: no
configure:4927: checking build system type
configure:4941: result: x86_64-pc-linux-gnu
configure:4961: checking host system type
configure:4974: result: x86_64-pc-linux-gnu
configure:5015: checking how to print strings
configure:5042: result: printf
configure:5063: checking for a sed that does not truncate output
configure:5127: result: /bin/sed
configure:5145: checking for fgrep
configure:5207: result: /bin/grep -F
configure:5242: checking for ld used by clang
configure:5309: result: /usr/bin/ld
configure:5316: checking if the linker (/usr/bin/ld) is GNU ld
configure:5331: result: yes
configure:5343: checking for BSD- or MS-compatible name lister (nm)
configure:5397: result: /usr/bin/nm -B
configure:5527: checking the name lister (/usr/bin/nm -B) interface
configure:5534: clang -c  -I/mnt/c/Github/metal/ct/install/include -fPIC  conftest.c >&5
configure:5537: /usr/bin/nm -B "conftest.o"
configure:5540: output
0000000000000000 B some_variable
configure:5547: result: BSD nm
configure:5550: checking whether ln -s works
configure:5554: result: yes
configure:5562: checking the maximum length of command line arguments
configure:5693: result: 1572864
configure:5741: checking how to convert x86_64-pc-linux-gnu file names to x86_64-pc-linux-gnu format
configure:5781: result: func_convert_file_noop
configure:5788: checking how to convert x86_64-pc-linux-gnu file names to toolchain format
configure:5808: result: func_convert_file_noop
configure:5815: checking for /usr/bin/ld option to reload object files
configure:5822: result: -r
configure:5896: checking for objdump
configure:5912: found /usr/bin/objdump
configure:5923: result: objdump
configure:5955: checking how to recognize dependent libraries
configure:6155: result: pass_all
configure:6240: checking for dlltool
configure:6270: result: no
configure:6300: checking how to associate runtime and link libraries
configure:6327: result: printf %s\n
configure:6387: checking for ar
configure:6403: found /usr/bin/ar
configure:6414: result: ar
configure:6451: checking for archiver @FILE support
configure:6468: clang -c  -I/mnt/c/Github/metal/ct/install/include -fPIC  conftest.c >&5
configure:6468: $? = 0
configure:6471: ar cru libconftest.a @conftest.lst >&5
ar: `u' modifier ignored since `D' is the default (see `U')
configure:6474: $? = 0
configure:6479: ar cru libconftest.a @conftest.lst >&5
ar: `u' modifier ignored since `D' is the default (see `U')
ar: conftest.o: No such file or directory
configure:6482: $? = 1
configure:6494: result: @
configure:6552: checking for strip
configure:6568: found /usr/bin/strip
configure:6579: result: strip
configure:6651: checking for ranlib
configure:6667: found /usr/bin/ranlib
configure:6678: result: ranlib
configure:6780: checking command to parse /usr/bin/nm -B output from clang object
configure:6933: clang -c  -I/mnt/c/Github/metal/ct/install/include -fPIC  conftest.c >&5
configure:6936: $? = 0
configure:6940: /usr/bin/nm -B conftest.o \| sed -n -e 's/^.*[ ]\([ABCDGIRSTW][ABCDGIRSTW]*\)[ ][ ]*\([_A-Za-z][_A-Za-z0-9]*\)$/\1 \2 \2/p' | sed '/ __gnu_lto/d' \> conftest.nm
configure:6943: $? = 0
configure:7009: clang -o conftest  -I/mnt/c/Github/metal/ct/install/include -fPIC  -L/mnt/c/Github/metal/ct/install/lib conftest.c conftstm.o >&5
configure:7012: $? = 0
configure:7050: result: ok
configure:7097: checking for sysroot
configure:7127: result: no
configure:7134: checking for a working dd
configure:7172: result: /bin/dd
configure:7176: checking how to truncate binary pipes
configure:7191: result: /bin/dd bs=4096 count=1
configure:7327: clang -c  -I/mnt/c/Github/metal/ct/install/include -fPIC  conftest.c >&5
configure:7330: $? = 0
configure:7520: checking for mt
configure:7536: found /bin/mt
configure:7547: result: mt
configure:7570: checking if mt is a manifest tool
configure:7576: mt '-?'
configure:7584: result: no
configure:8258: checking for dlfcn.h
configure:8258: clang -c  -I/mnt/c/Github/metal/ct/install/include -fPIC  conftest.c >&5
configure:8258: $? = 0
configure:8258: result: yes
configure:8514: checking for objdir
configure:8529: result: .libs
configure:8789: checking if clang supports -fno-rtti -fno-exceptions
configure:8807: clang -c  -I/mnt/c/Github/metal/ct/install/include -fPIC  -fno-rtti -fno-exceptions conftest.c >&5
configure:8811: $? = 0
configure:8824: result: yes
configure:9182: checking for clang option to produce PIC
configure:9189: result: -fPIC -DPIC
configure:9197: checking if clang PIC flag -fPIC -DPIC works
configure:9215: clang -c  -I/mnt/c/Github/metal/ct/install/include -fPIC  -fPIC -DPIC -DPIC conftest.c >&5
configure:9219: $? = 0
configure:9232: result: yes
configure:9261: checking if clang static flag -static works
configure:9289: result: yes
configure:9304: checking if clang supports -c -o file.o
configure:9325: clang -c  -I/mnt/c/Github/metal/ct/install/include -fPIC  -o out/conftest2.o conftest.c >&5
configure:9329: $? = 0
configure:9351: result: yes
configure:9359: checking if clang supports -c -o file.o
configure:9406: result: yes
configure:9439: checking whether the clang linker (/usr/bin/ld -m elf_x86_64) supports shared libraries
configure:10702: result: yes
configure:10942: checking dynamic linker characteristics
configure:11523: clang -o conftest  -I/mnt/c/Github/metal/ct/install/include -fPIC  -L/mnt/c/Github/metal/ct/install/lib -Wl,-rpath -Wl,/foo conftest.c  >&5
configure:11523: $? = 0
configure:11772: result: GNU/Linux ld.so
configure:11894: checking how to hardcode library paths into programs
configure:11919: result: immediate
configure:12467: checking whether stripping libraries is possible
configure:12472: result: yes
configure:12507: checking if libtool supports shared libraries
configure:12509: result: yes
configure:12512: checking whether to build shared libraries
configure:12537: result: no
configure:12540: checking whether to build static libraries
configure:12544: result: yes
configure:12594: checking for -Bsymbolic-functions linker flag
configure:12608: clang -o conftest  -I/mnt/c/Github/metal/ct/install/include -fPIC  -Wl,-Bsymbolic-functions conftest.c  >&5
conftest.c:59:17: error: function definition is not allowed here
int main (void) { return 0; }
                ^
1 error generated.
configure:12608: $? = 1
configure: failed program was:
| /* confdefs.h */
| #define PACKAGE_NAME "json-c"
| #define PACKAGE_TARNAME "json-c"
| #define PACKAGE_VERSION "0.12"
| #define PACKAGE_STRING "json-c 0.12"
| #define PACKAGE_BUGREPORT "json-c@googlegroups.com"
| #define PACKAGE_URL ""
| #define PACKAGE "json-c"
| #define VERSION "0.12"
| #define STDC_HEADERS 1
| #define HAVE_SYS_TYPES_H 1
| #define HAVE_SYS_STAT_H 1
| #define HAVE_STDLIB_H 1
| #define HAVE_STRING_H 1
| #define HAVE_MEMORY_H 1
| #define HAVE_STRINGS_H 1
| #define HAVE_INTTYPES_H 1
| #define HAVE_STDINT_H 1
| #define HAVE_UNISTD_H 1
| #define HAVE_FCNTL_H 1
| #define HAVE_LIMITS_H 1
| #define HAVE_STRINGS_H 1
| #define HAVE_SYSLOG_H 1
| #define HAVE_UNISTD_H 1
| #define HAVE_SYS_CDEFS_H 1
| #define HAVE_SYS_PARAM_H 1
| #define HAVE_STDARG_H 1
| #define HAVE_LOCALE_H 1
| #define HAVE_ENDIAN_H 1
| #define JSON_C_HAVE_INTTYPES_H 1
| #define HAVE_VPRINTF 1
| #define HAVE_STDLIB_H 1
| #define HAVE_MALLOC 1
| #define HAVE_STDLIB_H 1
| #define HAVE_REALLOC 1
| #define HAVE_STRCASECMP 1
| #define HAVE_STRDUP 1
| #define HAVE_STRERROR 1
| #define HAVE_SNPRINTF 1
| #define HAVE_VSNPRINTF 1
| #define HAVE_VASPRINTF 1
| #define HAVE_OPEN 1
| #define HAVE_VSYSLOG 1
| #define HAVE_STRNCASECMP 1
| #define HAVE_SETLOCALE 1
| #define HAVE_DECL_INFINITY 1
| #define HAVE_DECL_NAN 1
| #define HAVE_DECL_ISNAN 1
| #define HAVE_DECL_ISINF 1
| #define HAVE_DECL__ISNAN 0
| #define HAVE_DECL__FINITE 0
| #define HAVE_DLFCN_H 1
| #define LT_OBJDIR ".libs/"
| /* end confdefs.h.  */
| 
| int
| main ()
| {
| int main (void) { return 0; }
|   ;
|   return 0;
| }
configure:12616: result: no
configure:12744: checking that generated files are newer than configure
configure:12750: result: done
configure:12773: creating ./config.status

## ---------------------- ##
## Running config.status. ##
## ---------------------- ##

This file was extended by json-c config.status 0.12, which was
generated by GNU Autoconf 2.69.  Invocation command line was

  CONFIG_FILES    = 
  CONFIG_HEADERS  = 
  CONFIG_LINKS    = 
  CONFIG_COMMANDS = 
  $ ./config.status 

on LAPTOP-U0EVOPHL

config.status:1121: creating Makefile
config.status:1121: creating json-c.pc
config.status:1121: creating tests/Makefile
config.status:1121: creating json-c-uninstalled.pc
config.status:1121: creating config.h
config.status:1121: creating json_config.h
config.status:1350: executing depfiles commands
config.status:1350: executing libtool commands

## ---------------- ##
## Cache variables. ##
## ---------------- ##

ac_cv_build=x86_64-pc-linux-gnu
ac_cv_c_compiler_gnu=yes
ac_cv_c_const=yes
ac_cv_env_CC_set=set
ac_cv_env_CC_value=clang
ac_cv_env_CFLAGS_set=set
ac_cv_env_CFLAGS_value=' -I/mnt/c/Github/metal/ct/install/include -fPIC'
ac_cv_env_CPPFLAGS_set=
ac_cv_env_CPPFLAGS_value=
ac_cv_env_CPP_set=
ac_cv_env_CPP_value=
ac_cv_env_LDFLAGS_set=set
ac_cv_env_LDFLAGS_value=-L/mnt/c/Github/metal/ct/install/lib
ac_cv_env_LIBS_set=
ac_cv_env_LIBS_value=
ac_cv_env_LT_SYS_LIBRARY_PATH_set=
ac_cv_env_LT_SYS_LIBRARY_PATH_value=
ac_cv_env_build_alias_set=
ac_cv_env_build_alias_value=
ac_cv_env_host_alias_set=
ac_cv_env_host_alias_value=
ac_cv_env_target_alias_set=
ac_cv_env_target_alias_value=
ac_cv_func__doprnt=no
ac_cv_func_malloc_0_nonnull=yes
ac_cv_func_memcmp_working=yes
ac_cv_func_open=yes
ac_cv_func_realloc_0_nonnull=yes
ac_cv_func_setlocale=yes
ac_cv_func_snprintf=yes
ac_cv_func_strcasecmp=yes
ac_cv_func_strdup=yes
ac_cv_func_strerror=yes
ac_cv_func_strncasecmp=yes
ac_cv_func_vasprintf=yes
ac_cv_func_vprintf=yes
ac_cv_func_vsnprintf=yes
ac_cv_func_vsyslog=yes
ac_cv_have_decl_INFINITY=yes
ac_cv_have_decl__finite=no
ac_cv_have_decl__isnan=no
ac_cv_have_decl_isinf=yes
ac_cv_have_decl_isnan=yes
ac_cv_have_decl_nan=yes
ac_cv_header_dlfcn_h=yes
ac_cv_header_endian_h=yes
ac_cv_header_fcntl_h=yes
ac_cv_header_inttypes_h=yes
ac_cv_header_limits_h=yes
ac_cv_header_locale_h=yes
ac_cv_header_memory_h=yes
ac_cv_header_stdarg_h=yes
ac_cv_header_stdc=yes
ac_cv_header_stdint_h=yes
ac_cv_header_stdlib_h=yes
ac_cv_header_string_h=yes
ac_cv_header_strings_h=yes
ac_cv_header_sys_cdefs_h=yes
ac_cv_header_sys_param_h=yes
ac_cv_header_sys_stat_h=yes
ac_cv_header_sys_types_h=yes
ac_cv_header_syslog_h=yes
ac_cv_header_unistd_h=yes
ac_cv_host=x86_64-pc-linux-gnu
ac_cv_objext=o
ac_cv_path_EGREP='/bin/grep -E'
ac_cv_path_FGREP='/bin/grep -F'
ac_cv_path_GREP=/bin/grep
ac_cv_path_SED=/bin/sed
ac_cv_path_install='/usr/bin/install -c'
ac_cv_path_lt_DD=/bin/dd
ac_cv_path_mkdir=/bin/mkdir
ac_cv_prog_AWK=gawk
ac_cv_prog_CPP='clang -E'
ac_cv_prog_ac_ct_AR=ar
ac_cv_prog_ac_ct_CC=clang
ac_cv_prog_ac_ct_MANIFEST_TOOL=mt
ac_cv_prog_ac_ct_OBJDUMP=objdump
ac_cv_prog_ac_ct_RANLIB=ranlib
ac_cv_prog_ac_ct_STRIP=strip
ac_cv_prog_cc_c89=
ac_cv_prog_cc_g=yes
ac_cv_prog_make_make_set=yes
ac_cv_type_size_t=yes
am_cv_CC_dependencies_compiler_type=gcc3
am_cv_make_support_nested_variables=yes
am_cv_prog_cc_c_o=yes
lt_cv_ar_at_file=@
lt_cv_deplibs_check_method=pass_all
lt_cv_file_magic_cmd='$MAGIC_CMD'
lt_cv_file_magic_test_file=
lt_cv_ld_reload_flag=-r
lt_cv_nm_interface='BSD nm'
lt_cv_objdir=.libs
lt_cv_path_LD=/usr/bin/ld
lt_cv_path_NM='/usr/bin/nm -B'
lt_cv_path_mainfest_tool=no
lt_cv_prog_compiler_c_o=yes
lt_cv_prog_compiler_pic='-fPIC -DPIC'
lt_cv_prog_compiler_pic_works=yes
lt_cv_prog_compiler_rtti_exceptions=yes
lt_cv_prog_compiler_static_works=yes
lt_cv_prog_gnu_ld=yes
lt_cv_sharedlib_from_linklib_cmd='printf %s\n'
lt_cv_shlibpath_overrides_runpath=no
lt_cv_sys_global_symbol_pipe='sed -n -e '\''s/^.*[	 ]\([ABCDGIRSTW][ABCDGIRSTW]*\)[	 ][	 ]*\([_A-Za-z][_A-Za-z0-9]*\)$/\1 \2 \2/p'\'' | sed '\''/ __gnu_lto/d'\'''
lt_cv_sys_global_symbol_to_c_name_address='sed -n -e '\''s/^: \(.*\) .*$/  {"\1", (void *) 0},/p'\'' -e '\''s/^[ABCDGIRSTW][ABCDGIRSTW]* .* \(.*\)$/  {"\1", (void *) \&\1},/p'\'''
lt_cv_sys_global_symbol_to_c_name_address_lib_prefix='sed -n -e '\''s/^: \(.*\) .*$/  {"\1", (void *) 0},/p'\'' -e '\''s/^[ABCDGIRSTW][ABCDGIRSTW]* .* \(lib.*\)$/  {"\1", (void *) \&\1},/p'\'' -e '\''s/^[ABCDGIRSTW][ABCDGIRSTW]* .* \(.*\)$/  {"lib\1", (void *) \&\1},/p'\'''
lt_cv_sys_global_symbol_to_cdecl='sed -n -e '\''s/^T .* \(.*\)$/extern int \1();/p'\'' -e '\''s/^[ABCDGIRSTW][ABCDGIRSTW]* .* \(.*\)$/extern char \1;/p'\'''
lt_cv_sys_global_symbol_to_import=
lt_cv_sys_max_cmd_len=1572864
lt_cv_to_host_file_cmd=func_convert_file_noop
lt_cv_to_tool_file_cmd=func_convert_file_noop
lt_cv_truncate_bin='/bin/dd bs=4096 count=1'

## ----------------- ##
## Output variables. ##
## ----------------- ##

ACLOCAL='${SHELL} /mnt/c/Github/metal/ct/json-c/missing aclocal-1.15'
AMDEPBACKSLASH='\'
AMDEP_FALSE='#'
AMDEP_TRUE=''
AMTAR='$${TAR-tar}'
AM_BACKSLASH='\'
AM_DEFAULT_V='$(AM_DEFAULT_VERBOSITY)'
AM_DEFAULT_VERBOSITY='1'
AM_V='$(V)'
AR='ar'
AUTOCONF='${SHELL} /mnt/c/Github/metal/ct/json-c/missing autoconf'
AUTOHEADER='${SHELL} /mnt/c/Github/metal/ct/json-c/missing autoheader'
AUTOMAKE='${SHELL} /mnt/c/Github/metal/ct/json-c/missing automake-1.15'
AWK='gawk'
CC='clang'
CCDEPMODE='depmode=gcc3'
CFLAGS=' -I/mnt/c/Github/metal/ct/install/include -fPIC'
CPP='clang -E'
CPPFLAGS=''
CYGPATH_W='echo'
DEFS='-DHAVE_CONFIG_H'
DEPDIR='.deps'
DLLTOOL='false'
DSYMUTIL=''
DUMPBIN=''
ECHO_C=''
ECHO_N='-n'
ECHO_T=''
EGREP='/bin/grep -E'
EXEEXT=''
FGREP='/bin/grep -F'
GREP='/bin/grep'
INSTALL_DATA='${INSTALL} -m 644'
INSTALL_PROGRAM='${INSTALL}'
INSTALL_SCRIPT='${INSTALL}'
INSTALL_STRIP_PROGRAM='$(install_sh) -c -s'
JSON_BSYMBOLIC_LDFLAGS=''
LD='/usr/bin/ld -m elf_x86_64'
LDFLAGS='-L/mnt/c/Github/metal/ct/install/lib'
LIBOBJS=''
LIBS=''
LIBTOOL='$(SHELL) $(top_builddir)/libtool'
LIPO=''
LN_S='ln -s'
LTLIBOBJS=''
LT_SYS_LIBRARY_PATH=''
MAKEINFO='${SHELL} /mnt/c/Github/metal/ct/json-c/missing makeinfo'
MANIFEST_TOOL=':'
MKDIR_P='/bin/mkdir -p'
NM='/usr/bin/nm -B'
NMEDIT=''
OBJDUMP='objdump'
OBJEXT='o'
OTOOL64=''
OTOOL=''
PACKAGE='json-c'
PACKAGE_BUGREPORT='json-c@googlegroups.com'
PACKAGE_NAME='json-c'
PACKAGE_STRING='json-c 0.12'
PACKAGE_TARNAME='json-c'
PACKAGE_URL=''
PACKAGE_VERSION='0.12'
PATH_SEPARATOR=':'
RANLIB='ranlib'
SED='/bin/sed'
SET_MAKE=''
SHELL='/bin/bash'
STRIP='strip'
VERSION='0.12'
ac_ct_AR='ar'
ac_ct_CC='clang'
ac_ct_DUMPBIN=''
am__EXEEXT_FALSE=''
am__EXEEXT_TRUE='#'
am__fastdepCC_FALSE='#'
am__fastdepCC_TRUE=''
am__include='include'
am__isrc=''
am__leading_dot='.'
am__nodep='_no'
am__quote=''
am__tar='$${TAR-tar} chof - "$$tardir"'
am__untar='$${TAR-tar} xf -'
bindir='${exec_prefix}/bin'
build='x86_64-pc-linux-gnu'
build_alias=''
build_cpu='x86_64'
build_os='linux-gnu'
build_vendor='pc'
datadir='${datarootdir}'
datarootdir='${prefix}/share'
docdir='${datarootdir}/doc/${PACKAGE_TARNAME}'
dvidir='${docdir}'
exec_prefix='${prefix}'
host='x86_64-pc-linux-gnu'
host_alias=''
host_cpu='x86_64'
host_os='linux-gnu'
host_vendor='pc'
htmldir='${docdir}'
includedir='${prefix}/include'
infodir='${datarootdir}/info'
install_sh='${SHELL} /mnt/c/Github/metal/ct/json-c/install-sh'
libdir='${exec_prefix}/lib'
libexecdir='${exec_prefix}/libexec'
localedir='${datarootdir}/locale'
localstatedir='${prefix}/var'
mandir='${datarootdir}/man'
mkdir_p='$(MKDIR_P)'
oldincludedir='/usr/include'
pdfdir='${docdir}'
prefix='/mnt/c/Github/metal/ct/install'
program_transform_name='s,x,x,'
psdir='${docdir}'
runstatedir='${localstatedir}/run'
sbindir='${exec_prefix}/sbin'
sharedstatedir='${prefix}/com'
sysconfdir='${prefix}/etc'
target_alias=''

## ----------- ##
## confdefs.h. ##
## ----------- ##

/* confdefs.h */
#define PACKAGE_NAME "json-c"
#define PACKAGE_TARNAME "json-c"
#define PACKAGE_VERSION "0.12"
#define PACKAGE_STRING "json-c 0.12"
#define PACKAGE_BUGREPORT "json-c@googlegroups.com"
#define PACKAGE_URL ""
#define PACKAGE "json-c"
#define VERSION "0.12"
#define STDC_HEADERS 1
#define HAVE_SYS_TYPES_H 1
#define HAVE_SYS_STAT_H 1
#define HAVE_STDLIB_H 1
#define HAVE_STRING_H 1
#define HAVE_MEMORY_H 1
#define HAVE_STRINGS_H 1
#define HAVE_INTTYPES_H 1
#define HAVE_STDINT_H 1
#define HAVE_UNISTD_H 1
#define HAVE_FCNTL_H 1
#define HAVE_LIMITS_H 1
#define HAVE_STRINGS_H 1
#define HAVE_SYSLOG_H 1
#define HAVE_UNISTD_H 1
#define HAVE_SYS_CDEFS_H 1
#define HAVE_SYS_PARAM_H 1
#define HAVE_STDARG_H 1
#define HAVE_LOCALE_H 1
#define HAVE_ENDIAN_H 1
#define JSON_C_HAVE_INTTYPES_H 1
#define HAVE_VPRINTF 1
#define HAVE_STDLIB_H 1
#define HAVE_MALLOC 1
#define HAVE_STDLIB_H 1
#define HAVE_REALLOC 1
#define HAVE_STRCASECMP 1
#define HAVE_STRDUP 1
#define HAVE_STRERROR 1
#define HAVE_SNPRINTF 1
#define HAVE_VSNPRINTF 1
#define HAVE_VASPRINTF 1
#define HAVE_OPEN 1
#define HAVE_VSYSLOG 1
#define HAVE_STRNCASECMP 1
#define HAVE_SETLOCALE 1
#define HAVE_DECL_INFINITY 1
#define HAVE_DECL_NAN 1
#define HAVE_DECL_ISNAN 1
#define HAVE_DECL_ISINF 1
#define HAVE_DECL__ISNAN 0
#define HAVE_DECL__FINITE 0
#define HAVE_DLFCN_H 1
#define LT_OBJDIR ".libs/"

configure: exit 0
