This file contains any messages produced by compilers while
running configure, to aid debugging if configure makes a mistake.

It was created by snappy configure 1.1.3, which was
generated by GNU Autoconf 2.69.  Invocation command line was

  $ ./configure --prefix=/mnt/c/Github/metal/ct/install --disable-shared --enable-static CXXFLAGS= -fPIC CFLAGS=-fPIC

## --------- ##
## Platform. ##
## --------- ##

hostname = LAPTOP-U0EVOPHL
uname -m = x86_64
uname -r = 4.4.0-17134-Microsoft
uname -s = Linux
uname -v = #345-Microsoft Wed Sep 19 17:47:00 PST 2018

/usr/bin/uname -p = unknown
/bin/uname -X     = unknown

/bin/arch              = unknown
/usr/bin/arch -k       = unknown
/usr/convex/getsysinfo = unknown
/usr/bin/hostinfo      = unknown
/bin/machine           = unknown
/usr/bin/oslevel       = unknown
/bin/universe          = unknown

PATH: /home/vphan/.opam/4.06.0/bin
PATH: /home/vphan/bin
PATH: /home/vphan/.local/bin
PATH: /usr/local/sbin
PATH: /usr/local/bin
PATH: /usr/sbin
PATH: /usr/bin
PATH: /sbin
PATH: /bin
PATH: /usr/games
PATH: /usr/local/games
PATH: /mnt/c/Program Files (x86)/Common Files/Oracle/Java/javapath_target_638078
PATH: /mnt/c/ProgramData/Oracle/Java/javapath_target_668250
PATH: /mnt/c/Windows/System32
PATH: /mnt/c/Windows
PATH: /mnt/c/Windows/System32/wbem
PATH: /mnt/c/Windows/System32/WindowsPowerShell/v1.0
PATH: /mnt/c/Windows/System32/OpenSSH
PATH: /mnt/c/Users/vphan/AppData/Local/Microsoft/WindowsApps
PATH: /mnt/c/Program Files (x86)/Nmap
PATH: /mnt/c/Github/depot_tools


## ----------- ##
## Core tests. ##
## ----------- ##

configure:2622: checking for a BSD-compatible install
configure:2690: result: /usr/bin/install -c
configure:2701: checking whether build environment is sane
configure:2756: result: yes
configure:2907: checking for a thread-safe mkdir -p
configure:2946: result: /bin/mkdir -p
configure:2953: checking for gawk
configure:2969: found /usr/bin/gawk
configure:2980: result: gawk
configure:2991: checking whether make sets $(MAKE)
configure:3013: result: yes
configure:3042: checking whether make supports nested variables
configure:3059: result: yes
configure:3215: checking build system type
configure:3229: result: x86_64-pc-linux-gnu
configure:3249: checking host system type
configure:3262: result: x86_64-pc-linux-gnu
configure:3303: checking how to print strings
configure:3330: result: printf
configure:3363: checking for style of include used by make
configure:3391: result: GNU
configure:3462: checking for gcc
configure:3489: result: clang
configure:3718: checking for C compiler version
configure:3727: clang --version >&5
clang version 3.8.0-2ubuntu4 (tags/RELEASE_380/final)
Target: x86_64-pc-linux-gnu
Thread model: posix
InstalledDir: /usr/bin
configure:3738: $? = 0
configure:3727: clang -v >&5
clang version 3.8.0-2ubuntu4 (tags/RELEASE_380/final)
Target: x86_64-pc-linux-gnu
Thread model: posix
InstalledDir: /usr/bin
Found candidate GCC installation: /usr/bin/../lib/gcc/x86_64-linux-gnu/5.4.0
Found candidate GCC installation: /usr/bin/../lib/gcc/x86_64-linux-gnu/6.0.0
Found candidate GCC installation: /usr/lib/gcc/x86_64-linux-gnu/5.4.0
Found candidate GCC installation: /usr/lib/gcc/x86_64-linux-gnu/6.0.0
Selected GCC installation: /usr/bin/../lib/gcc/x86_64-linux-gnu/5.4.0
Candidate multilib: .;@m64
... rest of stderr output deleted ...
configure:3738: $? = 0
configure:3727: clang -V >&5
clang: error: argument to '-V' is missing (expected 1 value)
clang: error: no input files
configure:3738: $? = 1
configure:3727: clang -qversion >&5
clang: error: unknown argument: '-qversion'
clang: error: no input files
configure:3738: $? = 1
configure:3758: checking whether the C compiler works
configure:3780: clang -fPIC   conftest.c  >&5
configure:3784: $? = 0
configure:3832: result: yes
configure:3835: checking for C compiler default output file name
configure:3837: result: a.out
configure:3843: checking for suffix of executables
configure:3850: clang -o conftest -fPIC   conftest.c  >&5
configure:3854: $? = 0
configure:3876: result: 
configure:3898: checking whether we are cross compiling
configure:3906: clang -o conftest -fPIC   conftest.c  >&5
configure:3910: $? = 0
configure:3917: ./conftest
configure:3921: $? = 0
configure:3936: result: no
configure:3941: checking for suffix of object files
configure:3963: clang -c -fPIC  conftest.c >&5
configure:3967: $? = 0
configure:3988: result: o
configure:3992: checking whether we are using the GNU C compiler
configure:4011: clang -c -fPIC  conftest.c >&5
configure:4011: $? = 0
configure:4020: result: yes
configure:4029: checking whether clang accepts -g
configure:4049: clang -c -g  conftest.c >&5
configure:4049: $? = 0
configure:4090: result: yes
configure:4107: checking for clang option to accept ISO C89
configure:4170: clang  -c -fPIC  conftest.c >&5
configure:4170: $? = 0
configure:4183: result: none needed
configure:4208: checking whether clang understands -c and -o together
configure:4230: clang -c conftest.c -o conftest2.o
configure:4233: $? = 0
configure:4230: clang -c conftest.c -o conftest2.o
configure:4233: $? = 0
configure:4245: result: yes
configure:4264: checking dependency style of clang
configure:4375: result: gcc3
configure:4390: checking for a sed that does not truncate output
configure:4454: result: /bin/sed
configure:4472: checking for grep that handles long lines and -e
configure:4530: result: /bin/grep
configure:4535: checking for egrep
configure:4597: result: /bin/grep -E
configure:4602: checking for fgrep
configure:4664: result: /bin/grep -F
configure:4699: checking for ld used by clang
configure:4766: result: /usr/bin/ld
configure:4773: checking if the linker (/usr/bin/ld) is GNU ld
configure:4788: result: yes
configure:4800: checking for BSD- or MS-compatible name lister (nm)
configure:4854: result: /usr/bin/nm -B
configure:4984: checking the name lister (/usr/bin/nm -B) interface
configure:4991: clang -c -fPIC  conftest.c >&5
configure:4994: /usr/bin/nm -B "conftest.o"
configure:4997: output
0000000000000000 B some_variable
configure:5004: result: BSD nm
configure:5007: checking whether ln -s works
configure:5011: result: yes
configure:5019: checking the maximum length of command line arguments
configure:5150: result: 1572864
configure:5198: checking how to convert x86_64-pc-linux-gnu file names to x86_64-pc-linux-gnu format
configure:5238: result: func_convert_file_noop
configure:5245: checking how to convert x86_64-pc-linux-gnu file names to toolchain format
configure:5265: result: func_convert_file_noop
configure:5272: checking for /usr/bin/ld option to reload object files
configure:5279: result: -r
configure:5353: checking for objdump
configure:5369: found /usr/bin/objdump
configure:5380: result: objdump
configure:5412: checking how to recognize dependent libraries
configure:5612: result: pass_all
configure:5697: checking for dlltool
configure:5727: result: no
configure:5757: checking how to associate runtime and link libraries
configure:5784: result: printf %s\n
configure:5845: checking for ar
configure:5861: found /usr/bin/ar
configure:5872: result: ar
configure:5909: checking for archiver @FILE support
configure:5926: clang -c -fPIC  conftest.c >&5
configure:5926: $? = 0
configure:5929: ar cru libconftest.a @conftest.lst >&5
ar: `u' modifier ignored since `D' is the default (see `U')
configure:5932: $? = 0
configure:5937: ar cru libconftest.a @conftest.lst >&5
ar: `u' modifier ignored since `D' is the default (see `U')
ar: conftest.o: No such file or directory
configure:5940: $? = 1
configure:5952: result: @
configure:6010: checking for strip
configure:6026: found /usr/bin/strip
configure:6037: result: strip
configure:6109: checking for ranlib
configure:6125: found /usr/bin/ranlib
configure:6136: result: ranlib
configure:6238: checking command to parse /usr/bin/nm -B output from clang object
configure:6391: clang -c -fPIC  conftest.c >&5
configure:6394: $? = 0
configure:6398: /usr/bin/nm -B conftest.o \| sed -n -e 's/^.*[ ]\([ABCDGIRSTW][ABCDGIRSTW]*\)[ ][ ]*\([_A-Za-z][_A-Za-z0-9]*\)$/\1 \2 \2/p' | sed '/ __gnu_lto/d' \> conftest.nm
configure:6401: $? = 0
configure:6467: clang -o conftest -fPIC   conftest.c conftstm.o >&5
configure:6470: $? = 0
configure:6508: result: ok
configure:6555: checking for sysroot
configure:6585: result: no
configure:6592: checking for a working dd
configure:6630: result: /bin/dd
configure:6634: checking how to truncate binary pipes
configure:6649: result: /bin/dd bs=4096 count=1
configure:6785: clang -c -fPIC  conftest.c >&5
configure:6788: $? = 0
configure:6978: checking for mt
configure:6994: found /bin/mt
configure:7005: result: mt
configure:7028: checking if mt is a manifest tool
configure:7034: mt '-?'
configure:7042: result: no
configure:7719: checking how to run the C preprocessor
configure:7750: clang -E  conftest.c
configure:7750: $? = 0
configure:7764: clang -E  conftest.c
conftest.c:11:10: fatal error: 'ac_nonexistent.h' file not found
#include <ac_nonexistent.h>
         ^
1 error generated.
configure:7764: $? = 1
configure: failed program was:
| /* confdefs.h */
| #define PACKAGE_NAME "snappy"
| #define PACKAGE_TARNAME "snappy"
| #define PACKAGE_VERSION "1.1.3"
| #define PACKAGE_STRING "snappy 1.1.3"
| #define PACKAGE_BUGREPORT ""
| #define PACKAGE_URL ""
| #define PACKAGE "snappy"
| #define VERSION "1.1.3"
| /* end confdefs.h.  */
| #include <ac_nonexistent.h>
configure:7789: result: clang -E
configure:7809: clang -E  conftest.c
configure:7809: $? = 0
configure:7823: clang -E  conftest.c
conftest.c:11:10: fatal error: 'ac_nonexistent.h' file not found
#include <ac_nonexistent.h>
         ^
1 error generated.
configure:7823: $? = 1
configure: failed program was:
| /* confdefs.h */
| #define PACKAGE_NAME "snappy"
| #define PACKAGE_TARNAME "snappy"
| #define PACKAGE_VERSION "1.1.3"
| #define PACKAGE_STRING "snappy 1.1.3"
| #define PACKAGE_BUGREPORT ""
| #define PACKAGE_URL ""
| #define PACKAGE "snappy"
| #define VERSION "1.1.3"
| /* end confdefs.h.  */
| #include <ac_nonexistent.h>
configure:7852: checking for ANSI C header files
configure:7872: clang -c -fPIC  conftest.c >&5
configure:7872: $? = 0
configure:7945: clang -o conftest -fPIC   conftest.c  >&5
configure:7945: $? = 0
configure:7945: ./conftest
configure:7945: $? = 0
configure:7956: result: yes
configure:7969: checking for sys/types.h
configure:7969: clang -c -fPIC  conftest.c >&5
configure:7969: $? = 0
configure:7969: result: yes
configure:7969: checking for sys/stat.h
configure:7969: clang -c -fPIC  conftest.c >&5
configure:7969: $? = 0
configure:7969: result: yes
configure:7969: checking for stdlib.h
configure:7969: clang -c -fPIC  conftest.c >&5
configure:7969: $? = 0
configure:7969: result: yes
configure:7969: checking for string.h
configure:7969: clang -c -fPIC  conftest.c >&5
configure:7969: $? = 0
configure:7969: result: yes
configure:7969: checking for memory.h
configure:7969: clang -c -fPIC  conftest.c >&5
configure:7969: $? = 0
configure:7969: result: yes
configure:7969: checking for strings.h
configure:7969: clang -c -fPIC  conftest.c >&5
configure:7969: $? = 0
configure:7969: result: yes
configure:7969: checking for inttypes.h
configure:7969: clang -c -fPIC  conftest.c >&5
configure:7969: $? = 0
configure:7969: result: yes
configure:7969: checking for stdint.h
configure:7969: clang -c -fPIC  conftest.c >&5
configure:7969: $? = 0
configure:7969: result: yes
configure:7969: checking for unistd.h
configure:7969: clang -c -fPIC  conftest.c >&5
configure:7969: $? = 0
configure:7969: result: yes
configure:7983: checking for dlfcn.h
configure:7983: clang -c -fPIC  conftest.c >&5
configure:7983: $? = 0
configure:7983: result: yes
configure:8239: checking for objdir
configure:8254: result: .libs
configure:8518: checking if clang supports -fno-rtti -fno-exceptions
configure:8536: clang -c -fPIC  -fno-rtti -fno-exceptions conftest.c >&5
configure:8540: $? = 0
configure:8553: result: yes
configure:8911: checking for clang option to produce PIC
configure:8918: result: -fPIC -DPIC
configure:8926: checking if clang PIC flag -fPIC -DPIC works
configure:8944: clang -c -fPIC  -fPIC -DPIC -DPIC conftest.c >&5
configure:8948: $? = 0
configure:8961: result: yes
configure:8990: checking if clang static flag -static works
configure:9018: result: yes
configure:9033: checking if clang supports -c -o file.o
configure:9054: clang -c -fPIC  -o out/conftest2.o conftest.c >&5
configure:9058: $? = 0
configure:9080: result: yes
configure:9088: checking if clang supports -c -o file.o
configure:9135: result: yes
configure:9168: checking whether the clang linker (/usr/bin/ld -m elf_x86_64) supports shared libraries
configure:10431: result: yes
configure:10671: checking dynamic linker characteristics
configure:11252: clang -o conftest -fPIC   -Wl,-rpath -Wl,/foo conftest.c  >&5
configure:11252: $? = 0
configure:11501: result: GNU/Linux ld.so
configure:11623: checking how to hardcode library paths into programs
configure:11648: result: immediate
configure:12196: checking whether stripping libraries is possible
configure:12201: result: yes
configure:12236: checking if libtool supports shared libraries
configure:12238: result: yes
configure:12241: checking whether to build shared libraries
configure:12266: result: no
configure:12269: checking whether to build static libraries
configure:12273: result: yes
configure:12423: checking for C++ compiler version
configure:12432: clang++ --version >&5
clang version 3.8.0-2ubuntu4 (tags/RELEASE_380/final)
Target: x86_64-pc-linux-gnu
Thread model: posix
InstalledDir: /usr/bin
configure:12443: $? = 0
configure:12432: clang++ -v >&5
clang version 3.8.0-2ubuntu4 (tags/RELEASE_380/final)
Target: x86_64-pc-linux-gnu
Thread model: posix
InstalledDir: /usr/bin
Found candidate GCC installation: /usr/bin/../lib/gcc/x86_64-linux-gnu/5.4.0
Found candidate GCC installation: /usr/bin/../lib/gcc/x86_64-linux-gnu/6.0.0
Found candidate GCC installation: /usr/lib/gcc/x86_64-linux-gnu/5.4.0
Found candidate GCC installation: /usr/lib/gcc/x86_64-linux-gnu/6.0.0
Selected GCC installation: /usr/bin/../lib/gcc/x86_64-linux-gnu/5.4.0
Candidate multilib: .;@m64
... rest of stderr output deleted ...
configure:12443: $? = 0
configure:12432: clang++ -V >&5
clang: error: argument to '-V' is missing (expected 1 value)
clang: error: no input files
configure:12443: $? = 1
configure:12432: clang++ -qversion >&5
clang: error: unknown argument: '-qversion'
clang: error: no input files
configure:12443: $? = 1
configure:12447: checking whether we are using the GNU C++ compiler
configure:12466: clang++ -c  -fPIC  conftest.cpp >&5
configure:12466: $? = 0
configure:12475: result: yes
configure:12484: checking whether clang++ accepts -g
configure:12504: clang++ -c -g  conftest.cpp >&5
configure:12504: $? = 0
configure:12545: result: yes
configure:12570: checking dependency style of clang++
configure:12681: result: gcc3
configure:12714: checking how to run the C++ preprocessor
configure:12741: clang++ -E  conftest.cpp
configure:12741: $? = 0
configure:12755: clang++ -E  conftest.cpp
conftest.cpp:23:10: fatal error: 'ac_nonexistent.h' file not found
#include <ac_nonexistent.h>
         ^
1 error generated.
configure:12755: $? = 1
configure: failed program was:
| /* confdefs.h */
| #define PACKAGE_NAME "snappy"
| #define PACKAGE_TARNAME "snappy"
| #define PACKAGE_VERSION "1.1.3"
| #define PACKAGE_STRING "snappy 1.1.3"
| #define PACKAGE_BUGREPORT ""
| #define PACKAGE_URL ""
| #define PACKAGE "snappy"
| #define VERSION "1.1.3"
| #define STDC_HEADERS 1
| #define HAVE_SYS_TYPES_H 1
| #define HAVE_SYS_STAT_H 1
| #define HAVE_STDLIB_H 1
| #define HAVE_STRING_H 1
| #define HAVE_MEMORY_H 1
| #define HAVE_STRINGS_H 1
| #define HAVE_INTTYPES_H 1
| #define HAVE_STDINT_H 1
| #define HAVE_UNISTD_H 1
| #define HAVE_DLFCN_H 1
| #define LT_OBJDIR ".libs/"
| /* end confdefs.h.  */
| #include <ac_nonexistent.h>
configure:12780: result: clang++ -E
configure:12800: clang++ -E  conftest.cpp
configure:12800: $? = 0
configure:12814: clang++ -E  conftest.cpp
conftest.cpp:23:10: fatal error: 'ac_nonexistent.h' file not found
#include <ac_nonexistent.h>
         ^
1 error generated.
configure:12814: $? = 1
configure: failed program was:
| /* confdefs.h */
| #define PACKAGE_NAME "snappy"
| #define PACKAGE_TARNAME "snappy"
| #define PACKAGE_VERSION "1.1.3"
| #define PACKAGE_STRING "snappy 1.1.3"
| #define PACKAGE_BUGREPORT ""
| #define PACKAGE_URL ""
| #define PACKAGE "snappy"
| #define VERSION "1.1.3"
| #define STDC_HEADERS 1
| #define HAVE_SYS_TYPES_H 1
| #define HAVE_SYS_STAT_H 1
| #define HAVE_STDLIB_H 1
| #define HAVE_STRING_H 1
| #define HAVE_MEMORY_H 1
| #define HAVE_STRINGS_H 1
| #define HAVE_INTTYPES_H 1
| #define HAVE_STDINT_H 1
| #define HAVE_UNISTD_H 1
| #define HAVE_DLFCN_H 1
| #define LT_OBJDIR ".libs/"
| /* end confdefs.h.  */
| #include <ac_nonexistent.h>
configure:12976: checking for ld used by clang++
configure:13043: result: /usr/bin/ld -m elf_x86_64
configure:13050: checking if the linker (/usr/bin/ld -m elf_x86_64) is GNU ld
configure:13065: result: yes
configure:13120: checking whether the clang++ linker (/usr/bin/ld -m elf_x86_64) supports shared libraries
configure:14193: result: yes
configure:14229: clang++ -c  -fPIC  conftest.cpp >&5
configure:14232: $? = 0
configure:14713: checking for clang++ option to produce PIC
configure:14720: result: -fPIC -DPIC
configure:14728: checking if clang++ PIC flag -fPIC -DPIC works
configure:14746: clang++ -c  -fPIC  -fPIC -DPIC -DPIC conftest.cpp >&5
configure:14750: $? = 0
configure:14763: result: yes
configure:14786: checking if clang++ static flag -static works
configure:14814: result: yes
configure:14826: checking if clang++ supports -c -o file.o
configure:14847: clang++ -c  -fPIC  -o out/conftest2.o conftest.cpp >&5
configure:14851: $? = 0
configure:14873: result: yes
configure:14878: checking if clang++ supports -c -o file.o
configure:14925: result: yes
configure:14955: checking whether the clang++ linker (/usr/bin/ld -m elf_x86_64) supports shared libraries
configure:14998: result: yes
configure:15139: checking dynamic linker characteristics
configure:15896: result: GNU/Linux ld.so
configure:15961: checking how to hardcode library paths into programs
configure:15986: result: immediate
configure:16032: checking whether byte ordering is bigendian
configure:16047: clang++ -c  -fPIC  conftest.cpp >&5
conftest.cpp:24:9: error: expected unqualified-id
               not a universal capable compiler
               ^
1 error generated.
configure:16047: $? = 1
configure: failed program was:
| /* confdefs.h */
| #define PACKAGE_NAME "snappy"
| #define PACKAGE_TARNAME "snappy"
| #define PACKAGE_VERSION "1.1.3"
| #define PACKAGE_STRING "snappy 1.1.3"
| #define PACKAGE_BUGREPORT ""
| #define PACKAGE_URL ""
| #define PACKAGE "snappy"
| #define VERSION "1.1.3"
| #define STDC_HEADERS 1
| #define HAVE_SYS_TYPES_H 1
| #define HAVE_SYS_STAT_H 1
| #define HAVE_STDLIB_H 1
| #define HAVE_STRING_H 1
| #define HAVE_MEMORY_H 1
| #define HAVE_STRINGS_H 1
| #define HAVE_INTTYPES_H 1
| #define HAVE_STDINT_H 1
| #define HAVE_UNISTD_H 1
| #define HAVE_DLFCN_H 1
| #define LT_OBJDIR ".libs/"
| /* end confdefs.h.  */
| #ifndef __APPLE_CC__
| 	       not a universal capable compiler
| 	     #endif
| 	     typedef int dummy;
| 
configure:16092: clang++ -c  -fPIC  conftest.cpp >&5
configure:16092: $? = 0
configure:16110: clang++ -c  -fPIC  conftest.cpp >&5
conftest.cpp:30:11: error: expected ';' after expression
                 not big endian
                        ^
                        ;
conftest.cpp:30:8: error: use of undeclared identifier 'big'
                 not big endian
                     ^
conftest.cpp:30:12: error: use of undeclared identifier 'endian'
                 not big endian
                         ^
3 errors generated.
configure:16110: $? = 1
configure: failed program was:
| /* confdefs.h */
| #define PACKAGE_NAME "snappy"
| #define PACKAGE_TARNAME "snappy"
| #define PACKAGE_VERSION "1.1.3"
| #define PACKAGE_STRING "snappy 1.1.3"
| #define PACKAGE_BUGREPORT ""
| #define PACKAGE_URL ""
| #define PACKAGE "snappy"
| #define VERSION "1.1.3"
| #define STDC_HEADERS 1
| #define HAVE_SYS_TYPES_H 1
| #define HAVE_SYS_STAT_H 1
| #define HAVE_STDLIB_H 1
| #define HAVE_STRING_H 1
| #define HAVE_MEMORY_H 1
| #define HAVE_STRINGS_H 1
| #define HAVE_INTTYPES_H 1
| #define HAVE_STDINT_H 1
| #define HAVE_UNISTD_H 1
| #define HAVE_DLFCN_H 1
| #define LT_OBJDIR ".libs/"
| /* end confdefs.h.  */
| #include <sys/types.h>
| 		#include <sys/param.h>
| 
| int
| main ()
| {
| #if BYTE_ORDER != BIG_ENDIAN
| 		 not big endian
| 		#endif
| 
|   ;
|   return 0;
| }
configure:16238: result: no
configure:16256: checking for size_t
configure:16256: clang++ -c  -fPIC  conftest.cpp >&5
configure:16256: $? = 0
configure:16256: clang++ -c  -fPIC  conftest.cpp >&5
conftest.cpp:59:21: error: expected expression
if (sizeof ((size_t)))
                    ^
1 error generated.
configure:16256: $? = 1
configure: failed program was:
| /* confdefs.h */
| #define PACKAGE_NAME "snappy"
| #define PACKAGE_TARNAME "snappy"
| #define PACKAGE_VERSION "1.1.3"
| #define PACKAGE_STRING "snappy 1.1.3"
| #define PACKAGE_BUGREPORT ""
| #define PACKAGE_URL ""
| #define PACKAGE "snappy"
| #define VERSION "1.1.3"
| #define STDC_HEADERS 1
| #define HAVE_SYS_TYPES_H 1
| #define HAVE_SYS_STAT_H 1
| #define HAVE_STDLIB_H 1
| #define HAVE_STRING_H 1
| #define HAVE_MEMORY_H 1
| #define HAVE_STRINGS_H 1
| #define HAVE_INTTYPES_H 1
| #define HAVE_STDINT_H 1
| #define HAVE_UNISTD_H 1
| #define HAVE_DLFCN_H 1
| #define LT_OBJDIR ".libs/"
| /* end confdefs.h.  */
| #include <stdio.h>
| #ifdef HAVE_SYS_TYPES_H
| # include <sys/types.h>
| #endif
| #ifdef HAVE_SYS_STAT_H
| # include <sys/stat.h>
| #endif
| #ifdef STDC_HEADERS
| # include <stdlib.h>
| # include <stddef.h>
| #else
| # ifdef HAVE_STDLIB_H
| #  include <stdlib.h>
| # endif
| #endif
| #ifdef HAVE_STRING_H
| # if !defined STDC_HEADERS && defined HAVE_MEMORY_H
| #  include <memory.h>
| # endif
| # include <string.h>
| #endif
| #ifdef HAVE_STRINGS_H
| # include <strings.h>
| #endif
| #ifdef HAVE_INTTYPES_H
| # include <inttypes.h>
| #endif
| #ifdef HAVE_STDINT_H
| # include <stdint.h>
| #endif
| #ifdef HAVE_UNISTD_H
| # include <unistd.h>
| #endif
| int
| main ()
| {
| if (sizeof ((size_t)))
| 	    return 0;
|   ;
|   return 0;
| }
configure:16256: result: yes
configure:16267: checking for ssize_t
configure:16267: clang++ -c  -fPIC  conftest.cpp >&5
configure:16267: $? = 0
configure:16267: clang++ -c  -fPIC  conftest.cpp >&5
conftest.cpp:59:22: error: expected expression
if (sizeof ((ssize_t)))
                     ^
1 error generated.
configure:16267: $? = 1
configure: failed program was:
| /* confdefs.h */
| #define PACKAGE_NAME "snappy"
| #define PACKAGE_TARNAME "snappy"
| #define PACKAGE_VERSION "1.1.3"
| #define PACKAGE_STRING "snappy 1.1.3"
| #define PACKAGE_BUGREPORT ""
| #define PACKAGE_URL ""
| #define PACKAGE "snappy"
| #define VERSION "1.1.3"
| #define STDC_HEADERS 1
| #define HAVE_SYS_TYPES_H 1
| #define HAVE_SYS_STAT_H 1
| #define HAVE_STDLIB_H 1
| #define HAVE_STRING_H 1
| #define HAVE_MEMORY_H 1
| #define HAVE_STRINGS_H 1
| #define HAVE_INTTYPES_H 1
| #define HAVE_STDINT_H 1
| #define HAVE_UNISTD_H 1
| #define HAVE_DLFCN_H 1
| #define LT_OBJDIR ".libs/"
| /* end confdefs.h.  */
| #include <stdio.h>
| #ifdef HAVE_SYS_TYPES_H
| # include <sys/types.h>
| #endif
| #ifdef HAVE_SYS_STAT_H
| # include <sys/stat.h>
| #endif
| #ifdef STDC_HEADERS
| # include <stdlib.h>
| # include <stddef.h>
| #else
| # ifdef HAVE_STDLIB_H
| #  include <stdlib.h>
| # endif
| #endif
| #ifdef HAVE_STRING_H
| # if !defined STDC_HEADERS && defined HAVE_MEMORY_H
| #  include <memory.h>
| # endif
| # include <string.h>
| #endif
| #ifdef HAVE_STRINGS_H
| # include <strings.h>
| #endif
| #ifdef HAVE_INTTYPES_H
| # include <inttypes.h>
| #endif
| #ifdef HAVE_STDINT_H
| # include <stdint.h>
| #endif
| #ifdef HAVE_UNISTD_H
| # include <unistd.h>
| #endif
| int
| main ()
| {
| if (sizeof ((ssize_t)))
| 	    return 0;
|   ;
|   return 0;
| }
configure:16267: result: yes
configure:16282: checking for stdint.h
configure:16282: result: yes
configure:16282: checking stddef.h usability
configure:16282: clang++ -c  -fPIC  conftest.cpp >&5
configure:16282: $? = 0
configure:16282: result: yes
configure:16282: checking stddef.h presence
configure:16282: clang++ -E  conftest.cpp
configure:16282: $? = 0
configure:16282: result: yes
configure:16282: checking for stddef.h
configure:16282: result: yes
configure:16282: checking sys/mman.h usability
configure:16282: clang++ -c  -fPIC  conftest.cpp >&5
configure:16282: $? = 0
configure:16282: result: yes
configure:16282: checking sys/mman.h presence
configure:16282: clang++ -E  conftest.cpp
configure:16282: $? = 0
configure:16282: result: yes
configure:16282: checking for sys/mman.h
configure:16282: result: yes
configure:16282: checking sys/resource.h usability
configure:16282: clang++ -c  -fPIC  conftest.cpp >&5
configure:16282: $? = 0
configure:16282: result: yes
configure:16282: checking sys/resource.h presence
configure:16282: clang++ -E  conftest.cpp
configure:16282: $? = 0
configure:16282: result: yes
configure:16282: checking for sys/resource.h
configure:16282: result: yes
configure:16282: checking windows.h usability
configure:16282: clang++ -c  -fPIC  conftest.cpp >&5
conftest.cpp:60:10: fatal error: 'windows.h' file not found
#include <windows.h>
         ^
1 error generated.
configure:16282: $? = 1
configure: failed program was:
| /* confdefs.h */
| #define PACKAGE_NAME "snappy"
| #define PACKAGE_TARNAME "snappy"
| #define PACKAGE_VERSION "1.1.3"
| #define PACKAGE_STRING "snappy 1.1.3"
| #define PACKAGE_BUGREPORT ""
| #define PACKAGE_URL ""
| #define PACKAGE "snappy"
| #define VERSION "1.1.3"
| #define STDC_HEADERS 1
| #define HAVE_SYS_TYPES_H 1
| #define HAVE_SYS_STAT_H 1
| #define HAVE_STDLIB_H 1
| #define HAVE_STRING_H 1
| #define HAVE_MEMORY_H 1
| #define HAVE_STRINGS_H 1
| #define HAVE_INTTYPES_H 1
| #define HAVE_STDINT_H 1
| #define HAVE_UNISTD_H 1
| #define HAVE_DLFCN_H 1
| #define LT_OBJDIR ".libs/"
| #define HAVE_STDINT_H 1
| #define HAVE_STDDEF_H 1
| #define HAVE_SYS_MMAN_H 1
| #define HAVE_SYS_RESOURCE_H 1
| /* end confdefs.h.  */
| #include <stdio.h>
| #ifdef HAVE_SYS_TYPES_H
| # include <sys/types.h>
| #endif
| #ifdef HAVE_SYS_STAT_H
| # include <sys/stat.h>
| #endif
| #ifdef STDC_HEADERS
| # include <stdlib.h>
| # include <stddef.h>
| #else
| # ifdef HAVE_STDLIB_H
| #  include <stdlib.h>
| # endif
| #endif
| #ifdef HAVE_STRING_H
| # if !defined STDC_HEADERS && defined HAVE_MEMORY_H
| #  include <memory.h>
| # endif
| # include <string.h>
| #endif
| #ifdef HAVE_STRINGS_H
| # include <strings.h>
| #endif
| #ifdef HAVE_INTTYPES_H
| # include <inttypes.h>
| #endif
| #ifdef HAVE_STDINT_H
| # include <stdint.h>
| #endif
| #ifdef HAVE_UNISTD_H
| # include <unistd.h>
| #endif
| #include <windows.h>
configure:16282: result: no
configure:16282: checking windows.h presence
configure:16282: clang++ -E  conftest.cpp
conftest.cpp:27:10: fatal error: 'windows.h' file not found
#include <windows.h>
         ^
1 error generated.
configure:16282: $? = 1
configure: failed program was:
| /* confdefs.h */
| #define PACKAGE_NAME "snappy"
| #define PACKAGE_TARNAME "snappy"
| #define PACKAGE_VERSION "1.1.3"
| #define PACKAGE_STRING "snappy 1.1.3"
| #define PACKAGE_BUGREPORT ""
| #define PACKAGE_URL ""
| #define PACKAGE "snappy"
| #define VERSION "1.1.3"
| #define STDC_HEADERS 1
| #define HAVE_SYS_TYPES_H 1
| #define HAVE_SYS_STAT_H 1
| #define HAVE_STDLIB_H 1
| #define HAVE_STRING_H 1
| #define HAVE_MEMORY_H 1
| #define HAVE_STRINGS_H 1
| #define HAVE_INTTYPES_H 1
| #define HAVE_STDINT_H 1
| #define HAVE_UNISTD_H 1
| #define HAVE_DLFCN_H 1
| #define LT_OBJDIR ".libs/"
| #define HAVE_STDINT_H 1
| #define HAVE_STDDEF_H 1
| #define HAVE_SYS_MMAN_H 1
| #define HAVE_SYS_RESOURCE_H 1
| /* end confdefs.h.  */
| #include <windows.h>
configure:16282: result: no
configure:16282: checking for windows.h
configure:16282: result: no
configure:16282: checking byteswap.h usability
configure:16282: clang++ -c  -fPIC  conftest.cpp >&5
configure:16282: $? = 0
configure:16282: result: yes
configure:16282: checking byteswap.h presence
configure:16282: clang++ -E  conftest.cpp
configure:16282: $? = 0
configure:16282: result: yes
configure:16282: checking for byteswap.h
configure:16282: result: yes
configure:16282: checking sys/byteswap.h usability
configure:16282: clang++ -c  -fPIC  conftest.cpp >&5
conftest.cpp:61:10: fatal error: 'sys/byteswap.h' file not found
#include <sys/byteswap.h>
         ^
1 error generated.
configure:16282: $? = 1
configure: failed program was:
| /* confdefs.h */
| #define PACKAGE_NAME "snappy"
| #define PACKAGE_TARNAME "snappy"
| #define PACKAGE_VERSION "1.1.3"
| #define PACKAGE_STRING "snappy 1.1.3"
| #define PACKAGE_BUGREPORT ""
| #define PACKAGE_URL ""
| #define PACKAGE "snappy"
| #define VERSION "1.1.3"
| #define STDC_HEADERS 1
| #define HAVE_SYS_TYPES_H 1
| #define HAVE_SYS_STAT_H 1
| #define HAVE_STDLIB_H 1
| #define HAVE_STRING_H 1
| #define HAVE_MEMORY_H 1
| #define HAVE_STRINGS_H 1
| #define HAVE_INTTYPES_H 1
| #define HAVE_STDINT_H 1
| #define HAVE_UNISTD_H 1
| #define HAVE_DLFCN_H 1
| #define LT_OBJDIR ".libs/"
| #define HAVE_STDINT_H 1
| #define HAVE_STDDEF_H 1
| #define HAVE_SYS_MMAN_H 1
| #define HAVE_SYS_RESOURCE_H 1
| #define HAVE_BYTESWAP_H 1
| /* end confdefs.h.  */
| #include <stdio.h>
| #ifdef HAVE_SYS_TYPES_H
| # include <sys/types.h>
| #endif
| #ifdef HAVE_SYS_STAT_H
| # include <sys/stat.h>
| #endif
| #ifdef STDC_HEADERS
| # include <stdlib.h>
| # include <stddef.h>
| #else
| # ifdef HAVE_STDLIB_H
| #  include <stdlib.h>
| # endif
| #endif
| #ifdef HAVE_STRING_H
| # if !defined STDC_HEADERS && defined HAVE_MEMORY_H
| #  include <memory.h>
| # endif
| # include <string.h>
| #endif
| #ifdef HAVE_STRINGS_H
| # include <strings.h>
| #endif
| #ifdef HAVE_INTTYPES_H
| # include <inttypes.h>
| #endif
| #ifdef HAVE_STDINT_H
| # include <stdint.h>
| #endif
| #ifdef HAVE_UNISTD_H
| # include <unistd.h>
| #endif
| #include <sys/byteswap.h>
configure:16282: result: no
configure:16282: checking sys/byteswap.h presence
configure:16282: clang++ -E  conftest.cpp
conftest.cpp:28:10: fatal error: 'sys/byteswap.h' file not found
#include <sys/byteswap.h>
         ^
1 error generated.
configure:16282: $? = 1
configure: failed program was:
| /* confdefs.h */
| #define PACKAGE_NAME "snappy"
| #define PACKAGE_TARNAME "snappy"
| #define PACKAGE_VERSION "1.1.3"
| #define PACKAGE_STRING "snappy 1.1.3"
| #define PACKAGE_BUGREPORT ""
| #define PACKAGE_URL ""
| #define PACKAGE "snappy"
| #define VERSION "1.1.3"
| #define STDC_HEADERS 1
| #define HAVE_SYS_TYPES_H 1
| #define HAVE_SYS_STAT_H 1
| #define HAVE_STDLIB_H 1
| #define HAVE_STRING_H 1
| #define HAVE_MEMORY_H 1
| #define HAVE_STRINGS_H 1
| #define HAVE_INTTYPES_H 1
| #define HAVE_STDINT_H 1
| #define HAVE_UNISTD_H 1
| #define HAVE_DLFCN_H 1
| #define LT_OBJDIR ".libs/"
| #define HAVE_STDINT_H 1
| #define HAVE_STDDEF_H 1
| #define HAVE_SYS_MMAN_H 1
| #define HAVE_SYS_RESOURCE_H 1
| #define HAVE_BYTESWAP_H 1
| /* end confdefs.h.  */
| #include <sys/byteswap.h>
configure:16282: result: no
configure:16282: checking for sys/byteswap.h
configure:16282: result: no
configure:16282: checking sys/endian.h usability
configure:16282: clang++ -c  -fPIC  conftest.cpp >&5
conftest.cpp:61:10: fatal error: 'sys/endian.h' file not found
#include <sys/endian.h>
         ^
1 error generated.
configure:16282: $? = 1
configure: failed program was:
| /* confdefs.h */
| #define PACKAGE_NAME "snappy"
| #define PACKAGE_TARNAME "snappy"
| #define PACKAGE_VERSION "1.1.3"
| #define PACKAGE_STRING "snappy 1.1.3"
| #define PACKAGE_BUGREPORT ""
| #define PACKAGE_URL ""
| #define PACKAGE "snappy"
| #define VERSION "1.1.3"
| #define STDC_HEADERS 1
| #define HAVE_SYS_TYPES_H 1
| #define HAVE_SYS_STAT_H 1
| #define HAVE_STDLIB_H 1
| #define HAVE_STRING_H 1
| #define HAVE_MEMORY_H 1
| #define HAVE_STRINGS_H 1
| #define HAVE_INTTYPES_H 1
| #define HAVE_STDINT_H 1
| #define HAVE_UNISTD_H 1
| #define HAVE_DLFCN_H 1
| #define LT_OBJDIR ".libs/"
| #define HAVE_STDINT_H 1
| #define HAVE_STDDEF_H 1
| #define HAVE_SYS_MMAN_H 1
| #define HAVE_SYS_RESOURCE_H 1
| #define HAVE_BYTESWAP_H 1
| /* end confdefs.h.  */
| #include <stdio.h>
| #ifdef HAVE_SYS_TYPES_H
| # include <sys/types.h>
| #endif
| #ifdef HAVE_SYS_STAT_H
| # include <sys/stat.h>
| #endif
| #ifdef STDC_HEADERS
| # include <stdlib.h>
| # include <stddef.h>
| #else
| # ifdef HAVE_STDLIB_H
| #  include <stdlib.h>
| # endif
| #endif
| #ifdef HAVE_STRING_H
| # if !defined STDC_HEADERS && defined HAVE_MEMORY_H
| #  include <memory.h>
| # endif
| # include <string.h>
| #endif
| #ifdef HAVE_STRINGS_H
| # include <strings.h>
| #endif
| #ifdef HAVE_INTTYPES_H
| # include <inttypes.h>
| #endif
| #ifdef HAVE_STDINT_H
| # include <stdint.h>
| #endif
| #ifdef HAVE_UNISTD_H
| # include <unistd.h>
| #endif
| #include <sys/endian.h>
configure:16282: result: no
configure:16282: checking sys/endian.h presence
configure:16282: clang++ -E  conftest.cpp
conftest.cpp:28:10: fatal error: 'sys/endian.h' file not found
#include <sys/endian.h>
         ^
1 error generated.
configure:16282: $? = 1
configure: failed program was:
| /* confdefs.h */
| #define PACKAGE_NAME "snappy"
| #define PACKAGE_TARNAME "snappy"
| #define PACKAGE_VERSION "1.1.3"
| #define PACKAGE_STRING "snappy 1.1.3"
| #define PACKAGE_BUGREPORT ""
| #define PACKAGE_URL ""
| #define PACKAGE "snappy"
| #define VERSION "1.1.3"
| #define STDC_HEADERS 1
| #define HAVE_SYS_TYPES_H 1
| #define HAVE_SYS_STAT_H 1
| #define HAVE_STDLIB_H 1
| #define HAVE_STRING_H 1
| #define HAVE_MEMORY_H 1
| #define HAVE_STRINGS_H 1
| #define HAVE_INTTYPES_H 1
| #define HAVE_STDINT_H 1
| #define HAVE_UNISTD_H 1
| #define HAVE_DLFCN_H 1
| #define LT_OBJDIR ".libs/"
| #define HAVE_STDINT_H 1
| #define HAVE_STDDEF_H 1
| #define HAVE_SYS_MMAN_H 1
| #define HAVE_SYS_RESOURCE_H 1
| #define HAVE_BYTESWAP_H 1
| /* end confdefs.h.  */
| #include <sys/endian.h>
configure:16282: result: no
configure:16282: checking for sys/endian.h
configure:16282: result: no
configure:16282: checking sys/time.h usability
configure:16282: clang++ -c  -fPIC  conftest.cpp >&5
configure:16282: $? = 0
configure:16282: result: yes
configure:16282: checking sys/time.h presence
configure:16282: clang++ -E  conftest.cpp
configure:16282: $? = 0
configure:16282: result: yes
configure:16282: checking for sys/time.h
configure:16282: result: yes
configure:16295: checking for mmap
configure:16295: clang++ -o conftest  -fPIC   conftest.cpp  >&5
configure:16295: $? = 0
configure:16295: result: yes
configure:16317: checking for 'gtest-config'
configure:16338: checking for gtest-config
configure:16371: result: no
configure:16392: result: no
configure:16491: checking for pkg-config
configure:16509: found /usr/bin/pkg-config
configure:16521: result: /usr/bin/pkg-config
configure:16546: checking pkg-config is at least version 0.9.0
configure:16549: result: yes
configure:16559: checking for gflags
configure:16566: $PKG_CONFIG --exists --print-errors "libgflags"
Package libgflags was not found in the pkg-config search path.
Perhaps you should add the directory containing `libgflags.pc'
to the PKG_CONFIG_PATH environment variable
No package 'libgflags' found
configure:16569: $? = 1
configure:16583: $PKG_CONFIG --exists --print-errors "libgflags"
Package libgflags was not found in the pkg-config search path.
Perhaps you should add the directory containing `libgflags.pc'
to the PKG_CONFIG_PATH environment variable
No package 'libgflags' found
configure:16586: $? = 1
configure:16600: result: no
No package 'libgflags' found
configure:16644: checking if the compiler supports __builtin_expect
configure:16660: clang++ -c  -fPIC  conftest.cpp >&5
configure:16660: $? = 0
configure:16663: result: yes
configure:16682: checking if the compiler supports __builtin_ctzll
configure:16698: clang++ -c  -fPIC  conftest.cpp >&5
configure:16698: $? = 0
configure:16701: result: yes
configure:16724: checking for zlibVersion in -lz
configure:16749: clang++ -o conftest  -fPIC   conftest.cpp -lz   >&5
configure:16749: $? = 0
configure:16758: result: yes
configure:16776: checking for lzo1x_1_15_compress in -llzo2
configure:16801: clang++ -o conftest  -fPIC   conftest.cpp -llzo2   >&5
/usr/bin/ld: cannot find -llzo2
clang: error: linker command failed with exit code 1 (use -v to see invocation)
configure:16801: $? = 1
configure: failed program was:
| /* confdefs.h */
| #define PACKAGE_NAME "snappy"
| #define PACKAGE_TARNAME "snappy"
| #define PACKAGE_VERSION "1.1.3"
| #define PACKAGE_STRING "snappy 1.1.3"
| #define PACKAGE_BUGREPORT ""
| #define PACKAGE_URL ""
| #define PACKAGE "snappy"
| #define VERSION "1.1.3"
| #define STDC_HEADERS 1
| #define HAVE_SYS_TYPES_H 1
| #define HAVE_SYS_STAT_H 1
| #define HAVE_STDLIB_H 1
| #define HAVE_STRING_H 1
| #define HAVE_MEMORY_H 1
| #define HAVE_STRINGS_H 1
| #define HAVE_INTTYPES_H 1
| #define HAVE_STDINT_H 1
| #define HAVE_UNISTD_H 1
| #define HAVE_DLFCN_H 1
| #define LT_OBJDIR ".libs/"
| #define HAVE_STDINT_H 1
| #define HAVE_STDDEF_H 1
| #define HAVE_SYS_MMAN_H 1
| #define HAVE_SYS_RESOURCE_H 1
| #define HAVE_BYTESWAP_H 1
| #define HAVE_SYS_TIME_H 1
| #define HAVE_BUILTIN_EXPECT 1
| #define HAVE_BUILTIN_CTZ 1
| #define HAVE_LIBZ 1
| /* end confdefs.h.  */
| 
| /* Override any GCC internal prototype to avoid an error.
|    Use char because int might match the return type of a GCC
|    builtin and then its argument prototype would still apply.  */
| #ifdef __cplusplus
| extern "C"
| #endif
| char lzo1x_1_15_compress ();
| int
| main ()
| {
| return lzo1x_1_15_compress ();
|   ;
|   return 0;
| }
configure:16810: result: no
configure:16828: checking for lzf_compress in -llzf
configure:16853: clang++ -o conftest  -fPIC   conftest.cpp -llzf   >&5
/usr/bin/ld: cannot find -llzf
clang: error: linker command failed with exit code 1 (use -v to see invocation)
configure:16853: $? = 1
configure: failed program was:
| /* confdefs.h */
| #define PACKAGE_NAME "snappy"
| #define PACKAGE_TARNAME "snappy"
| #define PACKAGE_VERSION "1.1.3"
| #define PACKAGE_STRING "snappy 1.1.3"
| #define PACKAGE_BUGREPORT ""
| #define PACKAGE_URL ""
| #define PACKAGE "snappy"
| #define VERSION "1.1.3"
| #define STDC_HEADERS 1
| #define HAVE_SYS_TYPES_H 1
| #define HAVE_SYS_STAT_H 1
| #define HAVE_STDLIB_H 1
| #define HAVE_STRING_H 1
| #define HAVE_MEMORY_H 1
| #define HAVE_STRINGS_H 1
| #define HAVE_INTTYPES_H 1
| #define HAVE_STDINT_H 1
| #define HAVE_UNISTD_H 1
| #define HAVE_DLFCN_H 1
| #define LT_OBJDIR ".libs/"
| #define HAVE_STDINT_H 1
| #define HAVE_STDDEF_H 1
| #define HAVE_SYS_MMAN_H 1
| #define HAVE_SYS_RESOURCE_H 1
| #define HAVE_BYTESWAP_H 1
| #define HAVE_SYS_TIME_H 1
| #define HAVE_BUILTIN_EXPECT 1
| #define HAVE_BUILTIN_CTZ 1
| #define HAVE_LIBZ 1
| /* end confdefs.h.  */
| 
| /* Override any GCC internal prototype to avoid an error.
|    Use char because int might match the return type of a GCC
|    builtin and then its argument prototype would still apply.  */
| #ifdef __cplusplus
| extern "C"
| #endif
| char lzf_compress ();
| int
| main ()
| {
| return lzf_compress ();
|   ;
|   return 0;
| }
configure:16862: result: no
configure:16880: checking for fastlz_compress in -lfastlz
configure:16905: clang++ -o conftest  -fPIC   conftest.cpp -lfastlz   >&5
/usr/bin/ld: cannot find -lfastlz
clang: error: linker command failed with exit code 1 (use -v to see invocation)
configure:16905: $? = 1
configure: failed program was:
| /* confdefs.h */
| #define PACKAGE_NAME "snappy"
| #define PACKAGE_TARNAME "snappy"
| #define PACKAGE_VERSION "1.1.3"
| #define PACKAGE_STRING "snappy 1.1.3"
| #define PACKAGE_BUGREPORT ""
| #define PACKAGE_URL ""
| #define PACKAGE "snappy"
| #define VERSION "1.1.3"
| #define STDC_HEADERS 1
| #define HAVE_SYS_TYPES_H 1
| #define HAVE_SYS_STAT_H 1
| #define HAVE_STDLIB_H 1
| #define HAVE_STRING_H 1
| #define HAVE_MEMORY_H 1
| #define HAVE_STRINGS_H 1
| #define HAVE_INTTYPES_H 1
| #define HAVE_STDINT_H 1
| #define HAVE_UNISTD_H 1
| #define HAVE_DLFCN_H 1
| #define LT_OBJDIR ".libs/"
| #define HAVE_STDINT_H 1
| #define HAVE_STDDEF_H 1
| #define HAVE_SYS_MMAN_H 1
| #define HAVE_SYS_RESOURCE_H 1
| #define HAVE_BYTESWAP_H 1
| #define HAVE_SYS_TIME_H 1
| #define HAVE_BUILTIN_EXPECT 1
| #define HAVE_BUILTIN_CTZ 1
| #define HAVE_LIBZ 1
| /* end confdefs.h.  */
| 
| /* Override any GCC internal prototype to avoid an error.
|    Use char because int might match the return type of a GCC
|    builtin and then its argument prototype would still apply.  */
| #ifdef __cplusplus
| extern "C"
| #endif
| char fastlz_compress ();
| int
| main ()
| {
| return fastlz_compress ();
|   ;
|   return 0;
| }
configure:16914: result: no
configure:16932: checking for qlz_compress in -lquicklz
configure:16957: clang++ -o conftest  -fPIC   conftest.cpp -lquicklz   >&5
/usr/bin/ld: cannot find -lquicklz
clang: error: linker command failed with exit code 1 (use -v to see invocation)
configure:16957: $? = 1
configure: failed program was:
| /* confdefs.h */
| #define PACKAGE_NAME "snappy"
| #define PACKAGE_TARNAME "snappy"
| #define PACKAGE_VERSION "1.1.3"
| #define PACKAGE_STRING "snappy 1.1.3"
| #define PACKAGE_BUGREPORT ""
| #define PACKAGE_URL ""
| #define PACKAGE "snappy"
| #define VERSION "1.1.3"
| #define STDC_HEADERS 1
| #define HAVE_SYS_TYPES_H 1
| #define HAVE_SYS_STAT_H 1
| #define HAVE_STDLIB_H 1
| #define HAVE_STRING_H 1
| #define HAVE_MEMORY_H 1
| #define HAVE_STRINGS_H 1
| #define HAVE_INTTYPES_H 1
| #define HAVE_STDINT_H 1
| #define HAVE_UNISTD_H 1
| #define HAVE_DLFCN_H 1
| #define LT_OBJDIR ".libs/"
| #define HAVE_STDINT_H 1
| #define HAVE_STDDEF_H 1
| #define HAVE_SYS_MMAN_H 1
| #define HAVE_SYS_RESOURCE_H 1
| #define HAVE_BYTESWAP_H 1
| #define HAVE_SYS_TIME_H 1
| #define HAVE_BUILTIN_EXPECT 1
| #define HAVE_BUILTIN_CTZ 1
| #define HAVE_LIBZ 1
| /* end confdefs.h.  */
| 
| /* Override any GCC internal prototype to avoid an error.
|    Use char because int might match the return type of a GCC
|    builtin and then its argument prototype would still apply.  */
| #ifdef __cplusplus
| extern "C"
| #endif
| char qlz_compress ();
| int
| main ()
| {
| return qlz_compress ();
|   ;
|   return 0;
| }
configure:16966: result: no
configure:17131: checking that generated files are newer than configure
configure:17137: result: done
configure:17169: creating ./config.status

## ---------------------- ##
## Running config.status. ##
## ---------------------- ##

This file was extended by snappy config.status 1.1.3, which was
generated by GNU Autoconf 2.69.  Invocation command line was

  CONFIG_FILES    = 
  CONFIG_HEADERS  = 
  CONFIG_LINKS    = 
  CONFIG_COMMANDS = 
  $ ./config.status 

on LAPTOP-U0EVOPHL

config.status:1180: creating Makefile
config.status:1180: creating snappy-stubs-public.h
config.status:1180: creating config.h
config.status:1409: executing depfiles commands
config.status:1409: executing libtool commands

## ---------------- ##
## Cache variables. ##
## ---------------- ##

ac_cv_build=x86_64-pc-linux-gnu
ac_cv_c_bigendian=no
ac_cv_c_compiler_gnu=yes
ac_cv_cxx_compiler_gnu=yes
ac_cv_env_CCC_set=
ac_cv_env_CCC_value=
ac_cv_env_CC_set=set
ac_cv_env_CC_value=clang
ac_cv_env_CFLAGS_set=set
ac_cv_env_CFLAGS_value=-fPIC
ac_cv_env_CPPFLAGS_set=
ac_cv_env_CPPFLAGS_value=
ac_cv_env_CPP_set=
ac_cv_env_CPP_value=
ac_cv_env_CXXCPP_set=
ac_cv_env_CXXCPP_value=
ac_cv_env_CXXFLAGS_set=set
ac_cv_env_CXXFLAGS_value=' -fPIC'
ac_cv_env_CXX_set=set
ac_cv_env_CXX_value=clang++
ac_cv_env_GTEST_CONFIG_set=
ac_cv_env_GTEST_CONFIG_value=
ac_cv_env_GTEST_CPPFLAGS_set=
ac_cv_env_GTEST_CPPFLAGS_value=
ac_cv_env_GTEST_CXXFLAGS_set=
ac_cv_env_GTEST_CXXFLAGS_value=
ac_cv_env_GTEST_LDFLAGS_set=
ac_cv_env_GTEST_LDFLAGS_value=
ac_cv_env_GTEST_LIBS_set=
ac_cv_env_GTEST_LIBS_value=
ac_cv_env_GTEST_VERSION_set=
ac_cv_env_GTEST_VERSION_value=
ac_cv_env_LDFLAGS_set=
ac_cv_env_LDFLAGS_value=
ac_cv_env_LIBS_set=
ac_cv_env_LIBS_value=
ac_cv_env_LT_SYS_LIBRARY_PATH_set=
ac_cv_env_LT_SYS_LIBRARY_PATH_value=
ac_cv_env_PKG_CONFIG_LIBDIR_set=
ac_cv_env_PKG_CONFIG_LIBDIR_value=
ac_cv_env_PKG_CONFIG_PATH_set=set
ac_cv_env_PKG_CONFIG_PATH_value=/mnt/c/Github/metal/ct/install/lib/pkgconfig
ac_cv_env_PKG_CONFIG_set=
ac_cv_env_PKG_CONFIG_value=
ac_cv_env_build_alias_set=
ac_cv_env_build_alias_value=
ac_cv_env_gflags_CFLAGS_set=
ac_cv_env_gflags_CFLAGS_value=
ac_cv_env_gflags_LIBS_set=
ac_cv_env_gflags_LIBS_value=
ac_cv_env_host_alias_set=
ac_cv_env_host_alias_value=
ac_cv_env_target_alias_set=
ac_cv_env_target_alias_value=
ac_cv_func_mmap=yes
ac_cv_have_stddef_h=1
ac_cv_have_stdint_h=1
ac_cv_have_sys_uio_h=0
ac_cv_header_byteswap_h=yes
ac_cv_header_dlfcn_h=yes
ac_cv_header_inttypes_h=yes
ac_cv_header_memory_h=yes
ac_cv_header_stdc=yes
ac_cv_header_stddef_h=yes
ac_cv_header_stdint_h=yes
ac_cv_header_stdlib_h=yes
ac_cv_header_string_h=yes
ac_cv_header_strings_h=yes
ac_cv_header_sys_byteswap_h=no
ac_cv_header_sys_endian_h=no
ac_cv_header_sys_mman_h=yes
ac_cv_header_sys_resource_h=yes
ac_cv_header_sys_stat_h=yes
ac_cv_header_sys_time_h=yes
ac_cv_header_sys_types_h=yes
ac_cv_header_unistd_h=yes
ac_cv_header_windows_h=no
ac_cv_host=x86_64-pc-linux-gnu
ac_cv_lib_fastlz_fastlz_compress=no
ac_cv_lib_lzf_lzf_compress=no
ac_cv_lib_lzo2_lzo1x_1_15_compress=no
ac_cv_lib_quicklz_qlz_compress=no
ac_cv_lib_z_zlibVersion=yes
ac_cv_objext=o
ac_cv_path_EGREP='/bin/grep -E'
ac_cv_path_FGREP='/bin/grep -F'
ac_cv_path_GREP=/bin/grep
ac_cv_path_SED=/bin/sed
ac_cv_path_ac_pt_PKG_CONFIG=/usr/bin/pkg-config
ac_cv_path_install='/usr/bin/install -c'
ac_cv_path_lt_DD=/bin/dd
ac_cv_path_mkdir=/bin/mkdir
ac_cv_prog_AWK=gawk
ac_cv_prog_CPP='clang -E'
ac_cv_prog_CXXCPP='clang++ -E'
ac_cv_prog_ac_ct_AR=ar
ac_cv_prog_ac_ct_CC=clang
ac_cv_prog_ac_ct_MANIFEST_TOOL=mt
ac_cv_prog_ac_ct_OBJDUMP=objdump
ac_cv_prog_ac_ct_RANLIB=ranlib
ac_cv_prog_ac_ct_STRIP=strip
ac_cv_prog_cc_c89=
ac_cv_prog_cc_g=yes
ac_cv_prog_cxx_g=yes
ac_cv_prog_make_make_set=yes
ac_cv_type_size_t=yes
ac_cv_type_ssize_t=yes
am_cv_CC_dependencies_compiler_type=gcc3
am_cv_CXX_dependencies_compiler_type=gcc3
am_cv_make_support_nested_variables=yes
am_cv_prog_cc_c_o=yes
lt_cv_ar_at_file=@
lt_cv_deplibs_check_method=pass_all
lt_cv_file_magic_cmd='$MAGIC_CMD'
lt_cv_file_magic_test_file=
lt_cv_ld_reload_flag=-r
lt_cv_nm_interface='BSD nm'
lt_cv_objdir=.libs
lt_cv_path_LD=/usr/bin/ld
lt_cv_path_LDCXX='/usr/bin/ld -m elf_x86_64'
lt_cv_path_NM='/usr/bin/nm -B'
lt_cv_path_mainfest_tool=no
lt_cv_prog_compiler_c_o=yes
lt_cv_prog_compiler_c_o_CXX=yes
lt_cv_prog_compiler_pic='-fPIC -DPIC'
lt_cv_prog_compiler_pic_CXX='-fPIC -DPIC'
lt_cv_prog_compiler_pic_works=yes
lt_cv_prog_compiler_pic_works_CXX=yes
lt_cv_prog_compiler_rtti_exceptions=yes
lt_cv_prog_compiler_static_works=yes
lt_cv_prog_compiler_static_works_CXX=yes
lt_cv_prog_gnu_ld=yes
lt_cv_prog_gnu_ldcxx=yes
lt_cv_sharedlib_from_linklib_cmd='printf %s\n'
lt_cv_shlibpath_overrides_runpath=no
lt_cv_sys_global_symbol_pipe='sed -n -e '\''s/^.*[	 ]\([ABCDGIRSTW][ABCDGIRSTW]*\)[	 ][	 ]*\([_A-Za-z][_A-Za-z0-9]*\)$/\1 \2 \2/p'\'' | sed '\''/ __gnu_lto/d'\'''
lt_cv_sys_global_symbol_to_c_name_address='sed -n -e '\''s/^: \(.*\) .*$/  {"\1", (void *) 0},/p'\'' -e '\''s/^[ABCDGIRSTW][ABCDGIRSTW]* .* \(.*\)$/  {"\1", (void *) \&\1},/p'\'''
lt_cv_sys_global_symbol_to_c_name_address_lib_prefix='sed -n -e '\''s/^: \(.*\) .*$/  {"\1", (void *) 0},/p'\'' -e '\''s/^[ABCDGIRSTW][ABCDGIRSTW]* .* \(lib.*\)$/  {"\1", (void *) \&\1},/p'\'' -e '\''s/^[ABCDGIRSTW][ABCDGIRSTW]* .* \(.*\)$/  {"lib\1", (void *) \&\1},/p'\'''
lt_cv_sys_global_symbol_to_cdecl='sed -n -e '\''s/^T .* \(.*\)$/extern int \1();/p'\'' -e '\''s/^[ABCDGIRSTW][ABCDGIRSTW]* .* \(.*\)$/extern char \1;/p'\'''
lt_cv_sys_global_symbol_to_import=
lt_cv_sys_max_cmd_len=1572864
lt_cv_to_host_file_cmd=func_convert_file_noop
lt_cv_to_tool_file_cmd=func_convert_file_noop
lt_cv_truncate_bin='/bin/dd bs=4096 count=1'

## ----------------- ##
## Output variables. ##
## ----------------- ##

ACLOCAL='${SHELL} /mnt/c/Github/metal/ct/libsnappy/missing aclocal-1.15'
AMDEPBACKSLASH='\'
AMDEP_FALSE='#'
AMDEP_TRUE=''
AMTAR='$${TAR-tar}'
AM_BACKSLASH='\'
AM_DEFAULT_V='$(AM_DEFAULT_VERBOSITY)'
AM_DEFAULT_VERBOSITY='1'
AM_V='$(V)'
AR='ar'
AUTOCONF='${SHELL} /mnt/c/Github/metal/ct/libsnappy/missing autoconf'
AUTOHEADER='${SHELL} /mnt/c/Github/metal/ct/libsnappy/missing autoheader'
AUTOMAKE='${SHELL} /mnt/c/Github/metal/ct/libsnappy/missing automake-1.15'
AWK='gawk'
CC='clang'
CCDEPMODE='depmode=gcc3'
CFLAGS='-fPIC'
CPP='clang -E'
CPPFLAGS=''
CXX='clang++'
CXXCPP='clang++ -E'
CXXDEPMODE='depmode=gcc3'
CXXFLAGS=' -fPIC'
CYGPATH_W='echo'
DEFS='-DHAVE_CONFIG_H'
DEPDIR='.deps'
DLLTOOL='false'
DSYMUTIL=''
DUMPBIN=''
ECHO_C=''
ECHO_N='-n'
ECHO_T=''
EGREP='/bin/grep -E'
EXEEXT=''
FGREP='/bin/grep -F'
GREP='/bin/grep'
GTEST_CONFIG=''
GTEST_CPPFLAGS=''
GTEST_CXXFLAGS=''
GTEST_LDFLAGS=''
GTEST_LIBS=''
GTEST_VERSION=''
HAVE_GTEST='no'
HAVE_GTEST_FALSE=''
HAVE_GTEST_TRUE='#'
INSTALL_DATA='${INSTALL} -m 644'
INSTALL_PROGRAM='${INSTALL}'
INSTALL_SCRIPT='${INSTALL}'
INSTALL_STRIP_PROGRAM='$(install_sh) -c -s'
LD='/usr/bin/ld -m elf_x86_64'
LDFLAGS=''
LIBOBJS=''
LIBS=''
LIBTOOL='$(SHELL) $(top_builddir)/libtool'
LIBTOOL_DEPS='./ltmain.sh'
LIPO=''
LN_S='ln -s'
LTLIBOBJS=''
LT_SYS_LIBRARY_PATH=''
MAKEINFO='${SHELL} /mnt/c/Github/metal/ct/libsnappy/missing makeinfo'
MANIFEST_TOOL=':'
MKDIR_P='/bin/mkdir -p'
NM='/usr/bin/nm -B'
NMEDIT=''
OBJDUMP='objdump'
OBJEXT='o'
OTOOL64=''
OTOOL=''
PACKAGE='snappy'
PACKAGE_BUGREPORT=''
PACKAGE_NAME='snappy'
PACKAGE_STRING='snappy 1.1.3'
PACKAGE_TARNAME='snappy'
PACKAGE_URL=''
PACKAGE_VERSION='1.1.3'
PATH_SEPARATOR=':'
PKG_CONFIG='/usr/bin/pkg-config'
PKG_CONFIG_LIBDIR=''
PKG_CONFIG_PATH='/mnt/c/Github/metal/ct/install/lib/pkgconfig'
RANLIB='ranlib'
SED='/bin/sed'
SET_MAKE=''
SHELL='/bin/bash'
SNAPPY_LTVERSION='4:0:3'
SNAPPY_MAJOR='1'
SNAPPY_MINOR='1'
SNAPPY_PATCHLEVEL='3'
STRIP='strip'
UNITTEST_LIBS='-lz '
VERSION='1.1.3'
ac_ct_AR='ar'
ac_ct_CC='clang'
ac_ct_CXX=''
ac_ct_DUMPBIN=''
ac_cv_have_stddef_h='1'
ac_cv_have_stdint_h='1'
ac_cv_have_sys_uio_h='0'
am__EXEEXT_FALSE=''
am__EXEEXT_TRUE='#'
am__fastdepCC_FALSE='#'
am__fastdepCC_TRUE=''
am__fastdepCXX_FALSE='#'
am__fastdepCXX_TRUE=''
am__include='include'
am__isrc=''
am__leading_dot='.'
am__nodep='_no'
am__quote=''
am__tar='$${TAR-tar} chof - "$$tardir"'
am__untar='$${TAR-tar} xf -'
bindir='${exec_prefix}/bin'
build='x86_64-pc-linux-gnu'
build_alias=''
build_cpu='x86_64'
build_os='linux-gnu'
build_vendor='pc'
datadir='${datarootdir}'
datarootdir='${prefix}/share'
docdir='${datarootdir}/doc/${PACKAGE_TARNAME}'
dvidir='${docdir}'
exec_prefix='${prefix}'
gflags_CFLAGS=''
gflags_LIBS=''
host='x86_64-pc-linux-gnu'
host_alias=''
host_cpu='x86_64'
host_os='linux-gnu'
host_vendor='pc'
htmldir='${docdir}'
includedir='${prefix}/include'
infodir='${datarootdir}/info'
install_sh='${SHELL} /mnt/c/Github/metal/ct/libsnappy/install-sh'
libdir='${exec_prefix}/lib'
libexecdir='${exec_prefix}/libexec'
localedir='${datarootdir}/locale'
localstatedir='${prefix}/var'
mandir='${datarootdir}/man'
mkdir_p='$(MKDIR_P)'
oldincludedir='/usr/include'
pdfdir='${docdir}'
prefix='/mnt/c/Github/metal/ct/install'
program_transform_name='s,x,x,'
psdir='${docdir}'
runstatedir='${localstatedir}/run'
sbindir='${exec_prefix}/sbin'
sharedstatedir='${prefix}/com'
sysconfdir='${prefix}/etc'
target_alias=''

## ----------- ##
## confdefs.h. ##
## ----------- ##

/* confdefs.h */
#define PACKAGE_NAME "snappy"
#define PACKAGE_TARNAME "snappy"
#define PACKAGE_VERSION "1.1.3"
#define PACKAGE_STRING "snappy 1.1.3"
#define PACKAGE_BUGREPORT ""
#define PACKAGE_URL ""
#define PACKAGE "snappy"
#define VERSION "1.1.3"
#define STDC_HEADERS 1
#define HAVE_SYS_TYPES_H 1
#define HAVE_SYS_STAT_H 1
#define HAVE_STDLIB_H 1
#define HAVE_STRING_H 1
#define HAVE_MEMORY_H 1
#define HAVE_STRINGS_H 1
#define HAVE_INTTYPES_H 1
#define HAVE_STDINT_H 1
#define HAVE_UNISTD_H 1
#define HAVE_DLFCN_H 1
#define LT_OBJDIR ".libs/"
#define HAVE_STDINT_H 1
#define HAVE_STDDEF_H 1
#define HAVE_SYS_MMAN_H 1
#define HAVE_SYS_RESOURCE_H 1
#define HAVE_BYTESWAP_H 1
#define HAVE_SYS_TIME_H 1
#define HAVE_BUILTIN_EXPECT 1
#define HAVE_BUILTIN_CTZ 1
#define HAVE_LIBZ 1

configure: exit 0
