Determining if files sys/tree.h exist failed with the following output:
Change Dir: /mnt/c/Github/metal/ct/libevhtp/CMakeFiles/CMakeTmp

Run Build Command:"/usr/bin/make" "cmTC_33ae9/fast"
make[2]: Entering directory '/mnt/c/Github/metal/ct/libevhtp/CMakeFiles/CMakeTmp'
/usr/bin/make -f CMakeFiles/cmTC_33ae9.dir/build.make CMakeFiles/cmTC_33ae9.dir/build
make[3]: Entering directory '/mnt/c/Github/metal/ct/libevhtp/CMakeFiles/CMakeTmp'
Building C object CMakeFiles/cmTC_33ae9.dir/HAVE_SYS_TREE.c.o
/usr/bin/clang   -fPIC -DPROJECT_VERSION=1.2.11 -Wall    -o CMakeFiles/cmTC_33ae9.dir/HAVE_SYS_TREE.c.o   -c /mnt/c/Github/metal/ct/libevhtp/CMakeFiles/CheckIncludeFiles/HAVE_SYS_TREE.c
/mnt/c/Github/metal/ct/libevhtp/CMakeFiles/CheckIncludeFiles/HAVE_SYS_TREE.c:2:10: fatal error: 'sys/tree.h' file not found
#include <sys/tree.h>
         ^
1 error generated.
CMakeFiles/cmTC_33ae9.dir/build.make:65: recipe for target 'CMakeFiles/cmTC_33ae9.dir/HAVE_SYS_TREE.c.o' failed
make[3]: *** [CMakeFiles/cmTC_33ae9.dir/HAVE_SYS_TREE.c.o] Error 1
make[3]: Leaving directory '/mnt/c/Github/metal/ct/libevhtp/CMakeFiles/CMakeTmp'
Makefile:121: recipe for target 'cmTC_33ae9/fast' failed
make[2]: *** [cmTC_33ae9/fast] Error 2
make[2]: Leaving directory '/mnt/c/Github/metal/ct/libevhtp/CMakeFiles/CMakeTmp'

Source:
/* */
#include <sys/tree.h>


int main(void){return 0;}

