Determining if the pthread_create exist failed with the following output:
Change Dir: /mnt/c/Github/metal/ct/gflags/build/CMakeFiles/CMakeTmp

Run Build Command:"/usr/bin/make" "cmTC_26dae/fast"
make[2]: Entering directory '/mnt/c/Github/metal/ct/gflags/build/CMakeFiles/CMakeTmp'
/usr/bin/make -f CMakeFiles/cmTC_26dae.dir/build.make CMakeFiles/cmTC_26dae.dir/build
make[3]: Entering directory '/mnt/c/Github/metal/ct/gflags/build/CMakeFiles/CMakeTmp'
Building C object CMakeFiles/cmTC_26dae.dir/CheckSymbolExists.c.o
/usr/bin/clang    -o CMakeFiles/cmTC_26dae.dir/CheckSymbolExists.c.o   -c /mnt/c/Github/metal/ct/gflags/build/CMakeFiles/CMakeTmp/CheckSymbolExists.c
Linking C executable cmTC_26dae
/usr/local/bin/cmake -E cmake_link_script CMakeFiles/cmTC_26dae.dir/link.txt --verbose=1
/usr/bin/clang      -rdynamic CMakeFiles/cmTC_26dae.dir/CheckSymbolExists.c.o  -o cmTC_26dae 
CMakeFiles/cmTC_26dae.dir/CheckSymbolExists.c.o: In function `main':
/mnt/c/Github/metal/ct/gflags/build/CMakeFiles/CMakeTmp/CheckSymbolExists.c:(.text+0x19): undefined reference to `pthread_create'
clang: error: linker command failed with exit code 1 (use -v to see invocation)
CMakeFiles/cmTC_26dae.dir/build.make:86: recipe for target 'cmTC_26dae' failed
make[3]: *** [cmTC_26dae] Error 1
make[3]: Leaving directory '/mnt/c/Github/metal/ct/gflags/build/CMakeFiles/CMakeTmp'
Makefile:121: recipe for target 'cmTC_26dae/fast' failed
make[2]: *** [cmTC_26dae/fast] Error 2
make[2]: Leaving directory '/mnt/c/Github/metal/ct/gflags/build/CMakeFiles/CMakeTmp'

File /mnt/c/Github/metal/ct/gflags/build/CMakeFiles/CMakeTmp/CheckSymbolExists.c:
/* */
#include <pthread.h>

int main(int argc, char** argv)
{
  (void)argv;
#ifndef pthread_create
  return ((int*)(&pthread_create))[argc];
#else
  (void)argc;
  return 0;
#endif
}

Determining if the function pthread_create exists in the pthreads failed with the following output:
Change Dir: /mnt/c/Github/metal/ct/gflags/build/CMakeFiles/CMakeTmp

Run Build Command:"/usr/bin/make" "cmTC_78251/fast"
make[2]: Entering directory '/mnt/c/Github/metal/ct/gflags/build/CMakeFiles/CMakeTmp'
/usr/bin/make -f CMakeFiles/cmTC_78251.dir/build.make CMakeFiles/cmTC_78251.dir/build
make[3]: Entering directory '/mnt/c/Github/metal/ct/gflags/build/CMakeFiles/CMakeTmp'
Building C object CMakeFiles/cmTC_78251.dir/CheckFunctionExists.c.o
/usr/bin/clang   -DCHECK_FUNCTION_EXISTS=pthread_create   -o CMakeFiles/cmTC_78251.dir/CheckFunctionExists.c.o   -c /usr/local/share/cmake-3.13/Modules/CheckFunctionExists.c
Linking C executable cmTC_78251
/usr/local/bin/cmake -E cmake_link_script CMakeFiles/cmTC_78251.dir/link.txt --verbose=1
/usr/bin/clang  -DCHECK_FUNCTION_EXISTS=pthread_create    -rdynamic CMakeFiles/cmTC_78251.dir/CheckFunctionExists.c.o  -o cmTC_78251 -lpthreads 
/usr/bin/ld: cannot find -lpthreads
clang: error: linker command failed with exit code 1 (use -v to see invocation)
CMakeFiles/cmTC_78251.dir/build.make:86: recipe for target 'cmTC_78251' failed
make[3]: *** [cmTC_78251] Error 1
make[3]: Leaving directory '/mnt/c/Github/metal/ct/gflags/build/CMakeFiles/CMakeTmp'
Makefile:121: recipe for target 'cmTC_78251/fast' failed
make[2]: *** [cmTC_78251/fast] Error 2
make[2]: Leaving directory '/mnt/c/Github/metal/ct/gflags/build/CMakeFiles/CMakeTmp'


