The system is: Linux - 4.4.0-17134-Microsoft - x86_64
Compiling the CXX compiler identification source file "CMakeCXXCompilerId.cpp" succeeded.
Compiler: /usr/bin/clang++ 
Build flags: -fPIC
Id flags:  

The output was:
0


Compilation of the CXX compiler identification source "CMakeCXXCompilerId.cpp" produced "a.out"

The CXX compiler identification is Clang, found in "/mnt/c/Github/metal/ct/gflags/build/CMakeFiles/3.13.0/CompilerIdCXX/a.out"

Determining if the CXX compiler works passed with the following output:
Change Dir: /mnt/c/Github/metal/ct/gflags/build/CMakeFiles/CMakeTmp

Run Build Command:"/usr/bin/make" "cmTC_25457/fast"
make[2]: Entering directory '/mnt/c/Github/metal/ct/gflags/build/CMakeFiles/CMakeTmp'
/usr/bin/make -f CMakeFiles/cmTC_25457.dir/build.make CMakeFiles/cmTC_25457.dir/build
make[3]: Entering directory '/mnt/c/Github/metal/ct/gflags/build/CMakeFiles/CMakeTmp'
Building CXX object CMakeFiles/cmTC_25457.dir/testCXXCompiler.cxx.o
/usr/bin/clang++    -fPIC    -o CMakeFiles/cmTC_25457.dir/testCXXCompiler.cxx.o -c /mnt/c/Github/metal/ct/gflags/build/CMakeFiles/CMakeTmp/testCXXCompiler.cxx
Linking CXX executable cmTC_25457
/usr/local/bin/cmake -E cmake_link_script CMakeFiles/cmTC_25457.dir/link.txt --verbose=1
/usr/bin/clang++  -fPIC     -rdynamic CMakeFiles/cmTC_25457.dir/testCXXCompiler.cxx.o  -o cmTC_25457 
make[3]: Leaving directory '/mnt/c/Github/metal/ct/gflags/build/CMakeFiles/CMakeTmp'
make[2]: Leaving directory '/mnt/c/Github/metal/ct/gflags/build/CMakeFiles/CMakeTmp'


Detecting CXX compiler ABI info compiled with the following output:
Change Dir: /mnt/c/Github/metal/ct/gflags/build/CMakeFiles/CMakeTmp

Run Build Command:"/usr/bin/make" "cmTC_02eaf/fast"
make[2]: Entering directory '/mnt/c/Github/metal/ct/gflags/build/CMakeFiles/CMakeTmp'
/usr/bin/make -f CMakeFiles/cmTC_02eaf.dir/build.make CMakeFiles/cmTC_02eaf.dir/build
make[3]: Entering directory '/mnt/c/Github/metal/ct/gflags/build/CMakeFiles/CMakeTmp'
Building CXX object CMakeFiles/cmTC_02eaf.dir/CMakeCXXCompilerABI.cpp.o
/usr/bin/clang++    -fPIC    -o CMakeFiles/cmTC_02eaf.dir/CMakeCXXCompilerABI.cpp.o -c /usr/local/share/cmake-3.13/Modules/CMakeCXXCompilerABI.cpp
Linking CXX executable cmTC_02eaf
/usr/local/bin/cmake -E cmake_link_script CMakeFiles/cmTC_02eaf.dir/link.txt --verbose=1
/usr/bin/clang++  -fPIC    -v -rdynamic CMakeFiles/cmTC_02eaf.dir/CMakeCXXCompilerABI.cpp.o  -o cmTC_02eaf 
clang version 3.8.0-2ubuntu4 (tags/RELEASE_380/final)
Target: x86_64-pc-linux-gnu
Thread model: posix
InstalledDir: /usr/bin
Found candidate GCC installation: /usr/bin/../lib/gcc/x86_64-linux-gnu/5.4.0
Found candidate GCC installation: /usr/bin/../lib/gcc/x86_64-linux-gnu/6.0.0
Found candidate GCC installation: /usr/lib/gcc/x86_64-linux-gnu/5.4.0
Found candidate GCC installation: /usr/lib/gcc/x86_64-linux-gnu/6.0.0
Selected GCC installation: /usr/bin/../lib/gcc/x86_64-linux-gnu/5.4.0
Candidate multilib: .;@m64
Selected multilib: .;@m64
 "/usr/bin/ld" -export-dynamic -z relro --hash-style=gnu --build-id --eh-frame-hdr -m elf_x86_64 -dynamic-linker /lib64/ld-linux-x86-64.so.2 -o cmTC_02eaf /usr/bin/../lib/gcc/x86_64-linux-gnu/5.4.0/../../../x86_64-linux-gnu/crt1.o /usr/bin/../lib/gcc/x86_64-linux-gnu/5.4.0/../../../x86_64-linux-gnu/crti.o /usr/bin/../lib/gcc/x86_64-linux-gnu/5.4.0/crtbegin.o -L/usr/bin/../lib/gcc/x86_64-linux-gnu/5.4.0 -L/usr/bin/../lib/gcc/x86_64-linux-gnu/5.4.0/../../../x86_64-linux-gnu -L/lib/x86_64-linux-gnu -L/lib/../lib64 -L/usr/lib/x86_64-linux-gnu -L/usr/bin/../lib/gcc/x86_64-linux-gnu/5.4.0/../../.. -L/usr/lib/llvm-3.8/bin/../lib -L/lib -L/usr/lib CMakeFiles/cmTC_02eaf.dir/CMakeCXXCompilerABI.cpp.o -lstdc++ -lm -lgcc_s -lgcc -lc -lgcc_s -lgcc /usr/bin/../lib/gcc/x86_64-linux-gnu/5.4.0/crtend.o /usr/bin/../lib/gcc/x86_64-linux-gnu/5.4.0/../../../x86_64-linux-gnu/crtn.o
make[3]: Leaving directory '/mnt/c/Github/metal/ct/gflags/build/CMakeFiles/CMakeTmp'
make[2]: Leaving directory '/mnt/c/Github/metal/ct/gflags/build/CMakeFiles/CMakeTmp'


Parsed CXX implicit link information from above output:
  link line regex: [^( *|.*[/\])(ld|CMAKE_LINK_STARTFILE-NOTFOUND|([^/\]+-)?ld|collect2)[^/\]*( |$)]
  ignore line: [Change Dir: /mnt/c/Github/metal/ct/gflags/build/CMakeFiles/CMakeTmp]
  ignore line: []
  ignore line: [Run Build Command:"/usr/bin/make" "cmTC_02eaf/fast"]
  ignore line: [make[2]: Entering directory '/mnt/c/Github/metal/ct/gflags/build/CMakeFiles/CMakeTmp']
  ignore line: [/usr/bin/make -f CMakeFiles/cmTC_02eaf.dir/build.make CMakeFiles/cmTC_02eaf.dir/build]
  ignore line: [make[3]: Entering directory '/mnt/c/Github/metal/ct/gflags/build/CMakeFiles/CMakeTmp']
  ignore line: [Building CXX object CMakeFiles/cmTC_02eaf.dir/CMakeCXXCompilerABI.cpp.o]
  ignore line: [/usr/bin/clang++    -fPIC    -o CMakeFiles/cmTC_02eaf.dir/CMakeCXXCompilerABI.cpp.o -c /usr/local/share/cmake-3.13/Modules/CMakeCXXCompilerABI.cpp]
  ignore line: [Linking CXX executable cmTC_02eaf]
  ignore line: [/usr/local/bin/cmake -E cmake_link_script CMakeFiles/cmTC_02eaf.dir/link.txt --verbose=1]
  ignore line: [/usr/bin/clang++  -fPIC    -v -rdynamic CMakeFiles/cmTC_02eaf.dir/CMakeCXXCompilerABI.cpp.o  -o cmTC_02eaf ]
  ignore line: [clang version 3.8.0-2ubuntu4 (tags/RELEASE_380/final)]
  ignore line: [Target: x86_64-pc-linux-gnu]
  ignore line: [Thread model: posix]
  ignore line: [InstalledDir: /usr/bin]
  ignore line: [Found candidate GCC installation: /usr/bin/../lib/gcc/x86_64-linux-gnu/5.4.0]
  ignore line: [Found candidate GCC installation: /usr/bin/../lib/gcc/x86_64-linux-gnu/6.0.0]
  ignore line: [Found candidate GCC installation: /usr/lib/gcc/x86_64-linux-gnu/5.4.0]
  ignore line: [Found candidate GCC installation: /usr/lib/gcc/x86_64-linux-gnu/6.0.0]
  ignore line: [Selected GCC installation: /usr/bin/../lib/gcc/x86_64-linux-gnu/5.4.0]
  ignore line: [Candidate multilib: .]
  ignore line: [@m64]
  ignore line: [Selected multilib: .]
  ignore line: [@m64]
  link line: [ "/usr/bin/ld" -export-dynamic -z relro --hash-style=gnu --build-id --eh-frame-hdr -m elf_x86_64 -dynamic-linker /lib64/ld-linux-x86-64.so.2 -o cmTC_02eaf /usr/bin/../lib/gcc/x86_64-linux-gnu/5.4.0/../../../x86_64-linux-gnu/crt1.o /usr/bin/../lib/gcc/x86_64-linux-gnu/5.4.0/../../../x86_64-linux-gnu/crti.o /usr/bin/../lib/gcc/x86_64-linux-gnu/5.4.0/crtbegin.o -L/usr/bin/../lib/gcc/x86_64-linux-gnu/5.4.0 -L/usr/bin/../lib/gcc/x86_64-linux-gnu/5.4.0/../../../x86_64-linux-gnu -L/lib/x86_64-linux-gnu -L/lib/../lib64 -L/usr/lib/x86_64-linux-gnu -L/usr/bin/../lib/gcc/x86_64-linux-gnu/5.4.0/../../.. -L/usr/lib/llvm-3.8/bin/../lib -L/lib -L/usr/lib CMakeFiles/cmTC_02eaf.dir/CMakeCXXCompilerABI.cpp.o -lstdc++ -lm -lgcc_s -lgcc -lc -lgcc_s -lgcc /usr/bin/../lib/gcc/x86_64-linux-gnu/5.4.0/crtend.o /usr/bin/../lib/gcc/x86_64-linux-gnu/5.4.0/../../../x86_64-linux-gnu/crtn.o]
    arg [/usr/bin/ld] ==> ignore
    arg [-export-dynamic] ==> ignore
    arg [-zrelro] ==> ignore
    arg [--hash-style=gnu] ==> ignore
    arg [--build-id] ==> ignore
    arg [--eh-frame-hdr] ==> ignore
    arg [-m] ==> ignore
    arg [elf_x86_64] ==> ignore
    arg [-dynamic-linker] ==> ignore
    arg [/lib64/ld-linux-x86-64.so.2] ==> ignore
    arg [-o] ==> ignore
    arg [cmTC_02eaf] ==> ignore
    arg [/usr/bin/../lib/gcc/x86_64-linux-gnu/5.4.0/../../../x86_64-linux-gnu/crt1.o] ==> ignore
    arg [/usr/bin/../lib/gcc/x86_64-linux-gnu/5.4.0/../../../x86_64-linux-gnu/crti.o] ==> ignore
    arg [/usr/bin/../lib/gcc/x86_64-linux-gnu/5.4.0/crtbegin.o] ==> ignore
    arg [-L/usr/bin/../lib/gcc/x86_64-linux-gnu/5.4.0] ==> dir [/usr/bin/../lib/gcc/x86_64-linux-gnu/5.4.0]
    arg [-L/usr/bin/../lib/gcc/x86_64-linux-gnu/5.4.0/../../../x86_64-linux-gnu] ==> dir [/usr/bin/../lib/gcc/x86_64-linux-gnu/5.4.0/../../../x86_64-linux-gnu]
    arg [-L/lib/x86_64-linux-gnu] ==> dir [/lib/x86_64-linux-gnu]
    arg [-L/lib/../lib64] ==> dir [/lib/../lib64]
    arg [-L/usr/lib/x86_64-linux-gnu] ==> dir [/usr/lib/x86_64-linux-gnu]
    arg [-L/usr/bin/../lib/gcc/x86_64-linux-gnu/5.4.0/../../..] ==> dir [/usr/bin/../lib/gcc/x86_64-linux-gnu/5.4.0/../../..]
    arg [-L/usr/lib/llvm-3.8/bin/../lib] ==> dir [/usr/lib/llvm-3.8/bin/../lib]
    arg [-L/lib] ==> dir [/lib]
    arg [-L/usr/lib] ==> dir [/usr/lib]
    arg [CMakeFiles/cmTC_02eaf.dir/CMakeCXXCompilerABI.cpp.o] ==> ignore
    arg [-lstdc++] ==> lib [stdc++]
    arg [-lm] ==> lib [m]
    arg [-lgcc_s] ==> lib [gcc_s]
    arg [-lgcc] ==> lib [gcc]
    arg [-lc] ==> lib [c]
    arg [-lgcc_s] ==> lib [gcc_s]
    arg [-lgcc] ==> lib [gcc]
    arg [/usr/bin/../lib/gcc/x86_64-linux-gnu/5.4.0/crtend.o] ==> ignore
    arg [/usr/bin/../lib/gcc/x86_64-linux-gnu/5.4.0/../../../x86_64-linux-gnu/crtn.o] ==> ignore
  collapse library dir [/usr/bin/../lib/gcc/x86_64-linux-gnu/5.4.0] ==> [/usr/lib/gcc/x86_64-linux-gnu/5.4.0]
  collapse library dir [/usr/bin/../lib/gcc/x86_64-linux-gnu/5.4.0/../../../x86_64-linux-gnu] ==> [/usr/lib/x86_64-linux-gnu]
  collapse library dir [/lib/x86_64-linux-gnu] ==> [/lib/x86_64-linux-gnu]
  collapse library dir [/lib/../lib64] ==> [/lib64]
  collapse library dir [/usr/lib/x86_64-linux-gnu] ==> [/usr/lib/x86_64-linux-gnu]
  collapse library dir [/usr/bin/../lib/gcc/x86_64-linux-gnu/5.4.0/../../..] ==> [/usr/lib]
  collapse library dir [/usr/lib/llvm-3.8/bin/../lib] ==> [/usr/lib/llvm-3.8/lib]
  collapse library dir [/lib] ==> [/lib]
  collapse library dir [/usr/lib] ==> [/usr/lib]
  implicit libs: [stdc++;m;gcc_s;gcc;c;gcc_s;gcc]
  implicit dirs: [/usr/lib/gcc/x86_64-linux-gnu/5.4.0;/usr/lib/x86_64-linux-gnu;/lib/x86_64-linux-gnu;/lib64;/usr/lib;/usr/lib/llvm-3.8/lib;/lib]
  implicit fwks: []




Detecting CXX [-std=c++1z] compiler features compiled with the following output:
Change Dir: /mnt/c/Github/metal/ct/gflags/build/CMakeFiles/CMakeTmp

Run Build Command:"/usr/bin/make" "cmTC_f486b/fast"
make[2]: Entering directory '/mnt/c/Github/metal/ct/gflags/build/CMakeFiles/CMakeTmp'
/usr/bin/make -f CMakeFiles/cmTC_f486b.dir/build.make CMakeFiles/cmTC_f486b.dir/build
make[3]: Entering directory '/mnt/c/Github/metal/ct/gflags/build/CMakeFiles/CMakeTmp'
Building CXX object CMakeFiles/cmTC_f486b.dir/feature_tests.cxx.o
/usr/bin/clang++    -fPIC    -std=c++1z -o CMakeFiles/cmTC_f486b.dir/feature_tests.cxx.o -c /mnt/c/Github/metal/ct/gflags/build/CMakeFiles/feature_tests.cxx
Linking CXX executable cmTC_f486b
/usr/local/bin/cmake -E cmake_link_script CMakeFiles/cmTC_f486b.dir/link.txt --verbose=1
/usr/bin/clang++  -fPIC     -rdynamic CMakeFiles/cmTC_f486b.dir/feature_tests.cxx.o  -o cmTC_f486b 
make[3]: Leaving directory '/mnt/c/Github/metal/ct/gflags/build/CMakeFiles/CMakeTmp'
make[2]: Leaving directory '/mnt/c/Github/metal/ct/gflags/build/CMakeFiles/CMakeTmp'


    Feature record: CXX_FEATURE:1cxx_aggregate_default_initializers
    Feature record: CXX_FEATURE:1cxx_alias_templates
    Feature record: CXX_FEATURE:1cxx_alignas
    Feature record: CXX_FEATURE:1cxx_alignof
    Feature record: CXX_FEATURE:1cxx_attributes
    Feature record: CXX_FEATURE:1cxx_attribute_deprecated
    Feature record: CXX_FEATURE:1cxx_auto_type
    Feature record: CXX_FEATURE:1cxx_binary_literals
    Feature record: CXX_FEATURE:1cxx_constexpr
    Feature record: CXX_FEATURE:1cxx_contextual_conversions
    Feature record: CXX_FEATURE:1cxx_decltype
    Feature record: CXX_FEATURE:1cxx_decltype_auto
    Feature record: CXX_FEATURE:1cxx_decltype_incomplete_return_types
    Feature record: CXX_FEATURE:1cxx_default_function_template_args
    Feature record: CXX_FEATURE:1cxx_defaulted_functions
    Feature record: CXX_FEATURE:1cxx_defaulted_move_initializers
    Feature record: CXX_FEATURE:1cxx_delegating_constructors
    Feature record: CXX_FEATURE:1cxx_deleted_functions
    Feature record: CXX_FEATURE:1cxx_digit_separators
    Feature record: CXX_FEATURE:1cxx_enum_forward_declarations
    Feature record: CXX_FEATURE:1cxx_explicit_conversions
    Feature record: CXX_FEATURE:1cxx_extended_friend_declarations
    Feature record: CXX_FEATURE:1cxx_extern_templates
    Feature record: CXX_FEATURE:1cxx_final
    Feature record: CXX_FEATURE:1cxx_func_identifier
    Feature record: CXX_FEATURE:1cxx_generalized_initializers
    Feature record: CXX_FEATURE:1cxx_generic_lambdas
    Feature record: CXX_FEATURE:1cxx_inheriting_constructors
    Feature record: CXX_FEATURE:1cxx_inline_namespaces
    Feature record: CXX_FEATURE:1cxx_lambdas
    Feature record: CXX_FEATURE:1cxx_lambda_init_captures
    Feature record: CXX_FEATURE:1cxx_local_type_template_args
    Feature record: CXX_FEATURE:1cxx_long_long_type
    Feature record: CXX_FEATURE:1cxx_noexcept
    Feature record: CXX_FEATURE:1cxx_nonstatic_member_init
    Feature record: CXX_FEATURE:1cxx_nullptr
    Feature record: CXX_FEATURE:1cxx_override
    Feature record: CXX_FEATURE:1cxx_range_for
    Feature record: CXX_FEATURE:1cxx_raw_string_literals
    Feature record: CXX_FEATURE:1cxx_reference_qualified_functions
    Feature record: CXX_FEATURE:1cxx_relaxed_constexpr
    Feature record: CXX_FEATURE:1cxx_return_type_deduction
    Feature record: CXX_FEATURE:1cxx_right_angle_brackets
    Feature record: CXX_FEATURE:1cxx_rvalue_references
    Feature record: CXX_FEATURE:1cxx_sizeof_member
    Feature record: CXX_FEATURE:1cxx_static_assert
    Feature record: CXX_FEATURE:1cxx_strong_enums
    Feature record: CXX_FEATURE:1cxx_template_template_parameters
    Feature record: CXX_FEATURE:1cxx_thread_local
    Feature record: CXX_FEATURE:1cxx_trailing_return_types
    Feature record: CXX_FEATURE:1cxx_unicode_literals
    Feature record: CXX_FEATURE:1cxx_uniform_initialization
    Feature record: CXX_FEATURE:1cxx_unrestricted_unions
    Feature record: CXX_FEATURE:1cxx_user_literals
    Feature record: CXX_FEATURE:1cxx_variable_templates
    Feature record: CXX_FEATURE:1cxx_variadic_macros
    Feature record: CXX_FEATURE:1cxx_variadic_templates


Detecting CXX [-std=c++14] compiler features compiled with the following output:
Change Dir: /mnt/c/Github/metal/ct/gflags/build/CMakeFiles/CMakeTmp

Run Build Command:"/usr/bin/make" "cmTC_99a2a/fast"
make[2]: Entering directory '/mnt/c/Github/metal/ct/gflags/build/CMakeFiles/CMakeTmp'
/usr/bin/make -f CMakeFiles/cmTC_99a2a.dir/build.make CMakeFiles/cmTC_99a2a.dir/build
make[3]: Entering directory '/mnt/c/Github/metal/ct/gflags/build/CMakeFiles/CMakeTmp'
Building CXX object CMakeFiles/cmTC_99a2a.dir/feature_tests.cxx.o
/usr/bin/clang++    -fPIC    -std=c++14 -o CMakeFiles/cmTC_99a2a.dir/feature_tests.cxx.o -c /mnt/c/Github/metal/ct/gflags/build/CMakeFiles/feature_tests.cxx
Linking CXX executable cmTC_99a2a
/usr/local/bin/cmake -E cmake_link_script CMakeFiles/cmTC_99a2a.dir/link.txt --verbose=1
/usr/bin/clang++  -fPIC     -rdynamic CMakeFiles/cmTC_99a2a.dir/feature_tests.cxx.o  -o cmTC_99a2a 
make[3]: Leaving directory '/mnt/c/Github/metal/ct/gflags/build/CMakeFiles/CMakeTmp'
make[2]: Leaving directory '/mnt/c/Github/metal/ct/gflags/build/CMakeFiles/CMakeTmp'


    Feature record: CXX_FEATURE:1cxx_aggregate_default_initializers
    Feature record: CXX_FEATURE:1cxx_alias_templates
    Feature record: CXX_FEATURE:1cxx_alignas
    Feature record: CXX_FEATURE:1cxx_alignof
    Feature record: CXX_FEATURE:1cxx_attributes
    Feature record: CXX_FEATURE:1cxx_attribute_deprecated
    Feature record: CXX_FEATURE:1cxx_auto_type
    Feature record: CXX_FEATURE:1cxx_binary_literals
    Feature record: CXX_FEATURE:1cxx_constexpr
    Feature record: CXX_FEATURE:1cxx_contextual_conversions
    Feature record: CXX_FEATURE:1cxx_decltype
    Feature record: CXX_FEATURE:1cxx_decltype_auto
    Feature record: CXX_FEATURE:1cxx_decltype_incomplete_return_types
    Feature record: CXX_FEATURE:1cxx_default_function_template_args
    Feature record: CXX_FEATURE:1cxx_defaulted_functions
    Feature record: CXX_FEATURE:1cxx_defaulted_move_initializers
    Feature record: CXX_FEATURE:1cxx_delegating_constructors
    Feature record: CXX_FEATURE:1cxx_deleted_functions
    Feature record: CXX_FEATURE:1cxx_digit_separators
    Feature record: CXX_FEATURE:1cxx_enum_forward_declarations
    Feature record: CXX_FEATURE:1cxx_explicit_conversions
    Feature record: CXX_FEATURE:1cxx_extended_friend_declarations
    Feature record: CXX_FEATURE:1cxx_extern_templates
    Feature record: CXX_FEATURE:1cxx_final
    Feature record: CXX_FEATURE:1cxx_func_identifier
    Feature record: CXX_FEATURE:1cxx_generalized_initializers
    Feature record: CXX_FEATURE:1cxx_generic_lambdas
    Feature record: CXX_FEATURE:1cxx_inheriting_constructors
    Feature record: CXX_FEATURE:1cxx_inline_namespaces
    Feature record: CXX_FEATURE:1cxx_lambdas
    Feature record: CXX_FEATURE:1cxx_lambda_init_captures
    Feature record: CXX_FEATURE:1cxx_local_type_template_args
    Feature record: CXX_FEATURE:1cxx_long_long_type
    Feature record: CXX_FEATURE:1cxx_noexcept
    Feature record: CXX_FEATURE:1cxx_nonstatic_member_init
    Feature record: CXX_FEATURE:1cxx_nullptr
    Feature record: CXX_FEATURE:1cxx_override
    Feature record: CXX_FEATURE:1cxx_range_for
    Feature record: CXX_FEATURE:1cxx_raw_string_literals
    Feature record: CXX_FEATURE:1cxx_reference_qualified_functions
    Feature record: CXX_FEATURE:1cxx_relaxed_constexpr
    Feature record: CXX_FEATURE:1cxx_return_type_deduction
    Feature record: CXX_FEATURE:1cxx_right_angle_brackets
    Feature record: CXX_FEATURE:1cxx_rvalue_references
    Feature record: CXX_FEATURE:1cxx_sizeof_member
    Feature record: CXX_FEATURE:1cxx_static_assert
    Feature record: CXX_FEATURE:1cxx_strong_enums
    Feature record: CXX_FEATURE:1cxx_template_template_parameters
    Feature record: CXX_FEATURE:1cxx_thread_local
    Feature record: CXX_FEATURE:1cxx_trailing_return_types
    Feature record: CXX_FEATURE:1cxx_unicode_literals
    Feature record: CXX_FEATURE:1cxx_uniform_initialization
    Feature record: CXX_FEATURE:1cxx_unrestricted_unions
    Feature record: CXX_FEATURE:1cxx_user_literals
    Feature record: CXX_FEATURE:1cxx_variable_templates
    Feature record: CXX_FEATURE:1cxx_variadic_macros
    Feature record: CXX_FEATURE:1cxx_variadic_templates


Detecting CXX [-std=c++11] compiler features compiled with the following output:
Change Dir: /mnt/c/Github/metal/ct/gflags/build/CMakeFiles/CMakeTmp

Run Build Command:"/usr/bin/make" "cmTC_e7dd9/fast"
make[2]: Entering directory '/mnt/c/Github/metal/ct/gflags/build/CMakeFiles/CMakeTmp'
/usr/bin/make -f CMakeFiles/cmTC_e7dd9.dir/build.make CMakeFiles/cmTC_e7dd9.dir/build
make[3]: Entering directory '/mnt/c/Github/metal/ct/gflags/build/CMakeFiles/CMakeTmp'
Building CXX object CMakeFiles/cmTC_e7dd9.dir/feature_tests.cxx.o
/usr/bin/clang++    -fPIC    -std=c++11 -o CMakeFiles/cmTC_e7dd9.dir/feature_tests.cxx.o -c /mnt/c/Github/metal/ct/gflags/build/CMakeFiles/feature_tests.cxx
Linking CXX executable cmTC_e7dd9
/usr/local/bin/cmake -E cmake_link_script CMakeFiles/cmTC_e7dd9.dir/link.txt --verbose=1
/usr/bin/clang++  -fPIC     -rdynamic CMakeFiles/cmTC_e7dd9.dir/feature_tests.cxx.o  -o cmTC_e7dd9 
make[3]: Leaving directory '/mnt/c/Github/metal/ct/gflags/build/CMakeFiles/CMakeTmp'
make[2]: Leaving directory '/mnt/c/Github/metal/ct/gflags/build/CMakeFiles/CMakeTmp'


    Feature record: CXX_FEATURE:0cxx_aggregate_default_initializers
    Feature record: CXX_FEATURE:1cxx_alias_templates
    Feature record: CXX_FEATURE:1cxx_alignas
    Feature record: CXX_FEATURE:1cxx_alignof
    Feature record: CXX_FEATURE:1cxx_attributes
    Feature record: CXX_FEATURE:0cxx_attribute_deprecated
    Feature record: CXX_FEATURE:1cxx_auto_type
    Feature record: CXX_FEATURE:0cxx_binary_literals
    Feature record: CXX_FEATURE:1cxx_constexpr
    Feature record: CXX_FEATURE:0cxx_contextual_conversions
    Feature record: CXX_FEATURE:1cxx_decltype
    Feature record: CXX_FEATURE:0cxx_decltype_auto
    Feature record: CXX_FEATURE:1cxx_decltype_incomplete_return_types
    Feature record: CXX_FEATURE:1cxx_default_function_template_args
    Feature record: CXX_FEATURE:1cxx_defaulted_functions
    Feature record: CXX_FEATURE:1cxx_defaulted_move_initializers
    Feature record: CXX_FEATURE:1cxx_delegating_constructors
    Feature record: CXX_FEATURE:1cxx_deleted_functions
    Feature record: CXX_FEATURE:0cxx_digit_separators
    Feature record: CXX_FEATURE:1cxx_enum_forward_declarations
    Feature record: CXX_FEATURE:1cxx_explicit_conversions
    Feature record: CXX_FEATURE:1cxx_extended_friend_declarations
    Feature record: CXX_FEATURE:1cxx_extern_templates
    Feature record: CXX_FEATURE:1cxx_final
    Feature record: CXX_FEATURE:1cxx_func_identifier
    Feature record: CXX_FEATURE:1cxx_generalized_initializers
    Feature record: CXX_FEATURE:0cxx_generic_lambdas
    Feature record: CXX_FEATURE:1cxx_inheriting_constructors
    Feature record: CXX_FEATURE:1cxx_inline_namespaces
    Feature record: CXX_FEATURE:1cxx_lambdas
    Feature record: CXX_FEATURE:0cxx_lambda_init_captures
    Feature record: CXX_FEATURE:1cxx_local_type_template_args
    Feature record: CXX_FEATURE:1cxx_long_long_type
    Feature record: CXX_FEATURE:1cxx_noexcept
    Feature record: CXX_FEATURE:1cxx_nonstatic_member_init
    Feature record: CXX_FEATURE:1cxx_nullptr
    Feature record: CXX_FEATURE:1cxx_override
    Feature record: CXX_FEATURE:1cxx_range_for
    Feature record: CXX_FEATURE:1cxx_raw_string_literals
    Feature record: CXX_FEATURE:1cxx_reference_qualified_functions
    Feature record: CXX_FEATURE:0cxx_relaxed_constexpr
    Feature record: CXX_FEATURE:0cxx_return_type_deduction
    Feature record: CXX_FEATURE:1cxx_right_angle_brackets
    Feature record: CXX_FEATURE:1cxx_rvalue_references
    Feature record: CXX_FEATURE:1cxx_sizeof_member
    Feature record: CXX_FEATURE:1cxx_static_assert
    Feature record: CXX_FEATURE:1cxx_strong_enums
    Feature record: CXX_FEATURE:1cxx_template_template_parameters
    Feature record: CXX_FEATURE:1cxx_thread_local
    Feature record: CXX_FEATURE:1cxx_trailing_return_types
    Feature record: CXX_FEATURE:1cxx_unicode_literals
    Feature record: CXX_FEATURE:1cxx_uniform_initialization
    Feature record: CXX_FEATURE:1cxx_unrestricted_unions
    Feature record: CXX_FEATURE:1cxx_user_literals
    Feature record: CXX_FEATURE:0cxx_variable_templates
    Feature record: CXX_FEATURE:1cxx_variadic_macros
    Feature record: CXX_FEATURE:1cxx_variadic_templates


Detecting CXX [-std=c++98] compiler features compiled with the following output:
Change Dir: /mnt/c/Github/metal/ct/gflags/build/CMakeFiles/CMakeTmp

Run Build Command:"/usr/bin/make" "cmTC_f0df8/fast"
make[2]: Entering directory '/mnt/c/Github/metal/ct/gflags/build/CMakeFiles/CMakeTmp'
/usr/bin/make -f CMakeFiles/cmTC_f0df8.dir/build.make CMakeFiles/cmTC_f0df8.dir/build
make[3]: Entering directory '/mnt/c/Github/metal/ct/gflags/build/CMakeFiles/CMakeTmp'
Building CXX object CMakeFiles/cmTC_f0df8.dir/feature_tests.cxx.o
/usr/bin/clang++    -fPIC    -std=c++98 -o CMakeFiles/cmTC_f0df8.dir/feature_tests.cxx.o -c /mnt/c/Github/metal/ct/gflags/build/CMakeFiles/feature_tests.cxx
Linking CXX executable cmTC_f0df8
/usr/local/bin/cmake -E cmake_link_script CMakeFiles/cmTC_f0df8.dir/link.txt --verbose=1
/usr/bin/clang++  -fPIC     -rdynamic CMakeFiles/cmTC_f0df8.dir/feature_tests.cxx.o  -o cmTC_f0df8 
make[3]: Leaving directory '/mnt/c/Github/metal/ct/gflags/build/CMakeFiles/CMakeTmp'
make[2]: Leaving directory '/mnt/c/Github/metal/ct/gflags/build/CMakeFiles/CMakeTmp'


    Feature record: CXX_FEATURE:0cxx_aggregate_default_initializers
    Feature record: CXX_FEATURE:0cxx_alias_templates
    Feature record: CXX_FEATURE:0cxx_alignas
    Feature record: CXX_FEATURE:0cxx_alignof
    Feature record: CXX_FEATURE:0cxx_attributes
    Feature record: CXX_FEATURE:0cxx_attribute_deprecated
    Feature record: CXX_FEATURE:0cxx_auto_type
    Feature record: CXX_FEATURE:0cxx_binary_literals
    Feature record: CXX_FEATURE:0cxx_constexpr
    Feature record: CXX_FEATURE:0cxx_contextual_conversions
    Feature record: CXX_FEATURE:0cxx_decltype
    Feature record: CXX_FEATURE:0cxx_decltype_auto
    Feature record: CXX_FEATURE:0cxx_decltype_incomplete_return_types
    Feature record: CXX_FEATURE:0cxx_default_function_template_args
    Feature record: CXX_FEATURE:0cxx_defaulted_functions
    Feature record: CXX_FEATURE:0cxx_defaulted_move_initializers
    Feature record: CXX_FEATURE:0cxx_delegating_constructors
    Feature record: CXX_FEATURE:0cxx_deleted_functions
    Feature record: CXX_FEATURE:0cxx_digit_separators
    Feature record: CXX_FEATURE:0cxx_enum_forward_declarations
    Feature record: CXX_FEATURE:0cxx_explicit_conversions
    Feature record: CXX_FEATURE:0cxx_extended_friend_declarations
    Feature record: CXX_FEATURE:0cxx_extern_templates
    Feature record: CXX_FEATURE:0cxx_final
    Feature record: CXX_FEATURE:0cxx_func_identifier
    Feature record: CXX_FEATURE:0cxx_generalized_initializers
    Feature record: CXX_FEATURE:0cxx_generic_lambdas
    Feature record: CXX_FEATURE:0cxx_inheriting_constructors
    Feature record: CXX_FEATURE:0cxx_inline_namespaces
    Feature record: CXX_FEATURE:0cxx_lambdas
    Feature record: CXX_FEATURE:0cxx_lambda_init_captures
    Feature record: CXX_FEATURE:0cxx_local_type_template_args
    Feature record: CXX_FEATURE:0cxx_long_long_type
    Feature record: CXX_FEATURE:0cxx_noexcept
    Feature record: CXX_FEATURE:0cxx_nonstatic_member_init
    Feature record: CXX_FEATURE:0cxx_nullptr
    Feature record: CXX_FEATURE:0cxx_override
    Feature record: CXX_FEATURE:0cxx_range_for
    Feature record: CXX_FEATURE:0cxx_raw_string_literals
    Feature record: CXX_FEATURE:0cxx_reference_qualified_functions
    Feature record: CXX_FEATURE:0cxx_relaxed_constexpr
    Feature record: CXX_FEATURE:0cxx_return_type_deduction
    Feature record: CXX_FEATURE:0cxx_right_angle_brackets
    Feature record: CXX_FEATURE:0cxx_rvalue_references
    Feature record: CXX_FEATURE:0cxx_sizeof_member
    Feature record: CXX_FEATURE:0cxx_static_assert
    Feature record: CXX_FEATURE:0cxx_strong_enums
    Feature record: CXX_FEATURE:1cxx_template_template_parameters
    Feature record: CXX_FEATURE:0cxx_thread_local
    Feature record: CXX_FEATURE:0cxx_trailing_return_types
    Feature record: CXX_FEATURE:0cxx_unicode_literals
    Feature record: CXX_FEATURE:0cxx_uniform_initialization
    Feature record: CXX_FEATURE:0cxx_unrestricted_unions
    Feature record: CXX_FEATURE:0cxx_user_literals
    Feature record: CXX_FEATURE:0cxx_variable_templates
    Feature record: CXX_FEATURE:0cxx_variadic_macros
    Feature record: CXX_FEATURE:0cxx_variadic_templates
Compiling the C compiler identification source file "CMakeCCompilerId.c" succeeded.
Compiler: /usr/bin/clang 
Build flags: 
Id flags:  

The output was:
0


Compilation of the C compiler identification source "CMakeCCompilerId.c" produced "a.out"

The C compiler identification is Clang, found in "/mnt/c/Github/metal/ct/gflags/build/CMakeFiles/3.13.0/CompilerIdC/a.out"

Determining if the C compiler works passed with the following output:
Change Dir: /mnt/c/Github/metal/ct/gflags/build/CMakeFiles/CMakeTmp

Run Build Command:"/usr/bin/make" "cmTC_14706/fast"
make[2]: Entering directory '/mnt/c/Github/metal/ct/gflags/build/CMakeFiles/CMakeTmp'
/usr/bin/make -f CMakeFiles/cmTC_14706.dir/build.make CMakeFiles/cmTC_14706.dir/build
make[3]: Entering directory '/mnt/c/Github/metal/ct/gflags/build/CMakeFiles/CMakeTmp'
Building C object CMakeFiles/cmTC_14706.dir/testCCompiler.c.o
/usr/bin/clang    -o CMakeFiles/cmTC_14706.dir/testCCompiler.c.o   -c /mnt/c/Github/metal/ct/gflags/build/CMakeFiles/CMakeTmp/testCCompiler.c
Linking C executable cmTC_14706
/usr/local/bin/cmake -E cmake_link_script CMakeFiles/cmTC_14706.dir/link.txt --verbose=1
/usr/bin/clang      -rdynamic CMakeFiles/cmTC_14706.dir/testCCompiler.c.o  -o cmTC_14706 
make[3]: Leaving directory '/mnt/c/Github/metal/ct/gflags/build/CMakeFiles/CMakeTmp'
make[2]: Leaving directory '/mnt/c/Github/metal/ct/gflags/build/CMakeFiles/CMakeTmp'


Detecting C compiler ABI info compiled with the following output:
Change Dir: /mnt/c/Github/metal/ct/gflags/build/CMakeFiles/CMakeTmp

Run Build Command:"/usr/bin/make" "cmTC_5af29/fast"
make[2]: Entering directory '/mnt/c/Github/metal/ct/gflags/build/CMakeFiles/CMakeTmp'
/usr/bin/make -f CMakeFiles/cmTC_5af29.dir/build.make CMakeFiles/cmTC_5af29.dir/build
make[3]: Entering directory '/mnt/c/Github/metal/ct/gflags/build/CMakeFiles/CMakeTmp'
Building C object CMakeFiles/cmTC_5af29.dir/CMakeCCompilerABI.c.o
/usr/bin/clang    -o CMakeFiles/cmTC_5af29.dir/CMakeCCompilerABI.c.o   -c /usr/local/share/cmake-3.13/Modules/CMakeCCompilerABI.c
Linking C executable cmTC_5af29
/usr/local/bin/cmake -E cmake_link_script CMakeFiles/cmTC_5af29.dir/link.txt --verbose=1
/usr/bin/clang     -v -rdynamic CMakeFiles/cmTC_5af29.dir/CMakeCCompilerABI.c.o  -o cmTC_5af29 
clang version 3.8.0-2ubuntu4 (tags/RELEASE_380/final)
Target: x86_64-pc-linux-gnu
Thread model: posix
InstalledDir: /usr/bin
Found candidate GCC installation: /usr/bin/../lib/gcc/x86_64-linux-gnu/5.4.0
Found candidate GCC installation: /usr/bin/../lib/gcc/x86_64-linux-gnu/6.0.0
Found candidate GCC installation: /usr/lib/gcc/x86_64-linux-gnu/5.4.0
Found candidate GCC installation: /usr/lib/gcc/x86_64-linux-gnu/6.0.0
Selected GCC installation: /usr/bin/../lib/gcc/x86_64-linux-gnu/5.4.0
Candidate multilib: .;@m64
Selected multilib: .;@m64
 "/usr/bin/ld" -export-dynamic -z relro --hash-style=gnu --build-id --eh-frame-hdr -m elf_x86_64 -dynamic-linker /lib64/ld-linux-x86-64.so.2 -o cmTC_5af29 /usr/bin/../lib/gcc/x86_64-linux-gnu/5.4.0/../../../x86_64-linux-gnu/crt1.o /usr/bin/../lib/gcc/x86_64-linux-gnu/5.4.0/../../../x86_64-linux-gnu/crti.o /usr/bin/../lib/gcc/x86_64-linux-gnu/5.4.0/crtbegin.o -L/usr/bin/../lib/gcc/x86_64-linux-gnu/5.4.0 -L/usr/bin/../lib/gcc/x86_64-linux-gnu/5.4.0/../../../x86_64-linux-gnu -L/lib/x86_64-linux-gnu -L/lib/../lib64 -L/usr/lib/x86_64-linux-gnu -L/usr/bin/../lib/gcc/x86_64-linux-gnu/5.4.0/../../.. -L/usr/lib/llvm-3.8/bin/../lib -L/lib -L/usr/lib CMakeFiles/cmTC_5af29.dir/CMakeCCompilerABI.c.o -lgcc --as-needed -lgcc_s --no-as-needed -lc -lgcc --as-needed -lgcc_s --no-as-needed /usr/bin/../lib/gcc/x86_64-linux-gnu/5.4.0/crtend.o /usr/bin/../lib/gcc/x86_64-linux-gnu/5.4.0/../../../x86_64-linux-gnu/crtn.o
make[3]: Leaving directory '/mnt/c/Github/metal/ct/gflags/build/CMakeFiles/CMakeTmp'
make[2]: Leaving directory '/mnt/c/Github/metal/ct/gflags/build/CMakeFiles/CMakeTmp'


Parsed C implicit link information from above output:
  link line regex: [^( *|.*[/\])(ld|CMAKE_LINK_STARTFILE-NOTFOUND|([^/\]+-)?ld|collect2)[^/\]*( |$)]
  ignore line: [Change Dir: /mnt/c/Github/metal/ct/gflags/build/CMakeFiles/CMakeTmp]
  ignore line: []
  ignore line: [Run Build Command:"/usr/bin/make" "cmTC_5af29/fast"]
  ignore line: [make[2]: Entering directory '/mnt/c/Github/metal/ct/gflags/build/CMakeFiles/CMakeTmp']
  ignore line: [/usr/bin/make -f CMakeFiles/cmTC_5af29.dir/build.make CMakeFiles/cmTC_5af29.dir/build]
  ignore line: [make[3]: Entering directory '/mnt/c/Github/metal/ct/gflags/build/CMakeFiles/CMakeTmp']
  ignore line: [Building C object CMakeFiles/cmTC_5af29.dir/CMakeCCompilerABI.c.o]
  ignore line: [/usr/bin/clang    -o CMakeFiles/cmTC_5af29.dir/CMakeCCompilerABI.c.o   -c /usr/local/share/cmake-3.13/Modules/CMakeCCompilerABI.c]
  ignore line: [Linking C executable cmTC_5af29]
  ignore line: [/usr/local/bin/cmake -E cmake_link_script CMakeFiles/cmTC_5af29.dir/link.txt --verbose=1]
  ignore line: [/usr/bin/clang     -v -rdynamic CMakeFiles/cmTC_5af29.dir/CMakeCCompilerABI.c.o  -o cmTC_5af29 ]
  ignore line: [clang version 3.8.0-2ubuntu4 (tags/RELEASE_380/final)]
  ignore line: [Target: x86_64-pc-linux-gnu]
  ignore line: [Thread model: posix]
  ignore line: [InstalledDir: /usr/bin]
  ignore line: [Found candidate GCC installation: /usr/bin/../lib/gcc/x86_64-linux-gnu/5.4.0]
  ignore line: [Found candidate GCC installation: /usr/bin/../lib/gcc/x86_64-linux-gnu/6.0.0]
  ignore line: [Found candidate GCC installation: /usr/lib/gcc/x86_64-linux-gnu/5.4.0]
  ignore line: [Found candidate GCC installation: /usr/lib/gcc/x86_64-linux-gnu/6.0.0]
  ignore line: [Selected GCC installation: /usr/bin/../lib/gcc/x86_64-linux-gnu/5.4.0]
  ignore line: [Candidate multilib: .]
  ignore line: [@m64]
  ignore line: [Selected multilib: .]
  ignore line: [@m64]
  link line: [ "/usr/bin/ld" -export-dynamic -z relro --hash-style=gnu --build-id --eh-frame-hdr -m elf_x86_64 -dynamic-linker /lib64/ld-linux-x86-64.so.2 -o cmTC_5af29 /usr/bin/../lib/gcc/x86_64-linux-gnu/5.4.0/../../../x86_64-linux-gnu/crt1.o /usr/bin/../lib/gcc/x86_64-linux-gnu/5.4.0/../../../x86_64-linux-gnu/crti.o /usr/bin/../lib/gcc/x86_64-linux-gnu/5.4.0/crtbegin.o -L/usr/bin/../lib/gcc/x86_64-linux-gnu/5.4.0 -L/usr/bin/../lib/gcc/x86_64-linux-gnu/5.4.0/../../../x86_64-linux-gnu -L/lib/x86_64-linux-gnu -L/lib/../lib64 -L/usr/lib/x86_64-linux-gnu -L/usr/bin/../lib/gcc/x86_64-linux-gnu/5.4.0/../../.. -L/usr/lib/llvm-3.8/bin/../lib -L/lib -L/usr/lib CMakeFiles/cmTC_5af29.dir/CMakeCCompilerABI.c.o -lgcc --as-needed -lgcc_s --no-as-needed -lc -lgcc --as-needed -lgcc_s --no-as-needed /usr/bin/../lib/gcc/x86_64-linux-gnu/5.4.0/crtend.o /usr/bin/../lib/gcc/x86_64-linux-gnu/5.4.0/../../../x86_64-linux-gnu/crtn.o]
    arg [/usr/bin/ld] ==> ignore
    arg [-export-dynamic] ==> ignore
    arg [-zrelro] ==> ignore
    arg [--hash-style=gnu] ==> ignore
    arg [--build-id] ==> ignore
    arg [--eh-frame-hdr] ==> ignore
    arg [-m] ==> ignore
    arg [elf_x86_64] ==> ignore
    arg [-dynamic-linker] ==> ignore
    arg [/lib64/ld-linux-x86-64.so.2] ==> ignore
    arg [-o] ==> ignore
    arg [cmTC_5af29] ==> ignore
    arg [/usr/bin/../lib/gcc/x86_64-linux-gnu/5.4.0/../../../x86_64-linux-gnu/crt1.o] ==> ignore
    arg [/usr/bin/../lib/gcc/x86_64-linux-gnu/5.4.0/../../../x86_64-linux-gnu/crti.o] ==> ignore
    arg [/usr/bin/../lib/gcc/x86_64-linux-gnu/5.4.0/crtbegin.o] ==> ignore
    arg [-L/usr/bin/../lib/gcc/x86_64-linux-gnu/5.4.0] ==> dir [/usr/bin/../lib/gcc/x86_64-linux-gnu/5.4.0]
    arg [-L/usr/bin/../lib/gcc/x86_64-linux-gnu/5.4.0/../../../x86_64-linux-gnu] ==> dir [/usr/bin/../lib/gcc/x86_64-linux-gnu/5.4.0/../../../x86_64-linux-gnu]
    arg [-L/lib/x86_64-linux-gnu] ==> dir [/lib/x86_64-linux-gnu]
    arg [-L/lib/../lib64] ==> dir [/lib/../lib64]
    arg [-L/usr/lib/x86_64-linux-gnu] ==> dir [/usr/lib/x86_64-linux-gnu]
    arg [-L/usr/bin/../lib/gcc/x86_64-linux-gnu/5.4.0/../../..] ==> dir [/usr/bin/../lib/gcc/x86_64-linux-gnu/5.4.0/../../..]
    arg [-L/usr/lib/llvm-3.8/bin/../lib] ==> dir [/usr/lib/llvm-3.8/bin/../lib]
    arg [-L/lib] ==> dir [/lib]
    arg [-L/usr/lib] ==> dir [/usr/lib]
    arg [CMakeFiles/cmTC_5af29.dir/CMakeCCompilerABI.c.o] ==> ignore
    arg [-lgcc] ==> lib [gcc]
    arg [--as-needed] ==> ignore
    arg [-lgcc_s] ==> lib [gcc_s]
    arg [--no-as-needed] ==> ignore
    arg [-lc] ==> lib [c]
    arg [-lgcc] ==> lib [gcc]
    arg [--as-needed] ==> ignore
    arg [-lgcc_s] ==> lib [gcc_s]
    arg [--no-as-needed] ==> ignore
    arg [/usr/bin/../lib/gcc/x86_64-linux-gnu/5.4.0/crtend.o] ==> ignore
    arg [/usr/bin/../lib/gcc/x86_64-linux-gnu/5.4.0/../../../x86_64-linux-gnu/crtn.o] ==> ignore
  collapse library dir [/usr/bin/../lib/gcc/x86_64-linux-gnu/5.4.0] ==> [/usr/lib/gcc/x86_64-linux-gnu/5.4.0]
  collapse library dir [/usr/bin/../lib/gcc/x86_64-linux-gnu/5.4.0/../../../x86_64-linux-gnu] ==> [/usr/lib/x86_64-linux-gnu]
  collapse library dir [/lib/x86_64-linux-gnu] ==> [/lib/x86_64-linux-gnu]
  collapse library dir [/lib/../lib64] ==> [/lib64]
  collapse library dir [/usr/lib/x86_64-linux-gnu] ==> [/usr/lib/x86_64-linux-gnu]
  collapse library dir [/usr/bin/../lib/gcc/x86_64-linux-gnu/5.4.0/../../..] ==> [/usr/lib]
  collapse library dir [/usr/lib/llvm-3.8/bin/../lib] ==> [/usr/lib/llvm-3.8/lib]
  collapse library dir [/lib] ==> [/lib]
  collapse library dir [/usr/lib] ==> [/usr/lib]
  implicit libs: [gcc;gcc_s;c;gcc;gcc_s]
  implicit dirs: [/usr/lib/gcc/x86_64-linux-gnu/5.4.0;/usr/lib/x86_64-linux-gnu;/lib/x86_64-linux-gnu;/lib64;/usr/lib;/usr/lib/llvm-3.8/lib;/lib]
  implicit fwks: []




Detecting C [-std=c11] compiler features compiled with the following output:
Change Dir: /mnt/c/Github/metal/ct/gflags/build/CMakeFiles/CMakeTmp

Run Build Command:"/usr/bin/make" "cmTC_f8b3c/fast"
make[2]: Entering directory '/mnt/c/Github/metal/ct/gflags/build/CMakeFiles/CMakeTmp'
/usr/bin/make -f CMakeFiles/cmTC_f8b3c.dir/build.make CMakeFiles/cmTC_f8b3c.dir/build
make[3]: Entering directory '/mnt/c/Github/metal/ct/gflags/build/CMakeFiles/CMakeTmp'
Building C object CMakeFiles/cmTC_f8b3c.dir/feature_tests.c.o
/usr/bin/clang   -std=c11 -o CMakeFiles/cmTC_f8b3c.dir/feature_tests.c.o   -c /mnt/c/Github/metal/ct/gflags/build/CMakeFiles/feature_tests.c
Linking C executable cmTC_f8b3c
/usr/local/bin/cmake -E cmake_link_script CMakeFiles/cmTC_f8b3c.dir/link.txt --verbose=1
/usr/bin/clang      -rdynamic CMakeFiles/cmTC_f8b3c.dir/feature_tests.c.o  -o cmTC_f8b3c 
make[3]: Leaving directory '/mnt/c/Github/metal/ct/gflags/build/CMakeFiles/CMakeTmp'
make[2]: Leaving directory '/mnt/c/Github/metal/ct/gflags/build/CMakeFiles/CMakeTmp'


    Feature record: C_FEATURE:1c_function_prototypes
    Feature record: C_FEATURE:1c_restrict
    Feature record: C_FEATURE:1c_static_assert
    Feature record: C_FEATURE:1c_variadic_macros


Detecting C [-std=c99] compiler features compiled with the following output:
Change Dir: /mnt/c/Github/metal/ct/gflags/build/CMakeFiles/CMakeTmp

Run Build Command:"/usr/bin/make" "cmTC_d868c/fast"
make[2]: Entering directory '/mnt/c/Github/metal/ct/gflags/build/CMakeFiles/CMakeTmp'
/usr/bin/make -f CMakeFiles/cmTC_d868c.dir/build.make CMakeFiles/cmTC_d868c.dir/build
make[3]: Entering directory '/mnt/c/Github/metal/ct/gflags/build/CMakeFiles/CMakeTmp'
Building C object CMakeFiles/cmTC_d868c.dir/feature_tests.c.o
/usr/bin/clang   -std=c99 -o CMakeFiles/cmTC_d868c.dir/feature_tests.c.o   -c /mnt/c/Github/metal/ct/gflags/build/CMakeFiles/feature_tests.c
Linking C executable cmTC_d868c
/usr/local/bin/cmake -E cmake_link_script CMakeFiles/cmTC_d868c.dir/link.txt --verbose=1
/usr/bin/clang      -rdynamic CMakeFiles/cmTC_d868c.dir/feature_tests.c.o  -o cmTC_d868c 
make[3]: Leaving directory '/mnt/c/Github/metal/ct/gflags/build/CMakeFiles/CMakeTmp'
make[2]: Leaving directory '/mnt/c/Github/metal/ct/gflags/build/CMakeFiles/CMakeTmp'


    Feature record: C_FEATURE:1c_function_prototypes
    Feature record: C_FEATURE:1c_restrict
    Feature record: C_FEATURE:0c_static_assert
    Feature record: C_FEATURE:1c_variadic_macros


Detecting C [-std=c90] compiler features compiled with the following output:
Change Dir: /mnt/c/Github/metal/ct/gflags/build/CMakeFiles/CMakeTmp

Run Build Command:"/usr/bin/make" "cmTC_ed8d1/fast"
make[2]: Entering directory '/mnt/c/Github/metal/ct/gflags/build/CMakeFiles/CMakeTmp'
/usr/bin/make -f CMakeFiles/cmTC_ed8d1.dir/build.make CMakeFiles/cmTC_ed8d1.dir/build
make[3]: Entering directory '/mnt/c/Github/metal/ct/gflags/build/CMakeFiles/CMakeTmp'
Building C object CMakeFiles/cmTC_ed8d1.dir/feature_tests.c.o
/usr/bin/clang   -std=c90 -o CMakeFiles/cmTC_ed8d1.dir/feature_tests.c.o   -c /mnt/c/Github/metal/ct/gflags/build/CMakeFiles/feature_tests.c
Linking C executable cmTC_ed8d1
/usr/local/bin/cmake -E cmake_link_script CMakeFiles/cmTC_ed8d1.dir/link.txt --verbose=1
/usr/bin/clang      -rdynamic CMakeFiles/cmTC_ed8d1.dir/feature_tests.c.o  -o cmTC_ed8d1 
make[3]: Leaving directory '/mnt/c/Github/metal/ct/gflags/build/CMakeFiles/CMakeTmp'
make[2]: Leaving directory '/mnt/c/Github/metal/ct/gflags/build/CMakeFiles/CMakeTmp'


    Feature record: C_FEATURE:1c_function_prototypes
    Feature record: C_FEATURE:0c_restrict
    Feature record: C_FEATURE:0c_static_assert
    Feature record: C_FEATURE:0c_variadic_macros
Determining if the include file unistd.h exists passed with the following output:
Change Dir: /mnt/c/Github/metal/ct/gflags/build/CMakeFiles/CMakeTmp

Run Build Command:"/usr/bin/make" "cmTC_09c0c/fast"
make[2]: Entering directory '/mnt/c/Github/metal/ct/gflags/build/CMakeFiles/CMakeTmp'
/usr/bin/make -f CMakeFiles/cmTC_09c0c.dir/build.make CMakeFiles/cmTC_09c0c.dir/build
make[3]: Entering directory '/mnt/c/Github/metal/ct/gflags/build/CMakeFiles/CMakeTmp'
Building CXX object CMakeFiles/cmTC_09c0c.dir/CheckIncludeFile.cxx.o
/usr/bin/clang++    -fPIC    -o CMakeFiles/cmTC_09c0c.dir/CheckIncludeFile.cxx.o -c /mnt/c/Github/metal/ct/gflags/build/CMakeFiles/CMakeTmp/CheckIncludeFile.cxx
Linking CXX executable cmTC_09c0c
/usr/local/bin/cmake -E cmake_link_script CMakeFiles/cmTC_09c0c.dir/link.txt --verbose=1
/usr/bin/clang++  -fPIC     -rdynamic CMakeFiles/cmTC_09c0c.dir/CheckIncludeFile.cxx.o  -o cmTC_09c0c 
make[3]: Leaving directory '/mnt/c/Github/metal/ct/gflags/build/CMakeFiles/CMakeTmp'
make[2]: Leaving directory '/mnt/c/Github/metal/ct/gflags/build/CMakeFiles/CMakeTmp'


Determining if the include file stdint.h exists passed with the following output:
Change Dir: /mnt/c/Github/metal/ct/gflags/build/CMakeFiles/CMakeTmp

Run Build Command:"/usr/bin/make" "cmTC_f07be/fast"
make[2]: Entering directory '/mnt/c/Github/metal/ct/gflags/build/CMakeFiles/CMakeTmp'
/usr/bin/make -f CMakeFiles/cmTC_f07be.dir/build.make CMakeFiles/cmTC_f07be.dir/build
make[3]: Entering directory '/mnt/c/Github/metal/ct/gflags/build/CMakeFiles/CMakeTmp'
Building CXX object CMakeFiles/cmTC_f07be.dir/CheckIncludeFile.cxx.o
/usr/bin/clang++    -fPIC    -o CMakeFiles/cmTC_f07be.dir/CheckIncludeFile.cxx.o -c /mnt/c/Github/metal/ct/gflags/build/CMakeFiles/CMakeTmp/CheckIncludeFile.cxx
Linking CXX executable cmTC_f07be
/usr/local/bin/cmake -E cmake_link_script CMakeFiles/cmTC_f07be.dir/link.txt --verbose=1
/usr/bin/clang++  -fPIC     -rdynamic CMakeFiles/cmTC_f07be.dir/CheckIncludeFile.cxx.o  -o cmTC_f07be 
make[3]: Leaving directory '/mnt/c/Github/metal/ct/gflags/build/CMakeFiles/CMakeTmp'
make[2]: Leaving directory '/mnt/c/Github/metal/ct/gflags/build/CMakeFiles/CMakeTmp'


Determining if the include file inttypes.h exists passed with the following output:
Change Dir: /mnt/c/Github/metal/ct/gflags/build/CMakeFiles/CMakeTmp

Run Build Command:"/usr/bin/make" "cmTC_e642c/fast"
make[2]: Entering directory '/mnt/c/Github/metal/ct/gflags/build/CMakeFiles/CMakeTmp'
/usr/bin/make -f CMakeFiles/cmTC_e642c.dir/build.make CMakeFiles/cmTC_e642c.dir/build
make[3]: Entering directory '/mnt/c/Github/metal/ct/gflags/build/CMakeFiles/CMakeTmp'
Building CXX object CMakeFiles/cmTC_e642c.dir/CheckIncludeFile.cxx.o
/usr/bin/clang++    -fPIC    -o CMakeFiles/cmTC_e642c.dir/CheckIncludeFile.cxx.o -c /mnt/c/Github/metal/ct/gflags/build/CMakeFiles/CMakeTmp/CheckIncludeFile.cxx
Linking CXX executable cmTC_e642c
/usr/local/bin/cmake -E cmake_link_script CMakeFiles/cmTC_e642c.dir/link.txt --verbose=1
/usr/bin/clang++  -fPIC     -rdynamic CMakeFiles/cmTC_e642c.dir/CheckIncludeFile.cxx.o  -o cmTC_e642c 
make[3]: Leaving directory '/mnt/c/Github/metal/ct/gflags/build/CMakeFiles/CMakeTmp'
make[2]: Leaving directory '/mnt/c/Github/metal/ct/gflags/build/CMakeFiles/CMakeTmp'


Determining if the include file sys/types.h exists passed with the following output:
Change Dir: /mnt/c/Github/metal/ct/gflags/build/CMakeFiles/CMakeTmp

Run Build Command:"/usr/bin/make" "cmTC_56b71/fast"
make[2]: Entering directory '/mnt/c/Github/metal/ct/gflags/build/CMakeFiles/CMakeTmp'
/usr/bin/make -f CMakeFiles/cmTC_56b71.dir/build.make CMakeFiles/cmTC_56b71.dir/build
make[3]: Entering directory '/mnt/c/Github/metal/ct/gflags/build/CMakeFiles/CMakeTmp'
Building CXX object CMakeFiles/cmTC_56b71.dir/CheckIncludeFile.cxx.o
/usr/bin/clang++    -fPIC    -o CMakeFiles/cmTC_56b71.dir/CheckIncludeFile.cxx.o -c /mnt/c/Github/metal/ct/gflags/build/CMakeFiles/CMakeTmp/CheckIncludeFile.cxx
Linking CXX executable cmTC_56b71
/usr/local/bin/cmake -E cmake_link_script CMakeFiles/cmTC_56b71.dir/link.txt --verbose=1
/usr/bin/clang++  -fPIC     -rdynamic CMakeFiles/cmTC_56b71.dir/CheckIncludeFile.cxx.o  -o cmTC_56b71 
make[3]: Leaving directory '/mnt/c/Github/metal/ct/gflags/build/CMakeFiles/CMakeTmp'
make[2]: Leaving directory '/mnt/c/Github/metal/ct/gflags/build/CMakeFiles/CMakeTmp'


Determining if the include file sys/stat.h exists passed with the following output:
Change Dir: /mnt/c/Github/metal/ct/gflags/build/CMakeFiles/CMakeTmp

Run Build Command:"/usr/bin/make" "cmTC_ab9ae/fast"
make[2]: Entering directory '/mnt/c/Github/metal/ct/gflags/build/CMakeFiles/CMakeTmp'
/usr/bin/make -f CMakeFiles/cmTC_ab9ae.dir/build.make CMakeFiles/cmTC_ab9ae.dir/build
make[3]: Entering directory '/mnt/c/Github/metal/ct/gflags/build/CMakeFiles/CMakeTmp'
Building CXX object CMakeFiles/cmTC_ab9ae.dir/CheckIncludeFile.cxx.o
/usr/bin/clang++    -fPIC    -o CMakeFiles/cmTC_ab9ae.dir/CheckIncludeFile.cxx.o -c /mnt/c/Github/metal/ct/gflags/build/CMakeFiles/CMakeTmp/CheckIncludeFile.cxx
Linking CXX executable cmTC_ab9ae
/usr/local/bin/cmake -E cmake_link_script CMakeFiles/cmTC_ab9ae.dir/link.txt --verbose=1
/usr/bin/clang++  -fPIC     -rdynamic CMakeFiles/cmTC_ab9ae.dir/CheckIncludeFile.cxx.o  -o cmTC_ab9ae 
make[3]: Leaving directory '/mnt/c/Github/metal/ct/gflags/build/CMakeFiles/CMakeTmp'
make[2]: Leaving directory '/mnt/c/Github/metal/ct/gflags/build/CMakeFiles/CMakeTmp'


Determining if the include file fnmatch.h exists passed with the following output:
Change Dir: /mnt/c/Github/metal/ct/gflags/build/CMakeFiles/CMakeTmp

Run Build Command:"/usr/bin/make" "cmTC_c6929/fast"
make[2]: Entering directory '/mnt/c/Github/metal/ct/gflags/build/CMakeFiles/CMakeTmp'
/usr/bin/make -f CMakeFiles/cmTC_c6929.dir/build.make CMakeFiles/cmTC_c6929.dir/build
make[3]: Entering directory '/mnt/c/Github/metal/ct/gflags/build/CMakeFiles/CMakeTmp'
Building CXX object CMakeFiles/cmTC_c6929.dir/CheckIncludeFile.cxx.o
/usr/bin/clang++    -fPIC    -o CMakeFiles/cmTC_c6929.dir/CheckIncludeFile.cxx.o -c /mnt/c/Github/metal/ct/gflags/build/CMakeFiles/CMakeTmp/CheckIncludeFile.cxx
Linking CXX executable cmTC_c6929
/usr/local/bin/cmake -E cmake_link_script CMakeFiles/cmTC_c6929.dir/link.txt --verbose=1
/usr/bin/clang++  -fPIC     -rdynamic CMakeFiles/cmTC_c6929.dir/CheckIncludeFile.cxx.o  -o cmTC_c6929 
make[3]: Leaving directory '/mnt/c/Github/metal/ct/gflags/build/CMakeFiles/CMakeTmp'
make[2]: Leaving directory '/mnt/c/Github/metal/ct/gflags/build/CMakeFiles/CMakeTmp'


Determining if the include file stddef.h exists passed with the following output:
Change Dir: /mnt/c/Github/metal/ct/gflags/build/CMakeFiles/CMakeTmp

Run Build Command:"/usr/bin/make" "cmTC_01046/fast"
make[2]: Entering directory '/mnt/c/Github/metal/ct/gflags/build/CMakeFiles/CMakeTmp'
/usr/bin/make -f CMakeFiles/cmTC_01046.dir/build.make CMakeFiles/cmTC_01046.dir/build
make[3]: Entering directory '/mnt/c/Github/metal/ct/gflags/build/CMakeFiles/CMakeTmp'
Building CXX object CMakeFiles/cmTC_01046.dir/CheckIncludeFile.cxx.o
/usr/bin/clang++    -fPIC    -o CMakeFiles/cmTC_01046.dir/CheckIncludeFile.cxx.o -c /mnt/c/Github/metal/ct/gflags/build/CMakeFiles/CMakeTmp/CheckIncludeFile.cxx
Linking CXX executable cmTC_01046
/usr/local/bin/cmake -E cmake_link_script CMakeFiles/cmTC_01046.dir/link.txt --verbose=1
/usr/bin/clang++  -fPIC     -rdynamic CMakeFiles/cmTC_01046.dir/CheckIncludeFile.cxx.o  -o cmTC_01046 
make[3]: Leaving directory '/mnt/c/Github/metal/ct/gflags/build/CMakeFiles/CMakeTmp'
make[2]: Leaving directory '/mnt/c/Github/metal/ct/gflags/build/CMakeFiles/CMakeTmp'


Determining size of uint32_t passed with the following output:
Change Dir: /mnt/c/Github/metal/ct/gflags/build/CMakeFiles/CMakeTmp

Run Build Command:"/usr/bin/make" "cmTC_79a6f/fast"
make[2]: Entering directory '/mnt/c/Github/metal/ct/gflags/build/CMakeFiles/CMakeTmp'
/usr/bin/make -f CMakeFiles/cmTC_79a6f.dir/build.make CMakeFiles/cmTC_79a6f.dir/build
make[3]: Entering directory '/mnt/c/Github/metal/ct/gflags/build/CMakeFiles/CMakeTmp'
Building CXX object CMakeFiles/cmTC_79a6f.dir/uint32_t.cpp.o
/usr/bin/clang++    -fPIC    -o CMakeFiles/cmTC_79a6f.dir/uint32_t.cpp.o -c /mnt/c/Github/metal/ct/gflags/build/CMakeFiles/CheckTypeSize/uint32_t.cpp
Linking CXX executable cmTC_79a6f
/usr/local/bin/cmake -E cmake_link_script CMakeFiles/cmTC_79a6f.dir/link.txt --verbose=1
/usr/bin/clang++  -fPIC     -rdynamic CMakeFiles/cmTC_79a6f.dir/uint32_t.cpp.o  -o cmTC_79a6f 
make[3]: Leaving directory '/mnt/c/Github/metal/ct/gflags/build/CMakeFiles/CMakeTmp'
make[2]: Leaving directory '/mnt/c/Github/metal/ct/gflags/build/CMakeFiles/CMakeTmp'


Determining if the strtoll exist passed with the following output:
Change Dir: /mnt/c/Github/metal/ct/gflags/build/CMakeFiles/CMakeTmp

Run Build Command:"/usr/bin/make" "cmTC_f71e1/fast"
make[2]: Entering directory '/mnt/c/Github/metal/ct/gflags/build/CMakeFiles/CMakeTmp'
/usr/bin/make -f CMakeFiles/cmTC_f71e1.dir/build.make CMakeFiles/cmTC_f71e1.dir/build
make[3]: Entering directory '/mnt/c/Github/metal/ct/gflags/build/CMakeFiles/CMakeTmp'
Building CXX object CMakeFiles/cmTC_f71e1.dir/CheckSymbolExists.cxx.o
/usr/bin/clang++    -fPIC    -o CMakeFiles/cmTC_f71e1.dir/CheckSymbolExists.cxx.o -c /mnt/c/Github/metal/ct/gflags/build/CMakeFiles/CMakeTmp/CheckSymbolExists.cxx
Linking CXX executable cmTC_f71e1
/usr/local/bin/cmake -E cmake_link_script CMakeFiles/cmTC_f71e1.dir/link.txt --verbose=1
/usr/bin/clang++  -fPIC     -rdynamic CMakeFiles/cmTC_f71e1.dir/CheckSymbolExists.cxx.o  -o cmTC_f71e1 
make[3]: Leaving directory '/mnt/c/Github/metal/ct/gflags/build/CMakeFiles/CMakeTmp'
make[2]: Leaving directory '/mnt/c/Github/metal/ct/gflags/build/CMakeFiles/CMakeTmp'

File /mnt/c/Github/metal/ct/gflags/build/CMakeFiles/CMakeTmp/CheckSymbolExists.cxx:
/* */
#include <stdlib.h>

int main(int argc, char** argv)
{
  (void)argv;
#ifndef strtoll
  return ((int*)(&strtoll))[argc];
#else
  (void)argc;
  return 0;
#endif
}

Determining if the include file pthread.h exists passed with the following output:
Change Dir: /mnt/c/Github/metal/ct/gflags/build/CMakeFiles/CMakeTmp

Run Build Command:"/usr/bin/make" "cmTC_1bf54/fast"
make[2]: Entering directory '/mnt/c/Github/metal/ct/gflags/build/CMakeFiles/CMakeTmp'
/usr/bin/make -f CMakeFiles/cmTC_1bf54.dir/build.make CMakeFiles/cmTC_1bf54.dir/build
make[3]: Entering directory '/mnt/c/Github/metal/ct/gflags/build/CMakeFiles/CMakeTmp'
Building C object CMakeFiles/cmTC_1bf54.dir/CheckIncludeFile.c.o
/usr/bin/clang    -o CMakeFiles/cmTC_1bf54.dir/CheckIncludeFile.c.o   -c /mnt/c/Github/metal/ct/gflags/build/CMakeFiles/CMakeTmp/CheckIncludeFile.c
Linking C executable cmTC_1bf54
/usr/local/bin/cmake -E cmake_link_script CMakeFiles/cmTC_1bf54.dir/link.txt --verbose=1
/usr/bin/clang      -rdynamic CMakeFiles/cmTC_1bf54.dir/CheckIncludeFile.c.o  -o cmTC_1bf54 
make[3]: Leaving directory '/mnt/c/Github/metal/ct/gflags/build/CMakeFiles/CMakeTmp'
make[2]: Leaving directory '/mnt/c/Github/metal/ct/gflags/build/CMakeFiles/CMakeTmp'


Determining if the function pthread_create exists in the pthread passed with the following output:
Change Dir: /mnt/c/Github/metal/ct/gflags/build/CMakeFiles/CMakeTmp

Run Build Command:"/usr/bin/make" "cmTC_3346f/fast"
make[2]: Entering directory '/mnt/c/Github/metal/ct/gflags/build/CMakeFiles/CMakeTmp'
/usr/bin/make -f CMakeFiles/cmTC_3346f.dir/build.make CMakeFiles/cmTC_3346f.dir/build
make[3]: Entering directory '/mnt/c/Github/metal/ct/gflags/build/CMakeFiles/CMakeTmp'
Building C object CMakeFiles/cmTC_3346f.dir/CheckFunctionExists.c.o
/usr/bin/clang   -DCHECK_FUNCTION_EXISTS=pthread_create   -o CMakeFiles/cmTC_3346f.dir/CheckFunctionExists.c.o   -c /usr/local/share/cmake-3.13/Modules/CheckFunctionExists.c
Linking C executable cmTC_3346f
/usr/local/bin/cmake -E cmake_link_script CMakeFiles/cmTC_3346f.dir/link.txt --verbose=1
/usr/bin/clang  -DCHECK_FUNCTION_EXISTS=pthread_create    -rdynamic CMakeFiles/cmTC_3346f.dir/CheckFunctionExists.c.o  -o cmTC_3346f -lpthread 
make[3]: Leaving directory '/mnt/c/Github/metal/ct/gflags/build/CMakeFiles/CMakeTmp'
make[2]: Leaving directory '/mnt/c/Github/metal/ct/gflags/build/CMakeFiles/CMakeTmp'


Determining size of pthread_rwlock_t passed with the following output:
Change Dir: /mnt/c/Github/metal/ct/gflags/build/CMakeFiles/CMakeTmp

Run Build Command:"/usr/bin/make" "cmTC_b56bb/fast"
make[2]: Entering directory '/mnt/c/Github/metal/ct/gflags/build/CMakeFiles/CMakeTmp'
/usr/bin/make -f CMakeFiles/cmTC_b56bb.dir/build.make CMakeFiles/cmTC_b56bb.dir/build
make[3]: Entering directory '/mnt/c/Github/metal/ct/gflags/build/CMakeFiles/CMakeTmp'
Building CXX object CMakeFiles/cmTC_b56bb.dir/RWLOCK.cpp.o
/usr/bin/clang++    -fPIC    -o CMakeFiles/cmTC_b56bb.dir/RWLOCK.cpp.o -c /mnt/c/Github/metal/ct/gflags/build/CMakeFiles/CheckTypeSize/RWLOCK.cpp
Linking CXX executable cmTC_b56bb
/usr/local/bin/cmake -E cmake_link_script CMakeFiles/cmTC_b56bb.dir/link.txt --verbose=1
/usr/bin/clang++  -fPIC     -rdynamic CMakeFiles/cmTC_b56bb.dir/RWLOCK.cpp.o  -o cmTC_b56bb 
make[3]: Leaving directory '/mnt/c/Github/metal/ct/gflags/build/CMakeFiles/CMakeTmp'
make[2]: Leaving directory '/mnt/c/Github/metal/ct/gflags/build/CMakeFiles/CMakeTmp'


