This file contains any messages produced by compilers while
running configure, to aid debugging if configure makes a mistake.

It was created by sqlite configure 3.8.10.1, which was
generated by GNU Autoconf 2.62.  Invocation command line was

  $ ./configure --prefix=/mnt/c/Github/metal/ct/install --disable-shared --enable-static --disable-tcl CFLAGS=-fPIC LDFLAGS=-fPIC

## --------- ##
## Platform. ##
## --------- ##

hostname = LAPTOP-U0EVOPHL
uname -m = x86_64
uname -r = 4.4.0-17134-Microsoft
uname -s = Linux
uname -v = #345-Microsoft Wed Sep 19 17:47:00 PST 2018

/usr/bin/uname -p = unknown
/bin/uname -X     = unknown

/bin/arch              = unknown
/usr/bin/arch -k       = unknown
/usr/convex/getsysinfo = unknown
/usr/bin/hostinfo      = unknown
/bin/machine           = unknown
/usr/bin/oslevel       = unknown
/bin/universe          = unknown

PATH: /home/vphan/.opam/4.06.0/bin
PATH: /home/vphan/bin
PATH: /home/vphan/.local/bin
PATH: /usr/local/sbin
PATH: /usr/local/bin
PATH: /usr/sbin
PATH: /usr/bin
PATH: /sbin
PATH: /bin
PATH: /usr/games
PATH: /usr/local/games
PATH: /mnt/c/Program Files (x86)/Common Files/Oracle/Java/javapath_target_638078
PATH: /mnt/c/ProgramData/Oracle/Java/javapath_target_668250
PATH: /mnt/c/Windows/System32
PATH: /mnt/c/Windows
PATH: /mnt/c/Windows/System32/wbem
PATH: /mnt/c/Windows/System32/WindowsPowerShell/v1.0
PATH: /mnt/c/Windows/System32/OpenSSH
PATH: /mnt/c/Users/vphan/AppData/Local/Microsoft/WindowsApps
PATH: /mnt/c/Program Files (x86)/Nmap
PATH: /mnt/c/Github/depot_tools


## ----------- ##
## Core tests. ##
## ----------- ##

configure:2122: checking build system type
configure:2140: result: x86_64-unknown-linux-gnu
configure:2162: checking host system type
configure:2177: result: x86_64-unknown-linux-gnu
configure:2247: checking for gcc
configure:2274: result: clang
configure:2512: checking for C compiler version
configure:2520: clang --version >&5
clang version 3.8.0-2ubuntu4 (tags/RELEASE_380/final)
Target: x86_64-pc-linux-gnu
Thread model: posix
InstalledDir: /usr/bin
configure:2524: $? = 0
configure:2531: clang -v >&5
clang version 3.8.0-2ubuntu4 (tags/RELEASE_380/final)
Target: x86_64-pc-linux-gnu
Thread model: posix
InstalledDir: /usr/bin
Found candidate GCC installation: /usr/bin/../lib/gcc/x86_64-linux-gnu/5.4.0
Found candidate GCC installation: /usr/bin/../lib/gcc/x86_64-linux-gnu/6.0.0
Found candidate GCC installation: /usr/lib/gcc/x86_64-linux-gnu/5.4.0
Found candidate GCC installation: /usr/lib/gcc/x86_64-linux-gnu/6.0.0
Selected GCC installation: /usr/bin/../lib/gcc/x86_64-linux-gnu/5.4.0
Candidate multilib: .;@m64
Selected multilib: .;@m64
configure:2535: $? = 0
configure:2542: clang -V >&5
clang: error: argument to '-V' is missing (expected 1 value)
clang: error: no input files
configure:2546: $? = 1
configure:2569: checking for C compiler default output file name
configure:2591: clang -fPIC  -fPIC conftest.c  >&5
configure:2595: $? = 0
configure:2633: result: a.out
configure:2650: checking whether the C compiler works
configure:2660: ./a.out
configure:2664: $? = 0
configure:2681: result: yes
configure:2688: checking whether we are cross compiling
configure:2690: result: no
configure:2693: checking for suffix of executables
configure:2700: clang -o conftest -fPIC  -fPIC conftest.c  >&5
configure:2704: $? = 0
configure:2728: result: 
configure:2734: checking for suffix of object files
configure:2760: clang -c -fPIC  conftest.c >&5
configure:2764: $? = 0
configure:2787: result: o
configure:2791: checking whether we are using the GNU C compiler
configure:2820: clang -c -fPIC  conftest.c >&5
configure:2827: $? = 0
configure:2844: result: yes
configure:2853: checking whether clang accepts -g
configure:2883: clang -c -g  conftest.c >&5
configure:2890: $? = 0
configure:2991: result: yes
configure:3008: checking for clang option to accept ISO C89
configure:3082: clang  -c -fPIC  conftest.c >&5
configure:3089: $? = 0
configure:3112: result: none needed
configure:3130: checking for a sed that does not truncate output
configure:3196: result: /bin/sed
configure:3214: checking for grep that handles long lines and -e
configure:3274: result: /bin/grep
configure:3279: checking for egrep
configure:3343: result: /bin/grep -E
configure:3348: checking for fgrep
configure:3412: result: /bin/grep -F
configure:3447: checking for ld used by clang
configure:3514: result: /usr/bin/ld
configure:3523: checking if the linker (/usr/bin/ld) is GNU ld
configure:3538: result: yes
configure:3550: checking for BSD- or MS-compatible name lister (nm)
configure:3599: result: /usr/bin/nm -B
configure:3721: checking the name lister (/usr/bin/nm -B) interface
configure:3728: clang -c -fPIC  conftest.c >&5
configure:3731: /usr/bin/nm -B "conftest.o"
configure:3734: output
0000000000000000 B some_variable
configure:3741: result: BSD nm
configure:3744: checking whether ln -s works
configure:3748: result: yes
configure:3756: checking the maximum length of command line arguments
configure:3876: result: 1572864
configure:3893: checking whether the shell understands some XSI constructs
configure:3903: result: yes
configure:3907: checking whether the shell understands "+="
configure:3913: result: yes
configure:3948: checking for /usr/bin/ld option to reload object files
configure:3955: result: -r
configure:4024: checking for objdump
configure:4040: found /usr/bin/objdump
configure:4051: result: objdump
configure:4087: checking how to recognize dependent libraries
configure:4283: result: pass_all
configure:4343: checking for ar
configure:4359: found /usr/bin/ar
configure:4370: result: ar
configure:4452: checking for strip
configure:4468: found /usr/bin/strip
configure:4479: result: strip
configure:4555: checking for ranlib
configure:4571: found /usr/bin/ranlib
configure:4582: result: ranlib
configure:4676: checking command to parse /usr/bin/nm -B output from clang object
configure:4794: clang -c -fPIC  conftest.c >&5
configure:4797: $? = 0
configure:4801: /usr/bin/nm -B conftest.o \| sed -n -e 's/^.*[	 ]\([ABCDGIRSTW][ABCDGIRSTW]*\)[	 ][	 ]*\([_A-Za-z][_A-Za-z0-9]*\)$/\1 \2 \2/p' \> conftest.nm
configure:4804: $? = 0
configure:4858: clang -o conftest -fPIC  -fPIC conftest.c conftstm.o >&5
configure:4861: $? = 0
configure:4899: result: ok
configure:4995: clang -c -fPIC  conftest.c >&5
configure:4998: $? = 0
configure:5786: checking how to run the C preprocessor
configure:5826: clang -E  conftest.c
configure:5833: $? = 0
configure:5864: clang -E  conftest.c
conftest.c:8:10: fatal error: 'ac_nonexistent.h' file not found
#include <ac_nonexistent.h>
         ^
1 error generated.
configure:5871: $? = 1
configure: failed program was:
| /* confdefs.h.  */
| #define PACKAGE_NAME "sqlite"
| #define PACKAGE_TARNAME "sqlite"
| #define PACKAGE_VERSION "3.8.10.1"
| #define PACKAGE_STRING "sqlite 3.8.10.1"
| #define PACKAGE_BUGREPORT ""
| /* end confdefs.h.  */
| #include <ac_nonexistent.h>
configure:5904: result: clang -E
configure:5933: clang -E  conftest.c
configure:5940: $? = 0
configure:5971: clang -E  conftest.c
conftest.c:8:10: fatal error: 'ac_nonexistent.h' file not found
#include <ac_nonexistent.h>
         ^
1 error generated.
configure:5978: $? = 1
configure: failed program was:
| /* confdefs.h.  */
| #define PACKAGE_NAME "sqlite"
| #define PACKAGE_TARNAME "sqlite"
| #define PACKAGE_VERSION "3.8.10.1"
| #define PACKAGE_STRING "sqlite 3.8.10.1"
| #define PACKAGE_BUGREPORT ""
| /* end confdefs.h.  */
| #include <ac_nonexistent.h>
configure:6016: checking for ANSI C header files
configure:6046: clang -c -fPIC  conftest.c >&5
configure:6053: $? = 0
configure:6152: clang -o conftest -fPIC  -fPIC conftest.c  >&5
configure:6156: $? = 0
configure:6162: ./conftest
configure:6166: $? = 0
configure:6184: result: yes
configure:6208: checking for sys/types.h
configure:6229: clang -c -fPIC  conftest.c >&5
configure:6236: $? = 0
configure:6253: result: yes
configure:6208: checking for sys/stat.h
configure:6229: clang -c -fPIC  conftest.c >&5
configure:6236: $? = 0
configure:6253: result: yes
configure:6208: checking for stdlib.h
configure:6229: clang -c -fPIC  conftest.c >&5
configure:6236: $? = 0
configure:6253: result: yes
configure:6208: checking for string.h
configure:6229: clang -c -fPIC  conftest.c >&5
configure:6236: $? = 0
configure:6253: result: yes
configure:6208: checking for memory.h
configure:6229: clang -c -fPIC  conftest.c >&5
configure:6236: $? = 0
configure:6253: result: yes
configure:6208: checking for strings.h
configure:6229: clang -c -fPIC  conftest.c >&5
configure:6236: $? = 0
configure:6253: result: yes
configure:6208: checking for inttypes.h
configure:6229: clang -c -fPIC  conftest.c >&5
configure:6236: $? = 0
configure:6253: result: yes
configure:6208: checking for stdint.h
configure:6229: clang -c -fPIC  conftest.c >&5
configure:6236: $? = 0
configure:6253: result: yes
configure:6208: checking for unistd.h
configure:6229: clang -c -fPIC  conftest.c >&5
configure:6236: $? = 0
configure:6253: result: yes
configure:6270: checking for dlfcn.h
configure:6291: clang -c -fPIC  conftest.c >&5
configure:6298: $? = 0
configure:6315: result: yes
configure:6500: checking for objdir
configure:6515: result: .libs
configure:6807: checking if clang supports -fno-rtti -fno-exceptions
configure:6825: clang -c -fPIC  -fno-rtti -fno-exceptions conftest.c >&5
configure:6829: $? = 0
configure:6842: result: yes
configure:6862: checking for clang option to produce PIC
configure:7134: result: -fPIC -DPIC
configure:7146: checking if clang PIC flag -fPIC -DPIC works
configure:7164: clang -c -fPIC  -fPIC -DPIC -DPIC conftest.c >&5
configure:7168: $? = 0
configure:7181: result: yes
configure:7205: checking if clang static flag -static works
configure:7233: result: yes
configure:7248: checking if clang supports -c -o file.o
configure:7269: clang -c -fPIC  -o out/conftest2.o conftest.c >&5
configure:7273: $? = 0
configure:7295: result: yes
configure:7303: checking if clang supports -c -o file.o
configure:7350: result: yes
configure:7383: checking whether the clang linker (/usr/bin/ld -m elf_x86_64) supports shared libraries
configure:8457: result: yes
configure:8696: checking dynamic linker characteristics
configure:9152: clang -o conftest -fPIC  -fPIC -Wl,-rpath -Wl,/foo conftest.c  >&5
configure:9159: $? = 0
configure:9392: result: GNU/Linux ld.so
configure:9494: checking how to hardcode library paths into programs
configure:9519: result: immediate
configure:10352: checking whether stripping libraries is possible
configure:10357: result: yes
configure:10392: checking if libtool supports shared libraries
configure:10394: result: yes
configure:10397: checking whether to build shared libraries
configure:10418: result: no
configure:10421: checking whether to build static libraries
configure:10425: result: yes
configure:10474: checking for a BSD-compatible install
configure:10542: result: /usr/bin/install -c
configure:10557: checking for gawk
configure:10573: found /usr/bin/gawk
configure:10584: result: gawk
configure:10606: checking for special C compiler options needed for large files
configure:10701: result: no
configure:10707: checking for _FILE_OFFSET_BITS value needed for large files
configure:10742: clang -c -fPIC  conftest.c >&5
configure:10749: $? = 0
configure:10818: result: no
configure:10958: checking for int8_t
configure:10986: clang -c -fPIC  conftest.c >&5
configure:10993: $? = 0
configure:11020: clang -c -fPIC  conftest.c >&5
conftest.c:56:21: error: expected expression
if (sizeof ((int8_t)))
                    ^
1 error generated.
configure:11027: $? = 1
configure: failed program was:
| /* confdefs.h.  */
| #define PACKAGE_NAME "sqlite"
| #define PACKAGE_TARNAME "sqlite"
| #define PACKAGE_VERSION "3.8.10.1"
| #define PACKAGE_STRING "sqlite 3.8.10.1"
| #define PACKAGE_BUGREPORT ""
| #define STDC_HEADERS 1
| #define HAVE_SYS_TYPES_H 1
| #define HAVE_SYS_STAT_H 1
| #define HAVE_STDLIB_H 1
| #define HAVE_STRING_H 1
| #define HAVE_MEMORY_H 1
| #define HAVE_STRINGS_H 1
| #define HAVE_INTTYPES_H 1
| #define HAVE_STDINT_H 1
| #define HAVE_UNISTD_H 1
| #define HAVE_DLFCN_H 1
| #define LT_OBJDIR ".libs/"
| /* end confdefs.h.  */
| #include <stdio.h>
| #ifdef HAVE_SYS_TYPES_H
| # include <sys/types.h>
| #endif
| #ifdef HAVE_SYS_STAT_H
| # include <sys/stat.h>
| #endif
| #ifdef STDC_HEADERS
| # include <stdlib.h>
| # include <stddef.h>
| #else
| # ifdef HAVE_STDLIB_H
| #  include <stdlib.h>
| # endif
| #endif
| #ifdef HAVE_STRING_H
| # if !defined STDC_HEADERS && defined HAVE_MEMORY_H
| #  include <memory.h>
| # endif
| # include <string.h>
| #endif
| #ifdef HAVE_STRINGS_H
| # include <strings.h>
| #endif
| #ifdef HAVE_INTTYPES_H
| # include <inttypes.h>
| #endif
| #ifdef HAVE_STDINT_H
| # include <stdint.h>
| #endif
| #ifdef HAVE_UNISTD_H
| # include <unistd.h>
| #endif
| int
| main ()
| {
| if (sizeof ((int8_t)))
| 	  return 0;
|   ;
|   return 0;
| }
configure:11050: result: yes
configure:11060: checking for int16_t
configure:11088: clang -c -fPIC  conftest.c >&5
configure:11095: $? = 0
configure:11122: clang -c -fPIC  conftest.c >&5
conftest.c:57:22: error: expected expression
if (sizeof ((int16_t)))
                     ^
1 error generated.
configure:11129: $? = 1
configure: failed program was:
| /* confdefs.h.  */
| #define PACKAGE_NAME "sqlite"
| #define PACKAGE_TARNAME "sqlite"
| #define PACKAGE_VERSION "3.8.10.1"
| #define PACKAGE_STRING "sqlite 3.8.10.1"
| #define PACKAGE_BUGREPORT ""
| #define STDC_HEADERS 1
| #define HAVE_SYS_TYPES_H 1
| #define HAVE_SYS_STAT_H 1
| #define HAVE_STDLIB_H 1
| #define HAVE_STRING_H 1
| #define HAVE_MEMORY_H 1
| #define HAVE_STRINGS_H 1
| #define HAVE_INTTYPES_H 1
| #define HAVE_STDINT_H 1
| #define HAVE_UNISTD_H 1
| #define HAVE_DLFCN_H 1
| #define LT_OBJDIR ".libs/"
| #define HAVE_INT8_T 1
| /* end confdefs.h.  */
| #include <stdio.h>
| #ifdef HAVE_SYS_TYPES_H
| # include <sys/types.h>
| #endif
| #ifdef HAVE_SYS_STAT_H
| # include <sys/stat.h>
| #endif
| #ifdef STDC_HEADERS
| # include <stdlib.h>
| # include <stddef.h>
| #else
| # ifdef HAVE_STDLIB_H
| #  include <stdlib.h>
| # endif
| #endif
| #ifdef HAVE_STRING_H
| # if !defined STDC_HEADERS && defined HAVE_MEMORY_H
| #  include <memory.h>
| # endif
| # include <string.h>
| #endif
| #ifdef HAVE_STRINGS_H
| # include <strings.h>
| #endif
| #ifdef HAVE_INTTYPES_H
| # include <inttypes.h>
| #endif
| #ifdef HAVE_STDINT_H
| # include <stdint.h>
| #endif
| #ifdef HAVE_UNISTD_H
| # include <unistd.h>
| #endif
| int
| main ()
| {
| if (sizeof ((int16_t)))
| 	  return 0;
|   ;
|   return 0;
| }
configure:11152: result: yes
configure:11162: checking for int32_t
configure:11190: clang -c -fPIC  conftest.c >&5
configure:11197: $? = 0
configure:11224: clang -c -fPIC  conftest.c >&5
conftest.c:58:22: error: expected expression
if (sizeof ((int32_t)))
                     ^
1 error generated.
configure:11231: $? = 1
configure: failed program was:
| /* confdefs.h.  */
| #define PACKAGE_NAME "sqlite"
| #define PACKAGE_TARNAME "sqlite"
| #define PACKAGE_VERSION "3.8.10.1"
| #define PACKAGE_STRING "sqlite 3.8.10.1"
| #define PACKAGE_BUGREPORT ""
| #define STDC_HEADERS 1
| #define HAVE_SYS_TYPES_H 1
| #define HAVE_SYS_STAT_H 1
| #define HAVE_STDLIB_H 1
| #define HAVE_STRING_H 1
| #define HAVE_MEMORY_H 1
| #define HAVE_STRINGS_H 1
| #define HAVE_INTTYPES_H 1
| #define HAVE_STDINT_H 1
| #define HAVE_UNISTD_H 1
| #define HAVE_DLFCN_H 1
| #define LT_OBJDIR ".libs/"
| #define HAVE_INT8_T 1
| #define HAVE_INT16_T 1
| /* end confdefs.h.  */
| #include <stdio.h>
| #ifdef HAVE_SYS_TYPES_H
| # include <sys/types.h>
| #endif
| #ifdef HAVE_SYS_STAT_H
| # include <sys/stat.h>
| #endif
| #ifdef STDC_HEADERS
| # include <stdlib.h>
| # include <stddef.h>
| #else
| # ifdef HAVE_STDLIB_H
| #  include <stdlib.h>
| # endif
| #endif
| #ifdef HAVE_STRING_H
| # if !defined STDC_HEADERS && defined HAVE_MEMORY_H
| #  include <memory.h>
| # endif
| # include <string.h>
| #endif
| #ifdef HAVE_STRINGS_H
| # include <strings.h>
| #endif
| #ifdef HAVE_INTTYPES_H
| # include <inttypes.h>
| #endif
| #ifdef HAVE_STDINT_H
| # include <stdint.h>
| #endif
| #ifdef HAVE_UNISTD_H
| # include <unistd.h>
| #endif
| int
| main ()
| {
| if (sizeof ((int32_t)))
| 	  return 0;
|   ;
|   return 0;
| }
configure:11254: result: yes
configure:11264: checking for int64_t
configure:11292: clang -c -fPIC  conftest.c >&5
configure:11299: $? = 0
configure:11326: clang -c -fPIC  conftest.c >&5
conftest.c:59:22: error: expected expression
if (sizeof ((int64_t)))
                     ^
1 error generated.
configure:11333: $? = 1
configure: failed program was:
| /* confdefs.h.  */
| #define PACKAGE_NAME "sqlite"
| #define PACKAGE_TARNAME "sqlite"
| #define PACKAGE_VERSION "3.8.10.1"
| #define PACKAGE_STRING "sqlite 3.8.10.1"
| #define PACKAGE_BUGREPORT ""
| #define STDC_HEADERS 1
| #define HAVE_SYS_TYPES_H 1
| #define HAVE_SYS_STAT_H 1
| #define HAVE_STDLIB_H 1
| #define HAVE_STRING_H 1
| #define HAVE_MEMORY_H 1
| #define HAVE_STRINGS_H 1
| #define HAVE_INTTYPES_H 1
| #define HAVE_STDINT_H 1
| #define HAVE_UNISTD_H 1
| #define HAVE_DLFCN_H 1
| #define LT_OBJDIR ".libs/"
| #define HAVE_INT8_T 1
| #define HAVE_INT16_T 1
| #define HAVE_INT32_T 1
| /* end confdefs.h.  */
| #include <stdio.h>
| #ifdef HAVE_SYS_TYPES_H
| # include <sys/types.h>
| #endif
| #ifdef HAVE_SYS_STAT_H
| # include <sys/stat.h>
| #endif
| #ifdef STDC_HEADERS
| # include <stdlib.h>
| # include <stddef.h>
| #else
| # ifdef HAVE_STDLIB_H
| #  include <stdlib.h>
| # endif
| #endif
| #ifdef HAVE_STRING_H
| # if !defined STDC_HEADERS && defined HAVE_MEMORY_H
| #  include <memory.h>
| # endif
| # include <string.h>
| #endif
| #ifdef HAVE_STRINGS_H
| # include <strings.h>
| #endif
| #ifdef HAVE_INTTYPES_H
| # include <inttypes.h>
| #endif
| #ifdef HAVE_STDINT_H
| # include <stdint.h>
| #endif
| #ifdef HAVE_UNISTD_H
| # include <unistd.h>
| #endif
| int
| main ()
| {
| if (sizeof ((int64_t)))
| 	  return 0;
|   ;
|   return 0;
| }
configure:11356: result: yes
configure:11366: checking for intptr_t
configure:11394: clang -c -fPIC  conftest.c >&5
configure:11401: $? = 0
configure:11428: clang -c -fPIC  conftest.c >&5
conftest.c:60:23: error: expected expression
if (sizeof ((intptr_t)))
                      ^
1 error generated.
configure:11435: $? = 1
configure: failed program was:
| /* confdefs.h.  */
| #define PACKAGE_NAME "sqlite"
| #define PACKAGE_TARNAME "sqlite"
| #define PACKAGE_VERSION "3.8.10.1"
| #define PACKAGE_STRING "sqlite 3.8.10.1"
| #define PACKAGE_BUGREPORT ""
| #define STDC_HEADERS 1
| #define HAVE_SYS_TYPES_H 1
| #define HAVE_SYS_STAT_H 1
| #define HAVE_STDLIB_H 1
| #define HAVE_STRING_H 1
| #define HAVE_MEMORY_H 1
| #define HAVE_STRINGS_H 1
| #define HAVE_INTTYPES_H 1
| #define HAVE_STDINT_H 1
| #define HAVE_UNISTD_H 1
| #define HAVE_DLFCN_H 1
| #define LT_OBJDIR ".libs/"
| #define HAVE_INT8_T 1
| #define HAVE_INT16_T 1
| #define HAVE_INT32_T 1
| #define HAVE_INT64_T 1
| /* end confdefs.h.  */
| #include <stdio.h>
| #ifdef HAVE_SYS_TYPES_H
| # include <sys/types.h>
| #endif
| #ifdef HAVE_SYS_STAT_H
| # include <sys/stat.h>
| #endif
| #ifdef STDC_HEADERS
| # include <stdlib.h>
| # include <stddef.h>
| #else
| # ifdef HAVE_STDLIB_H
| #  include <stdlib.h>
| # endif
| #endif
| #ifdef HAVE_STRING_H
| # if !defined STDC_HEADERS && defined HAVE_MEMORY_H
| #  include <memory.h>
| # endif
| # include <string.h>
| #endif
| #ifdef HAVE_STRINGS_H
| # include <strings.h>
| #endif
| #ifdef HAVE_INTTYPES_H
| # include <inttypes.h>
| #endif
| #ifdef HAVE_STDINT_H
| # include <stdint.h>
| #endif
| #ifdef HAVE_UNISTD_H
| # include <unistd.h>
| #endif
| int
| main ()
| {
| if (sizeof ((intptr_t)))
| 	  return 0;
|   ;
|   return 0;
| }
configure:11458: result: yes
configure:11468: checking for uint8_t
configure:11496: clang -c -fPIC  conftest.c >&5
configure:11503: $? = 0
configure:11530: clang -c -fPIC  conftest.c >&5
conftest.c:61:22: error: expected expression
if (sizeof ((uint8_t)))
                     ^
1 error generated.
configure:11537: $? = 1
configure: failed program was:
| /* confdefs.h.  */
| #define PACKAGE_NAME "sqlite"
| #define PACKAGE_TARNAME "sqlite"
| #define PACKAGE_VERSION "3.8.10.1"
| #define PACKAGE_STRING "sqlite 3.8.10.1"
| #define PACKAGE_BUGREPORT ""
| #define STDC_HEADERS 1
| #define HAVE_SYS_TYPES_H 1
| #define HAVE_SYS_STAT_H 1
| #define HAVE_STDLIB_H 1
| #define HAVE_STRING_H 1
| #define HAVE_MEMORY_H 1
| #define HAVE_STRINGS_H 1
| #define HAVE_INTTYPES_H 1
| #define HAVE_STDINT_H 1
| #define HAVE_UNISTD_H 1
| #define HAVE_DLFCN_H 1
| #define LT_OBJDIR ".libs/"
| #define HAVE_INT8_T 1
| #define HAVE_INT16_T 1
| #define HAVE_INT32_T 1
| #define HAVE_INT64_T 1
| #define HAVE_INTPTR_T 1
| /* end confdefs.h.  */
| #include <stdio.h>
| #ifdef HAVE_SYS_TYPES_H
| # include <sys/types.h>
| #endif
| #ifdef HAVE_SYS_STAT_H
| # include <sys/stat.h>
| #endif
| #ifdef STDC_HEADERS
| # include <stdlib.h>
| # include <stddef.h>
| #else
| # ifdef HAVE_STDLIB_H
| #  include <stdlib.h>
| # endif
| #endif
| #ifdef HAVE_STRING_H
| # if !defined STDC_HEADERS && defined HAVE_MEMORY_H
| #  include <memory.h>
| # endif
| # include <string.h>
| #endif
| #ifdef HAVE_STRINGS_H
| # include <strings.h>
| #endif
| #ifdef HAVE_INTTYPES_H
| # include <inttypes.h>
| #endif
| #ifdef HAVE_STDINT_H
| # include <stdint.h>
| #endif
| #ifdef HAVE_UNISTD_H
| # include <unistd.h>
| #endif
| int
| main ()
| {
| if (sizeof ((uint8_t)))
| 	  return 0;
|   ;
|   return 0;
| }
configure:11560: result: yes
configure:11570: checking for uint16_t
configure:11598: clang -c -fPIC  conftest.c >&5
configure:11605: $? = 0
configure:11632: clang -c -fPIC  conftest.c >&5
conftest.c:62:23: error: expected expression
if (sizeof ((uint16_t)))
                      ^
1 error generated.
configure:11639: $? = 1
configure: failed program was:
| /* confdefs.h.  */
| #define PACKAGE_NAME "sqlite"
| #define PACKAGE_TARNAME "sqlite"
| #define PACKAGE_VERSION "3.8.10.1"
| #define PACKAGE_STRING "sqlite 3.8.10.1"
| #define PACKAGE_BUGREPORT ""
| #define STDC_HEADERS 1
| #define HAVE_SYS_TYPES_H 1
| #define HAVE_SYS_STAT_H 1
| #define HAVE_STDLIB_H 1
| #define HAVE_STRING_H 1
| #define HAVE_MEMORY_H 1
| #define HAVE_STRINGS_H 1
| #define HAVE_INTTYPES_H 1
| #define HAVE_STDINT_H 1
| #define HAVE_UNISTD_H 1
| #define HAVE_DLFCN_H 1
| #define LT_OBJDIR ".libs/"
| #define HAVE_INT8_T 1
| #define HAVE_INT16_T 1
| #define HAVE_INT32_T 1
| #define HAVE_INT64_T 1
| #define HAVE_INTPTR_T 1
| #define HAVE_UINT8_T 1
| /* end confdefs.h.  */
| #include <stdio.h>
| #ifdef HAVE_SYS_TYPES_H
| # include <sys/types.h>
| #endif
| #ifdef HAVE_SYS_STAT_H
| # include <sys/stat.h>
| #endif
| #ifdef STDC_HEADERS
| # include <stdlib.h>
| # include <stddef.h>
| #else
| # ifdef HAVE_STDLIB_H
| #  include <stdlib.h>
| # endif
| #endif
| #ifdef HAVE_STRING_H
| # if !defined STDC_HEADERS && defined HAVE_MEMORY_H
| #  include <memory.h>
| # endif
| # include <string.h>
| #endif
| #ifdef HAVE_STRINGS_H
| # include <strings.h>
| #endif
| #ifdef HAVE_INTTYPES_H
| # include <inttypes.h>
| #endif
| #ifdef HAVE_STDINT_H
| # include <stdint.h>
| #endif
| #ifdef HAVE_UNISTD_H
| # include <unistd.h>
| #endif
| int
| main ()
| {
| if (sizeof ((uint16_t)))
| 	  return 0;
|   ;
|   return 0;
| }
configure:11662: result: yes
configure:11672: checking for uint32_t
configure:11700: clang -c -fPIC  conftest.c >&5
configure:11707: $? = 0
configure:11734: clang -c -fPIC  conftest.c >&5
conftest.c:63:23: error: expected expression
if (sizeof ((uint32_t)))
                      ^
1 error generated.
configure:11741: $? = 1
configure: failed program was:
| /* confdefs.h.  */
| #define PACKAGE_NAME "sqlite"
| #define PACKAGE_TARNAME "sqlite"
| #define PACKAGE_VERSION "3.8.10.1"
| #define PACKAGE_STRING "sqlite 3.8.10.1"
| #define PACKAGE_BUGREPORT ""
| #define STDC_HEADERS 1
| #define HAVE_SYS_TYPES_H 1
| #define HAVE_SYS_STAT_H 1
| #define HAVE_STDLIB_H 1
| #define HAVE_STRING_H 1
| #define HAVE_MEMORY_H 1
| #define HAVE_STRINGS_H 1
| #define HAVE_INTTYPES_H 1
| #define HAVE_STDINT_H 1
| #define HAVE_UNISTD_H 1
| #define HAVE_DLFCN_H 1
| #define LT_OBJDIR ".libs/"
| #define HAVE_INT8_T 1
| #define HAVE_INT16_T 1
| #define HAVE_INT32_T 1
| #define HAVE_INT64_T 1
| #define HAVE_INTPTR_T 1
| #define HAVE_UINT8_T 1
| #define HAVE_UINT16_T 1
| /* end confdefs.h.  */
| #include <stdio.h>
| #ifdef HAVE_SYS_TYPES_H
| # include <sys/types.h>
| #endif
| #ifdef HAVE_SYS_STAT_H
| # include <sys/stat.h>
| #endif
| #ifdef STDC_HEADERS
| # include <stdlib.h>
| # include <stddef.h>
| #else
| # ifdef HAVE_STDLIB_H
| #  include <stdlib.h>
| # endif
| #endif
| #ifdef HAVE_STRING_H
| # if !defined STDC_HEADERS && defined HAVE_MEMORY_H
| #  include <memory.h>
| # endif
| # include <string.h>
| #endif
| #ifdef HAVE_STRINGS_H
| # include <strings.h>
| #endif
| #ifdef HAVE_INTTYPES_H
| # include <inttypes.h>
| #endif
| #ifdef HAVE_STDINT_H
| # include <stdint.h>
| #endif
| #ifdef HAVE_UNISTD_H
| # include <unistd.h>
| #endif
| int
| main ()
| {
| if (sizeof ((uint32_t)))
| 	  return 0;
|   ;
|   return 0;
| }
configure:11764: result: yes
configure:11774: checking for uint64_t
configure:11802: clang -c -fPIC  conftest.c >&5
configure:11809: $? = 0
configure:11836: clang -c -fPIC  conftest.c >&5
conftest.c:64:23: error: expected expression
if (sizeof ((uint64_t)))
                      ^
1 error generated.
configure:11843: $? = 1
configure: failed program was:
| /* confdefs.h.  */
| #define PACKAGE_NAME "sqlite"
| #define PACKAGE_TARNAME "sqlite"
| #define PACKAGE_VERSION "3.8.10.1"
| #define PACKAGE_STRING "sqlite 3.8.10.1"
| #define PACKAGE_BUGREPORT ""
| #define STDC_HEADERS 1
| #define HAVE_SYS_TYPES_H 1
| #define HAVE_SYS_STAT_H 1
| #define HAVE_STDLIB_H 1
| #define HAVE_STRING_H 1
| #define HAVE_MEMORY_H 1
| #define HAVE_STRINGS_H 1
| #define HAVE_INTTYPES_H 1
| #define HAVE_STDINT_H 1
| #define HAVE_UNISTD_H 1
| #define HAVE_DLFCN_H 1
| #define LT_OBJDIR ".libs/"
| #define HAVE_INT8_T 1
| #define HAVE_INT16_T 1
| #define HAVE_INT32_T 1
| #define HAVE_INT64_T 1
| #define HAVE_INTPTR_T 1
| #define HAVE_UINT8_T 1
| #define HAVE_UINT16_T 1
| #define HAVE_UINT32_T 1
| /* end confdefs.h.  */
| #include <stdio.h>
| #ifdef HAVE_SYS_TYPES_H
| # include <sys/types.h>
| #endif
| #ifdef HAVE_SYS_STAT_H
| # include <sys/stat.h>
| #endif
| #ifdef STDC_HEADERS
| # include <stdlib.h>
| # include <stddef.h>
| #else
| # ifdef HAVE_STDLIB_H
| #  include <stdlib.h>
| # endif
| #endif
| #ifdef HAVE_STRING_H
| # if !defined STDC_HEADERS && defined HAVE_MEMORY_H
| #  include <memory.h>
| # endif
| # include <string.h>
| #endif
| #ifdef HAVE_STRINGS_H
| # include <strings.h>
| #endif
| #ifdef HAVE_INTTYPES_H
| # include <inttypes.h>
| #endif
| #ifdef HAVE_STDINT_H
| # include <stdint.h>
| #endif
| #ifdef HAVE_UNISTD_H
| # include <unistd.h>
| #endif
| int
| main ()
| {
| if (sizeof ((uint64_t)))
| 	  return 0;
|   ;
|   return 0;
| }
configure:11866: result: yes
configure:11876: checking for uintptr_t
configure:11904: clang -c -fPIC  conftest.c >&5
configure:11911: $? = 0
configure:11938: clang -c -fPIC  conftest.c >&5
conftest.c:65:24: error: expected expression
if (sizeof ((uintptr_t)))
                       ^
1 error generated.
configure:11945: $? = 1
configure: failed program was:
| /* confdefs.h.  */
| #define PACKAGE_NAME "sqlite"
| #define PACKAGE_TARNAME "sqlite"
| #define PACKAGE_VERSION "3.8.10.1"
| #define PACKAGE_STRING "sqlite 3.8.10.1"
| #define PACKAGE_BUGREPORT ""
| #define STDC_HEADERS 1
| #define HAVE_SYS_TYPES_H 1
| #define HAVE_SYS_STAT_H 1
| #define HAVE_STDLIB_H 1
| #define HAVE_STRING_H 1
| #define HAVE_MEMORY_H 1
| #define HAVE_STRINGS_H 1
| #define HAVE_INTTYPES_H 1
| #define HAVE_STDINT_H 1
| #define HAVE_UNISTD_H 1
| #define HAVE_DLFCN_H 1
| #define LT_OBJDIR ".libs/"
| #define HAVE_INT8_T 1
| #define HAVE_INT16_T 1
| #define HAVE_INT32_T 1
| #define HAVE_INT64_T 1
| #define HAVE_INTPTR_T 1
| #define HAVE_UINT8_T 1
| #define HAVE_UINT16_T 1
| #define HAVE_UINT32_T 1
| #define HAVE_UINT64_T 1
| /* end confdefs.h.  */
| #include <stdio.h>
| #ifdef HAVE_SYS_TYPES_H
| # include <sys/types.h>
| #endif
| #ifdef HAVE_SYS_STAT_H
| # include <sys/stat.h>
| #endif
| #ifdef STDC_HEADERS
| # include <stdlib.h>
| # include <stddef.h>
| #else
| # ifdef HAVE_STDLIB_H
| #  include <stdlib.h>
| # endif
| #endif
| #ifdef HAVE_STRING_H
| # if !defined STDC_HEADERS && defined HAVE_MEMORY_H
| #  include <memory.h>
| # endif
| # include <string.h>
| #endif
| #ifdef HAVE_STRINGS_H
| # include <strings.h>
| #endif
| #ifdef HAVE_INTTYPES_H
| # include <inttypes.h>
| #endif
| #ifdef HAVE_STDINT_H
| # include <stdint.h>
| #endif
| #ifdef HAVE_UNISTD_H
| # include <unistd.h>
| #endif
| int
| main ()
| {
| if (sizeof ((uintptr_t)))
| 	  return 0;
|   ;
|   return 0;
| }
configure:11968: result: yes
configure:11991: checking for sys/types.h
configure:11998: result: yes
configure:11991: checking for stdlib.h
configure:11998: result: yes
configure:11991: checking for stdint.h
configure:11998: result: yes
configure:11991: checking for inttypes.h
configure:11998: result: yes
configure:12002: checking malloc.h usability
configure:12019: clang -c -fPIC  conftest.c >&5
configure:12026: $? = 0
configure:12040: result: yes
configure:12044: checking malloc.h presence
configure:12059: clang -E  conftest.c
configure:12066: $? = 0
configure:12080: result: yes
configure:12108: checking for malloc.h
configure:12117: result: yes
configure:12147: checking for fdatasync
configure:12203: clang -o conftest -fPIC  -fPIC conftest.c  >&5
configure:12210: $? = 0
configure:12232: result: yes
configure:12147: checking for gmtime_r
configure:12203: clang -o conftest -fPIC  -fPIC conftest.c  >&5
configure:12210: $? = 0
configure:12232: result: yes
configure:12147: checking for isnan
configure:12203: clang -o conftest -fPIC  -fPIC conftest.c  >&5
configure:12210: $? = 0
configure:12232: result: yes
configure:12147: checking for localtime_r
configure:12203: clang -o conftest -fPIC  -fPIC conftest.c  >&5
configure:12210: $? = 0
configure:12232: result: yes
configure:12147: checking for localtime_s
configure:12203: clang -o conftest -fPIC  -fPIC conftest.c  >&5
/tmp/conftest-29c3dd.o: In function `main':
conftest.c:(.text+0x12): undefined reference to `localtime_s'
clang: error: linker command failed with exit code 1 (use -v to see invocation)
configure:12210: $? = 1
configure: failed program was:
| /* confdefs.h.  */
| #define PACKAGE_NAME "sqlite"
| #define PACKAGE_TARNAME "sqlite"
| #define PACKAGE_VERSION "3.8.10.1"
| #define PACKAGE_STRING "sqlite 3.8.10.1"
| #define PACKAGE_BUGREPORT ""
| #define STDC_HEADERS 1
| #define HAVE_SYS_TYPES_H 1
| #define HAVE_SYS_STAT_H 1
| #define HAVE_STDLIB_H 1
| #define HAVE_STRING_H 1
| #define HAVE_MEMORY_H 1
| #define HAVE_STRINGS_H 1
| #define HAVE_INTTYPES_H 1
| #define HAVE_STDINT_H 1
| #define HAVE_UNISTD_H 1
| #define HAVE_DLFCN_H 1
| #define LT_OBJDIR ".libs/"
| #define HAVE_INT8_T 1
| #define HAVE_INT16_T 1
| #define HAVE_INT32_T 1
| #define HAVE_INT64_T 1
| #define HAVE_INTPTR_T 1
| #define HAVE_UINT8_T 1
| #define HAVE_UINT16_T 1
| #define HAVE_UINT32_T 1
| #define HAVE_UINT64_T 1
| #define HAVE_UINTPTR_T 1
| #define HAVE_SYS_TYPES_H 1
| #define HAVE_STDLIB_H 1
| #define HAVE_STDINT_H 1
| #define HAVE_INTTYPES_H 1
| #define HAVE_MALLOC_H 1
| #define HAVE_FDATASYNC 1
| #define HAVE_GMTIME_R 1
| #define HAVE_ISNAN 1
| #define HAVE_LOCALTIME_R 1
| /* end confdefs.h.  */
| /* Define localtime_s to an innocuous variant, in case <limits.h> declares localtime_s.
|    For example, HP-UX 11i <limits.h> declares gettimeofday.  */
| #define localtime_s innocuous_localtime_s
| 
| /* System header to define __stub macros and hopefully few prototypes,
|     which can conflict with char localtime_s (); below.
|     Prefer <limits.h> to <assert.h> if __STDC__ is defined, since
|     <limits.h> exists even on freestanding compilers.  */
| 
| #ifdef __STDC__
| # include <limits.h>
| #else
| # include <assert.h>
| #endif
| 
| #undef localtime_s
| 
| /* Override any GCC internal prototype to avoid an error.
|    Use char because int might match the return type of a GCC
|    builtin and then its argument prototype would still apply.  */
| #ifdef __cplusplus
| extern "C"
| #endif
| char localtime_s ();
| /* The GNU C library defines this for functions which it implements
|     to always fail with ENOSYS.  Some functions are actually named
|     something starting with __ and the normal name is an alias.  */
| #if defined __stub_localtime_s || defined __stub___localtime_s
| choke me
| #endif
| 
| int
| main ()
| {
| return localtime_s ();
|   ;
|   return 0;
| }
configure:12232: result: no
configure:12147: checking for malloc_usable_size
configure:12203: clang -o conftest -fPIC  -fPIC conftest.c  >&5
configure:12210: $? = 0
configure:12232: result: yes
configure:12147: checking for strchrnul
configure:12203: clang -o conftest -fPIC  -fPIC conftest.c  >&5
configure:12210: $? = 0
configure:12232: result: yes
configure:12147: checking for usleep
configure:12203: clang -o conftest -fPIC  -fPIC conftest.c  >&5
configure:12210: $? = 0
configure:12232: result: yes
configure:12147: checking for utime
configure:12203: clang -o conftest -fPIC  -fPIC conftest.c  >&5
configure:12210: $? = 0
configure:12232: result: yes
configure:12258: checking for tclsh8.6
configure:12274: found /usr/bin/tclsh8.6
configure:12285: result: tclsh8.6
configure:12326: Version set to 3.8
configure:12330: Release set to 3.8.10.1
configure:12336: Version number set to 3008010
configure:12408: checking whether to support threadsafe operation
configure:12416: result: yes
configure:12422: checking for library containing pthread_create
configure:12463: clang -o conftest -fPIC  -fPIC conftest.c  >&5
/tmp/conftest-c71fff.o: In function `main':
conftest.c:(.text+0x12): undefined reference to `pthread_create'
clang: error: linker command failed with exit code 1 (use -v to see invocation)
configure:12470: $? = 1
configure: failed program was:
| /* confdefs.h.  */
| #define PACKAGE_NAME "sqlite"
| #define PACKAGE_TARNAME "sqlite"
| #define PACKAGE_VERSION "3.8.10.1"
| #define PACKAGE_STRING "sqlite 3.8.10.1"
| #define PACKAGE_BUGREPORT ""
| #define STDC_HEADERS 1
| #define HAVE_SYS_TYPES_H 1
| #define HAVE_SYS_STAT_H 1
| #define HAVE_STDLIB_H 1
| #define HAVE_STRING_H 1
| #define HAVE_MEMORY_H 1
| #define HAVE_STRINGS_H 1
| #define HAVE_INTTYPES_H 1
| #define HAVE_STDINT_H 1
| #define HAVE_UNISTD_H 1
| #define HAVE_DLFCN_H 1
| #define LT_OBJDIR ".libs/"
| #define HAVE_INT8_T 1
| #define HAVE_INT16_T 1
| #define HAVE_INT32_T 1
| #define HAVE_INT64_T 1
| #define HAVE_INTPTR_T 1
| #define HAVE_UINT8_T 1
| #define HAVE_UINT16_T 1
| #define HAVE_UINT32_T 1
| #define HAVE_UINT64_T 1
| #define HAVE_UINTPTR_T 1
| #define HAVE_SYS_TYPES_H 1
| #define HAVE_STDLIB_H 1
| #define HAVE_STDINT_H 1
| #define HAVE_INTTYPES_H 1
| #define HAVE_MALLOC_H 1
| #define HAVE_FDATASYNC 1
| #define HAVE_GMTIME_R 1
| #define HAVE_ISNAN 1
| #define HAVE_LOCALTIME_R 1
| #define HAVE_MALLOC_USABLE_SIZE 1
| #define HAVE_STRCHRNUL 1
| #define HAVE_USLEEP 1
| #define HAVE_UTIME 1
| /* end confdefs.h.  */
| 
| /* Override any GCC internal prototype to avoid an error.
|    Use char because int might match the return type of a GCC
|    builtin and then its argument prototype would still apply.  */
| #ifdef __cplusplus
| extern "C"
| #endif
| char pthread_create ();
| int
| main ()
| {
| return pthread_create ();
|   ;
|   return 0;
| }
configure:12463: clang -o conftest -fPIC  -fPIC conftest.c -lpthread   >&5
configure:12470: $? = 0
configure:12501: result: -lpthread
configure:12521: checking whether to support shared library linked as release mode or not
configure:12525: result: no
configure:12544: checking whether to use an in-ram database for temporary tables
configure:12554: result: no
configure:12581: checking if executables have the .exe suffix
configure:12588: result: unknown
configure:12592: checking host system type
configure:12607: result: x86_64-unknown-linux-gnu
configure:12870: checking for library containing tgetent
configure:12911: clang -o conftest -fPIC -DSQLITE_OS_UNIX=1  -fPIC conftest.c  >&5
/tmp/conftest-d9e21f.o: In function `main':
conftest.c:(.text+0x12): undefined reference to `tgetent'
clang: error: linker command failed with exit code 1 (use -v to see invocation)
configure:12918: $? = 1
configure: failed program was:
| /* confdefs.h.  */
| #define PACKAGE_NAME "sqlite"
| #define PACKAGE_TARNAME "sqlite"
| #define PACKAGE_VERSION "3.8.10.1"
| #define PACKAGE_STRING "sqlite 3.8.10.1"
| #define PACKAGE_BUGREPORT ""
| #define STDC_HEADERS 1
| #define HAVE_SYS_TYPES_H 1
| #define HAVE_SYS_STAT_H 1
| #define HAVE_STDLIB_H 1
| #define HAVE_STRING_H 1
| #define HAVE_MEMORY_H 1
| #define HAVE_STRINGS_H 1
| #define HAVE_INTTYPES_H 1
| #define HAVE_STDINT_H 1
| #define HAVE_UNISTD_H 1
| #define HAVE_DLFCN_H 1
| #define LT_OBJDIR ".libs/"
| #define HAVE_INT8_T 1
| #define HAVE_INT16_T 1
| #define HAVE_INT32_T 1
| #define HAVE_INT64_T 1
| #define HAVE_INTPTR_T 1
| #define HAVE_UINT8_T 1
| #define HAVE_UINT16_T 1
| #define HAVE_UINT32_T 1
| #define HAVE_UINT64_T 1
| #define HAVE_UINTPTR_T 1
| #define HAVE_SYS_TYPES_H 1
| #define HAVE_STDLIB_H 1
| #define HAVE_STDINT_H 1
| #define HAVE_INTTYPES_H 1
| #define HAVE_MALLOC_H 1
| #define HAVE_FDATASYNC 1
| #define HAVE_GMTIME_R 1
| #define HAVE_ISNAN 1
| #define HAVE_LOCALTIME_R 1
| #define HAVE_MALLOC_USABLE_SIZE 1
| #define HAVE_STRCHRNUL 1
| #define HAVE_USLEEP 1
| #define HAVE_UTIME 1
| /* end confdefs.h.  */
| 
| /* Override any GCC internal prototype to avoid an error.
|    Use char because int might match the return type of a GCC
|    builtin and then its argument prototype would still apply.  */
| #ifdef __cplusplus
| extern "C"
| #endif
| char tgetent ();
| int
| main ()
| {
| return tgetent ();
|   ;
|   return 0;
| }
configure:12911: clang -o conftest -fPIC -DSQLITE_OS_UNIX=1  -fPIC conftest.c -lreadline   >&5
/usr/bin/ld: cannot find -lreadline
clang: error: linker command failed with exit code 1 (use -v to see invocation)
configure:12918: $? = 1
configure: failed program was:
| /* confdefs.h.  */
| #define PACKAGE_NAME "sqlite"
| #define PACKAGE_TARNAME "sqlite"
| #define PACKAGE_VERSION "3.8.10.1"
| #define PACKAGE_STRING "sqlite 3.8.10.1"
| #define PACKAGE_BUGREPORT ""
| #define STDC_HEADERS 1
| #define HAVE_SYS_TYPES_H 1
| #define HAVE_SYS_STAT_H 1
| #define HAVE_STDLIB_H 1
| #define HAVE_STRING_H 1
| #define HAVE_MEMORY_H 1
| #define HAVE_STRINGS_H 1
| #define HAVE_INTTYPES_H 1
| #define HAVE_STDINT_H 1
| #define HAVE_UNISTD_H 1
| #define HAVE_DLFCN_H 1
| #define LT_OBJDIR ".libs/"
| #define HAVE_INT8_T 1
| #define HAVE_INT16_T 1
| #define HAVE_INT32_T 1
| #define HAVE_INT64_T 1
| #define HAVE_INTPTR_T 1
| #define HAVE_UINT8_T 1
| #define HAVE_UINT16_T 1
| #define HAVE_UINT32_T 1
| #define HAVE_UINT64_T 1
| #define HAVE_UINTPTR_T 1
| #define HAVE_SYS_TYPES_H 1
| #define HAVE_STDLIB_H 1
| #define HAVE_STDINT_H 1
| #define HAVE_INTTYPES_H 1
| #define HAVE_MALLOC_H 1
| #define HAVE_FDATASYNC 1
| #define HAVE_GMTIME_R 1
| #define HAVE_ISNAN 1
| #define HAVE_LOCALTIME_R 1
| #define HAVE_MALLOC_USABLE_SIZE 1
| #define HAVE_STRCHRNUL 1
| #define HAVE_USLEEP 1
| #define HAVE_UTIME 1
| /* end confdefs.h.  */
| 
| /* Override any GCC internal prototype to avoid an error.
|    Use char because int might match the return type of a GCC
|    builtin and then its argument prototype would still apply.  */
| #ifdef __cplusplus
| extern "C"
| #endif
| char tgetent ();
| int
| main ()
| {
| return tgetent ();
|   ;
|   return 0;
| }
configure:12911: clang -o conftest -fPIC -DSQLITE_OS_UNIX=1  -fPIC conftest.c -lncurses   >&5
configure:12918: $? = 0
configure:12949: result: -lncurses
configure:12959: checking for readline in -lreadline
configure:12994: clang -o conftest -fPIC -DSQLITE_OS_UNIX=1  -fPIC conftest.c -lreadline  -lncurses  >&5
/usr/bin/ld: cannot find -lreadline
clang: error: linker command failed with exit code 1 (use -v to see invocation)
configure:13001: $? = 1
configure: failed program was:
| /* confdefs.h.  */
| #define PACKAGE_NAME "sqlite"
| #define PACKAGE_TARNAME "sqlite"
| #define PACKAGE_VERSION "3.8.10.1"
| #define PACKAGE_STRING "sqlite 3.8.10.1"
| #define PACKAGE_BUGREPORT ""
| #define STDC_HEADERS 1
| #define HAVE_SYS_TYPES_H 1
| #define HAVE_SYS_STAT_H 1
| #define HAVE_STDLIB_H 1
| #define HAVE_STRING_H 1
| #define HAVE_MEMORY_H 1
| #define HAVE_STRINGS_H 1
| #define HAVE_INTTYPES_H 1
| #define HAVE_STDINT_H 1
| #define HAVE_UNISTD_H 1
| #define HAVE_DLFCN_H 1
| #define LT_OBJDIR ".libs/"
| #define HAVE_INT8_T 1
| #define HAVE_INT16_T 1
| #define HAVE_INT32_T 1
| #define HAVE_INT64_T 1
| #define HAVE_INTPTR_T 1
| #define HAVE_UINT8_T 1
| #define HAVE_UINT16_T 1
| #define HAVE_UINT32_T 1
| #define HAVE_UINT64_T 1
| #define HAVE_UINTPTR_T 1
| #define HAVE_SYS_TYPES_H 1
| #define HAVE_STDLIB_H 1
| #define HAVE_STDINT_H 1
| #define HAVE_INTTYPES_H 1
| #define HAVE_MALLOC_H 1
| #define HAVE_FDATASYNC 1
| #define HAVE_GMTIME_R 1
| #define HAVE_ISNAN 1
| #define HAVE_LOCALTIME_R 1
| #define HAVE_MALLOC_USABLE_SIZE 1
| #define HAVE_STRCHRNUL 1
| #define HAVE_USLEEP 1
| #define HAVE_UTIME 1
| /* end confdefs.h.  */
| 
| /* Override any GCC internal prototype to avoid an error.
|    Use char because int might match the return type of a GCC
|    builtin and then its argument prototype would still apply.  */
| #ifdef __cplusplus
| extern "C"
| #endif
| char readline ();
| int
| main ()
| {
| return readline ();
|   ;
|   return 0;
| }
configure:13022: result: no
configure:13055: checking readline.h usability
configure:13072: clang -c -fPIC -DSQLITE_OS_UNIX=1  conftest.c >&5
conftest.c:76:10: fatal error: 'readline.h' file not found
#include <readline.h>
         ^
1 error generated.
configure:13079: $? = 1
configure: failed program was:
| /* confdefs.h.  */
| #define PACKAGE_NAME "sqlite"
| #define PACKAGE_TARNAME "sqlite"
| #define PACKAGE_VERSION "3.8.10.1"
| #define PACKAGE_STRING "sqlite 3.8.10.1"
| #define PACKAGE_BUGREPORT ""
| #define STDC_HEADERS 1
| #define HAVE_SYS_TYPES_H 1
| #define HAVE_SYS_STAT_H 1
| #define HAVE_STDLIB_H 1
| #define HAVE_STRING_H 1
| #define HAVE_MEMORY_H 1
| #define HAVE_STRINGS_H 1
| #define HAVE_INTTYPES_H 1
| #define HAVE_STDINT_H 1
| #define HAVE_UNISTD_H 1
| #define HAVE_DLFCN_H 1
| #define LT_OBJDIR ".libs/"
| #define HAVE_INT8_T 1
| #define HAVE_INT16_T 1
| #define HAVE_INT32_T 1
| #define HAVE_INT64_T 1
| #define HAVE_INTPTR_T 1
| #define HAVE_UINT8_T 1
| #define HAVE_UINT16_T 1
| #define HAVE_UINT32_T 1
| #define HAVE_UINT64_T 1
| #define HAVE_UINTPTR_T 1
| #define HAVE_SYS_TYPES_H 1
| #define HAVE_STDLIB_H 1
| #define HAVE_STDINT_H 1
| #define HAVE_INTTYPES_H 1
| #define HAVE_MALLOC_H 1
| #define HAVE_FDATASYNC 1
| #define HAVE_GMTIME_R 1
| #define HAVE_ISNAN 1
| #define HAVE_LOCALTIME_R 1
| #define HAVE_MALLOC_USABLE_SIZE 1
| #define HAVE_STRCHRNUL 1
| #define HAVE_USLEEP 1
| #define HAVE_UTIME 1
| /* end confdefs.h.  */
| #include <stdio.h>
| #ifdef HAVE_SYS_TYPES_H
| # include <sys/types.h>
| #endif
| #ifdef HAVE_SYS_STAT_H
| # include <sys/stat.h>
| #endif
| #ifdef STDC_HEADERS
| # include <stdlib.h>
| # include <stddef.h>
| #else
| # ifdef HAVE_STDLIB_H
| #  include <stdlib.h>
| # endif
| #endif
| #ifdef HAVE_STRING_H
| # if !defined STDC_HEADERS && defined HAVE_MEMORY_H
| #  include <memory.h>
| # endif
| # include <string.h>
| #endif
| #ifdef HAVE_STRINGS_H
| # include <strings.h>
| #endif
| #ifdef HAVE_INTTYPES_H
| # include <inttypes.h>
| #endif
| #ifdef HAVE_STDINT_H
| # include <stdint.h>
| #endif
| #ifdef HAVE_UNISTD_H
| # include <unistd.h>
| #endif
| #include <readline.h>
configure:13093: result: no
configure:13097: checking readline.h presence
configure:13112: clang -E  conftest.c
conftest.c:43:10: fatal error: 'readline.h' file not found
#include <readline.h>
         ^
1 error generated.
configure:13119: $? = 1
configure: failed program was:
| /* confdefs.h.  */
| #define PACKAGE_NAME "sqlite"
| #define PACKAGE_TARNAME "sqlite"
| #define PACKAGE_VERSION "3.8.10.1"
| #define PACKAGE_STRING "sqlite 3.8.10.1"
| #define PACKAGE_BUGREPORT ""
| #define STDC_HEADERS 1
| #define HAVE_SYS_TYPES_H 1
| #define HAVE_SYS_STAT_H 1
| #define HAVE_STDLIB_H 1
| #define HAVE_STRING_H 1
| #define HAVE_MEMORY_H 1
| #define HAVE_STRINGS_H 1
| #define HAVE_INTTYPES_H 1
| #define HAVE_STDINT_H 1
| #define HAVE_UNISTD_H 1
| #define HAVE_DLFCN_H 1
| #define LT_OBJDIR ".libs/"
| #define HAVE_INT8_T 1
| #define HAVE_INT16_T 1
| #define HAVE_INT32_T 1
| #define HAVE_INT64_T 1
| #define HAVE_INTPTR_T 1
| #define HAVE_UINT8_T 1
| #define HAVE_UINT16_T 1
| #define HAVE_UINT32_T 1
| #define HAVE_UINT64_T 1
| #define HAVE_UINTPTR_T 1
| #define HAVE_SYS_TYPES_H 1
| #define HAVE_STDLIB_H 1
| #define HAVE_STDINT_H 1
| #define HAVE_INTTYPES_H 1
| #define HAVE_MALLOC_H 1
| #define HAVE_FDATASYNC 1
| #define HAVE_GMTIME_R 1
| #define HAVE_ISNAN 1
| #define HAVE_LOCALTIME_R 1
| #define HAVE_MALLOC_USABLE_SIZE 1
| #define HAVE_STRCHRNUL 1
| #define HAVE_USLEEP 1
| #define HAVE_UTIME 1
| /* end confdefs.h.  */
| #include <readline.h>
configure:13133: result: no
configure:13161: checking for readline.h
configure:13168: result: no
configure:13181: checking for /usr/include/readline.h
configure:13198: result: no
configure:13181: checking for /usr/include/readline/readline.h
configure:13198: result: no
configure:13181: checking for /usr/local/include/readline.h
configure:13198: result: no
configure:13181: checking for /usr/local/include/readline/readline.h
configure:13198: result: no
configure:13181: checking for /usr/local/readline/include/readline.h
configure:13198: result: no
configure:13181: checking for /usr/local/readline/include/readline/readline.h
configure:13198: result: no
configure:13181: checking for /usr/contrib/include/readline.h
configure:13198: result: no
configure:13181: checking for /usr/contrib/include/readline/readline.h
configure:13198: result: no
configure:13181: checking for /mingw/include/readline.h
configure:13198: result: no
configure:13181: checking for /mingw/include/readline/readline.h
configure:13198: result: no
configure:13238: checking for library containing fdatasync
configure:13279: clang -o conftest -fPIC -DSQLITE_OS_UNIX=1  -fPIC conftest.c -lpthread  >&5
configure:13286: $? = 0
configure:13317: result: none required
configure:13367: checking for library containing dlopen
configure:13408: clang -o conftest -fPIC -DSQLITE_OS_UNIX=1  -fPIC conftest.c -lpthread  >&5
/tmp/conftest-24e1a3.o: In function `main':
conftest.c:(.text+0x12): undefined reference to `dlopen'
clang: error: linker command failed with exit code 1 (use -v to see invocation)
configure:13415: $? = 1
configure: failed program was:
| /* confdefs.h.  */
| #define PACKAGE_NAME "sqlite"
| #define PACKAGE_TARNAME "sqlite"
| #define PACKAGE_VERSION "3.8.10.1"
| #define PACKAGE_STRING "sqlite 3.8.10.1"
| #define PACKAGE_BUGREPORT ""
| #define STDC_HEADERS 1
| #define HAVE_SYS_TYPES_H 1
| #define HAVE_SYS_STAT_H 1
| #define HAVE_STDLIB_H 1
| #define HAVE_STRING_H 1
| #define HAVE_MEMORY_H 1
| #define HAVE_STRINGS_H 1
| #define HAVE_INTTYPES_H 1
| #define HAVE_STDINT_H 1
| #define HAVE_UNISTD_H 1
| #define HAVE_DLFCN_H 1
| #define LT_OBJDIR ".libs/"
| #define HAVE_INT8_T 1
| #define HAVE_INT16_T 1
| #define HAVE_INT32_T 1
| #define HAVE_INT64_T 1
| #define HAVE_INTPTR_T 1
| #define HAVE_UINT8_T 1
| #define HAVE_UINT16_T 1
| #define HAVE_UINT32_T 1
| #define HAVE_UINT64_T 1
| #define HAVE_UINTPTR_T 1
| #define HAVE_SYS_TYPES_H 1
| #define HAVE_STDLIB_H 1
| #define HAVE_STDINT_H 1
| #define HAVE_INTTYPES_H 1
| #define HAVE_MALLOC_H 1
| #define HAVE_FDATASYNC 1
| #define HAVE_GMTIME_R 1
| #define HAVE_ISNAN 1
| #define HAVE_LOCALTIME_R 1
| #define HAVE_MALLOC_USABLE_SIZE 1
| #define HAVE_STRCHRNUL 1
| #define HAVE_USLEEP 1
| #define HAVE_UTIME 1
| /* end confdefs.h.  */
| 
| /* Override any GCC internal prototype to avoid an error.
|    Use char because int might match the return type of a GCC
|    builtin and then its argument prototype would still apply.  */
| #ifdef __cplusplus
| extern "C"
| #endif
| char dlopen ();
| int
| main ()
| {
| return dlopen ();
|   ;
|   return 0;
| }
configure:13408: clang -o conftest -fPIC -DSQLITE_OS_UNIX=1  -fPIC conftest.c -ldl  -lpthread  >&5
configure:13415: $? = 0
configure:13446: result: -ldl
configure:13639: creating ./config.status

## ---------------------- ##
## Running config.status. ##
## ---------------------- ##

This file was extended by sqlite config.status 3.8.10.1, which was
generated by GNU Autoconf 2.62.  Invocation command line was

  CONFIG_FILES    = 
  CONFIG_HEADERS  = 
  CONFIG_LINKS    = 
  CONFIG_COMMANDS = 
  $ ./config.status 

on LAPTOP-U0EVOPHL

config.status:1006: creating Makefile
config.status:1006: creating sqlite3.pc
config.status:1006: creating config.h
config.status:1240: executing libtool commands

## ---------------- ##
## Cache variables. ##
## ---------------- ##

ac_cv_build=x86_64-unknown-linux-gnu
ac_cv_c_compiler_gnu=yes
ac_cv_env_CC_set=set
ac_cv_env_CC_value=clang
ac_cv_env_CFLAGS_set=set
ac_cv_env_CFLAGS_value=-fPIC
ac_cv_env_CPPFLAGS_set=
ac_cv_env_CPPFLAGS_value=
ac_cv_env_CPP_set=
ac_cv_env_CPP_value=
ac_cv_env_LDFLAGS_set=set
ac_cv_env_LDFLAGS_value=-fPIC
ac_cv_env_LIBS_set=
ac_cv_env_LIBS_value=
ac_cv_env_TCLLIBDIR_set=
ac_cv_env_TCLLIBDIR_value=
ac_cv_env_build_alias_set=
ac_cv_env_build_alias_value=
ac_cv_env_host_alias_set=
ac_cv_env_host_alias_value=
ac_cv_env_target_alias_set=
ac_cv_env_target_alias_value=
ac_cv_file__mingw_include_readline_h=no
ac_cv_file__mingw_include_readline_readline_h=no
ac_cv_file__usr_contrib_include_readline_h=no
ac_cv_file__usr_contrib_include_readline_readline_h=no
ac_cv_file__usr_include_readline_h=no
ac_cv_file__usr_include_readline_readline_h=no
ac_cv_file__usr_local_include_readline_h=no
ac_cv_file__usr_local_include_readline_readline_h=no
ac_cv_file__usr_local_readline_include_readline_h=no
ac_cv_file__usr_local_readline_include_readline_readline_h=no
ac_cv_func_fdatasync=yes
ac_cv_func_gmtime_r=yes
ac_cv_func_isnan=yes
ac_cv_func_localtime_r=yes
ac_cv_func_localtime_s=no
ac_cv_func_malloc_usable_size=yes
ac_cv_func_strchrnul=yes
ac_cv_func_usleep=yes
ac_cv_func_utime=yes
ac_cv_header_dlfcn_h=yes
ac_cv_header_inttypes_h=yes
ac_cv_header_malloc_h=yes
ac_cv_header_memory_h=yes
ac_cv_header_readline_h=no
ac_cv_header_stdc=yes
ac_cv_header_stdint_h=yes
ac_cv_header_stdlib_h=yes
ac_cv_header_string_h=yes
ac_cv_header_strings_h=yes
ac_cv_header_sys_stat_h=yes
ac_cv_header_sys_types_h=yes
ac_cv_header_unistd_h=yes
ac_cv_host=x86_64-unknown-linux-gnu
ac_cv_lib_readline_readline=no
ac_cv_objext=o
ac_cv_path_EGREP='/bin/grep -E'
ac_cv_path_FGREP='/bin/grep -F'
ac_cv_path_GREP=/bin/grep
ac_cv_path_SED=/bin/sed
ac_cv_path_install='/usr/bin/install -c'
ac_cv_prog_AWK=gawk
ac_cv_prog_CPP='clang -E'
ac_cv_prog_TCLSH_CMD=tclsh8.6
ac_cv_prog_ac_ct_AR=ar
ac_cv_prog_ac_ct_CC=clang
ac_cv_prog_ac_ct_OBJDUMP=objdump
ac_cv_prog_ac_ct_RANLIB=ranlib
ac_cv_prog_ac_ct_STRIP=strip
ac_cv_prog_cc_c89=
ac_cv_prog_cc_g=yes
ac_cv_search_dlopen=-ldl
ac_cv_search_fdatasync='none required'
ac_cv_search_pthread_create=-lpthread
ac_cv_search_tgetent=-lncurses
ac_cv_sys_file_offset_bits=no
ac_cv_sys_largefile_CC=no
ac_cv_type_int16_t=yes
ac_cv_type_int32_t=yes
ac_cv_type_int64_t=yes
ac_cv_type_int8_t=yes
ac_cv_type_intptr_t=yes
ac_cv_type_uint16_t=yes
ac_cv_type_uint32_t=yes
ac_cv_type_uint64_t=yes
ac_cv_type_uint8_t=yes
ac_cv_type_uintptr_t=yes
lt_cv_deplibs_check_method=pass_all
lt_cv_file_magic_cmd='$MAGIC_CMD'
lt_cv_file_magic_test_file=
lt_cv_ld_reload_flag=-r
lt_cv_nm_interface='BSD nm'
lt_cv_objdir=.libs
lt_cv_path_LD=/usr/bin/ld
lt_cv_path_NM='/usr/bin/nm -B'
lt_cv_prog_compiler_c_o=yes
lt_cv_prog_compiler_pic_works=yes
lt_cv_prog_compiler_rtti_exceptions=yes
lt_cv_prog_compiler_static_works=yes
lt_cv_prog_gnu_ld=yes
lt_cv_sys_global_symbol_pipe='sed -n -e '\''s/^.*[	 ]\([ABCDGIRSTW][ABCDGIRSTW]*\)[	 ][	 ]*\([_A-Za-z][_A-Za-z0-9]*\)$/\1 \2 \2/p'\'''
lt_cv_sys_global_symbol_to_c_name_address='sed -n -e '\''s/^: \([^ ]*\) $/  {\"\1\", (void *) 0},/p'\'' -e '\''s/^[ABCDGIRSTW]* \([^ ]*\) \([^ ]*\)$/  {"\2", (void *) \&\2},/p'\'''
lt_cv_sys_global_symbol_to_c_name_address_lib_prefix='sed -n -e '\''s/^: \([^ ]*\) $/  {\"\1\", (void *) 0},/p'\'' -e '\''s/^[ABCDGIRSTW]* \([^ ]*\) \(lib[^ ]*\)$/  {"\2", (void *) \&\2},/p'\'' -e '\''s/^[ABCDGIRSTW]* \([^ ]*\) \([^ ]*\)$/  {"lib\2", (void *) \&\2},/p'\'''
lt_cv_sys_global_symbol_to_cdecl='sed -n -e '\''s/^T .* \(.*\)$/extern int \1();/p'\'' -e '\''s/^[ABCDGIRSTW]* .* \(.*\)$/extern char \1;/p'\'''
lt_cv_sys_max_cmd_len=1572864

## ----------------- ##
## Output variables. ##
## ----------------- ##

ALLOWRELEASE=''
AR='ar'
AWK='gawk'
BUILD_CC='clang'
BUILD_CFLAGS=' -fPIC'
BUILD_EXEEXT=''
CC='clang'
CFLAGS=' -fPIC -DSQLITE_OS_UNIX=1'
CPP='clang -E'
CPPFLAGS=''
DEFS='-DHAVE_CONFIG_H'
DSYMUTIL=''
DUMPBIN=''
ECHO_C=''
ECHO_N='-n'
ECHO_T=''
EGREP='/bin/grep -E'
EXEEXT=''
FGREP='/bin/grep -F'
GREP='/bin/grep'
HAVE_TCL=''
INSTALL_DATA='${INSTALL} -m 644'
INSTALL_PROGRAM='${INSTALL}'
INSTALL_SCRIPT='${INSTALL}'
LD='/usr/bin/ld -m elf_x86_64'
LDFLAGS='-fPIC'
LIBOBJS=''
LIBS='-ldl -lpthread '
LIBTOOL='$(SHELL) $(top_builddir)/libtool'
LIPO=''
LN_S='ln -s'
LTLIBOBJS=''
NM='/usr/bin/nm -B'
NMEDIT=''
OBJDUMP='objdump'
OBJEXT='o'
OPT_FEATURE_FLAGS=''
OTOOL64=''
OTOOL=''
PACKAGE_BUGREPORT=''
PACKAGE_NAME='sqlite'
PACKAGE_STRING='sqlite 3.8.10.1'
PACKAGE_TARNAME='sqlite'
PACKAGE_VERSION='3.8.10.1'
PATH_SEPARATOR=':'
RANLIB='ranlib'
RELEASE='3.8.10.1'
SED='/bin/sed'
SHELL='/bin/bash'
SQLITE_OS_UNIX='1'
SQLITE_OS_WIN='0'
SQLITE_THREADSAFE='1'
STRIP='strip'
TARGET_DEBUG='-DNDEBUG'
TARGET_EXEEXT=''
TARGET_HAVE_READLINE='0'
TARGET_READLINE_INC=''
TARGET_READLINE_LIBS=''
TCLLIBDIR='/usr/share/tcltk/tcl8.6/sqlite3'
TCLSH_CMD='tclsh8.6'
TCL_BIN_DIR=''
TCL_INCLUDE_SPEC=''
TCL_LIB_FILE=''
TCL_LIB_FLAG=''
TCL_LIB_SPEC=''
TCL_SHLIB_SUFFIX=''
TCL_SRC_DIR=''
TCL_STUB_LIB_FILE=''
TCL_STUB_LIB_FLAG=''
TCL_STUB_LIB_SPEC=''
TCL_VERSION=''
TEMP_STORE='1'
USE_AMALGAMATION='1'
USE_GCOV='0'
VERSION='3.8'
VERSION_NUMBER='3008010'
ac_ct_CC='clang'
ac_ct_DUMPBIN=''
bindir='${exec_prefix}/bin'
build='x86_64-unknown-linux-gnu'
build_alias=''
build_cpu='x86_64'
build_os='linux-gnu'
build_vendor='unknown'
datadir='${datarootdir}'
datarootdir='${prefix}/share'
docdir='${datarootdir}/doc/${PACKAGE_TARNAME}'
dvidir='${docdir}'
exec_prefix='${prefix}'
host='x86_64-unknown-linux-gnu'
host_alias=''
host_cpu='x86_64'
host_os='linux-gnu'
host_vendor='unknown'
htmldir='${docdir}'
includedir='${prefix}/include'
infodir='${datarootdir}/info'
libdir='${exec_prefix}/lib'
libexecdir='${exec_prefix}/libexec'
localedir='${datarootdir}/locale'
localstatedir='${prefix}/var'
lt_ECHO='echo'
mandir='${datarootdir}/man'
oldincludedir='/usr/include'
pdfdir='${docdir}'
prefix='/mnt/c/Github/metal/ct/install'
program_prefix=''
program_transform_name='s,x,x,'
psdir='${docdir}'
sbindir='${exec_prefix}/sbin'
sharedstatedir='${prefix}/com'
sysconfdir='${prefix}/etc'
target_alias=''

## ----------- ##
## confdefs.h. ##
## ----------- ##

#define PACKAGE_NAME "sqlite"
#define PACKAGE_TARNAME "sqlite"
#define PACKAGE_VERSION "3.8.10.1"
#define PACKAGE_STRING "sqlite 3.8.10.1"
#define PACKAGE_BUGREPORT ""
#define STDC_HEADERS 1
#define HAVE_SYS_TYPES_H 1
#define HAVE_SYS_STAT_H 1
#define HAVE_STDLIB_H 1
#define HAVE_STRING_H 1
#define HAVE_MEMORY_H 1
#define HAVE_STRINGS_H 1
#define HAVE_INTTYPES_H 1
#define HAVE_STDINT_H 1
#define HAVE_UNISTD_H 1
#define HAVE_DLFCN_H 1
#define LT_OBJDIR ".libs/"
#define HAVE_INT8_T 1
#define HAVE_INT16_T 1
#define HAVE_INT32_T 1
#define HAVE_INT64_T 1
#define HAVE_INTPTR_T 1
#define HAVE_UINT8_T 1
#define HAVE_UINT16_T 1
#define HAVE_UINT32_T 1
#define HAVE_UINT64_T 1
#define HAVE_UINTPTR_T 1
#define HAVE_SYS_TYPES_H 1
#define HAVE_STDLIB_H 1
#define HAVE_STDINT_H 1
#define HAVE_INTTYPES_H 1
#define HAVE_MALLOC_H 1
#define HAVE_FDATASYNC 1
#define HAVE_GMTIME_R 1
#define HAVE_ISNAN 1
#define HAVE_LOCALTIME_R 1
#define HAVE_MALLOC_USABLE_SIZE 1
#define HAVE_STRCHRNUL 1
#define HAVE_USLEEP 1
#define HAVE_UTIME 1

configure: exit 0
